<!doctype html>
<html lang="en"><head><meta charSet="utf-8"/><meta http-equiv="X-UA-Compatible" content="IE=edge"/><meta name="viewport" content="width=device-width, initial-scale=1"/><title>Mochawesome Report</title><link rel="stylesheet" href="assets\app.css"/></head><body data-raw="{&quot;stats&quot;:{&quot;suites&quot;:4,&quot;tests&quot;:31,&quot;passes&quot;:0,&quot;pending&quot;:0,&quot;failures&quot;:31,&quot;start&quot;:&quot;2023-05-12T07:52:43.862Z&quot;,&quot;end&quot;:&quot;2023-05-12T07:53:33.452Z&quot;,&quot;duration&quot;:49590,&quot;testsRegistered&quot;:31,&quot;passPercent&quot;:0,&quot;pendingPercent&quot;:0,&quot;other&quot;:0,&quot;hasOther&quot;:false,&quot;skipped&quot;:0,&quot;hasSkipped&quot;:false},&quot;results&quot;:[{&quot;uuid&quot;:&quot;4a7ea28f-8dcc-4405-9642-c509686f363f&quot;,&quot;title&quot;:&quot;&quot;,&quot;fullFile&quot;:&quot;cypress/integration/bus2/bus2.spec.js&quot;,&quot;file&quot;:&quot;cypress/integration/bus2/bus2.spec.js&quot;,&quot;beforeHooks&quot;:[],&quot;afterHooks&quot;:[],&quot;tests&quot;:[],&quot;suites&quot;:[{&quot;uuid&quot;:&quot;36aefd56-2520-4127-8ed0-f0ae4715e664&quot;,&quot;title&quot;:&quot;ProcessingFee&quot;,&quot;fullFile&quot;:&quot;&quot;,&quot;file&quot;:&quot;&quot;,&quot;beforeHooks&quot;:[],&quot;afterHooks&quot;:[],&quot;tests&quot;:[{&quot;title&quot;:&quot;Login With Mobile Number&quot;,&quot;fullTitle&quot;:&quot;ProcessingFee Login With Mobile Number&quot;,&quot;duration&quot;:7906,&quot;state&quot;:&quot;failed&quot;,&quot;pass&quot;:false,&quot;fail&quot;:true,&quot;pending&quot;:false,&quot;code&quot;:&quot;const DBurl = \&quot;https://gt1vbgrgml.execute-api.ap-south-1.amazonaws.com/Automation/qsometest\&quot;;\nconst mobilenum = \&quot;9611496051\&quot;;\nconst dbip = \&quot;10.105.60.186\&quot;;\ncy.visit(&#x27;/login&#x27;, {\n  failOnStatusCode: false\n});\ncy.log(&#x27;navigated to login page&#x27;);\ncy.contains(&#x27;span&#x27;, &#x27;Login/Signup with Mobile&#x27;).click({\n  force: true\n});\ncy.url().should(&#x27;include&#x27;, &#x27;/loginwithmob/mobileform&#x27;);\ncy.get(&#x27;input&#x27;).should(&#x27;be.visible&#x27;).and(&#x27;have.attr&#x27;, &#x27;placeholder&#x27;, &#x27;10 digit mobile number&#x27;).and(&#x27;have.attr&#x27;, &#x27;maxlength&#x27;, &#x27;10&#x27;).next().prev().type(mobilenum);\ncy.get(&#x27;[data-cy=\&quot;checkboxText\&quot;]&#x27;).click();\ncy.wait(1000);\ncy.get(&#x27;[data-cy=\&quot;app.components.Common.continue_btn_caps\&quot;]&#x27;).click();\ncy.wait(4000);\ncy.url().should(&#x27;include&#x27;, &#x27;/loginwithmob/otpvalidation&#x27;);\ncy.log(\&quot;DBurl :\&quot; + DBurl);\ncy.log(\&quot;mobilenum :\&quot; + mobilenum);\ncy.log(\&quot;dbip :\&quot; + dbip); //SELECT otp from yp_user_otp  WHERE sentTo =9611496051  order by id desc limit 10\nvar payload = {\n  \&quot;query\&quot;: \&quot;SELECT otp from `yp_user_otp` WHERE `sentTo` =&#x27;9611496051&#x27; order by id desc limit 1\&quot;,\n  \&quot;db_ip\&quot;: \&quot;10.105.60.186\&quot;\n};\ncy.log(payload);\ncy.wait(3000);\ncy.request(&#x27;POST&#x27;, &#x27;https://gt1vbgrgml.execute-api.ap-south-1.amazonaws.com/Automation/qsometest&#x27;, payload).then(resp =&gt; {\n  cy.wait(4000);\n  cy.log(resp.status);\n  cy.log(resp.body[&#x27;body&#x27;]);\n  cy.wait(1000);\n  const sixdigitotp = resp.body[&#x27;body&#x27;];\n  var rx = \&quot;\\\\d{6}\&quot;;\n  var otp = parseInt(sixdigitotp.match(rx));\n  cy.log(\&quot;OTP :\&quot; + otp);\n  cy.get(&#x27;input&#x27;).should(&#x27;be.enabled&#x27;).and(&#x27;have.attr&#x27;, &#x27;placeholder&#x27;, &#x27;Enter OTP Here&#x27;).click().type(otp);\n});\ncy.wait(2000);&quot;,&quot;err&quot;:{&quot;message&quot;:&quot;AssertionError: Timed out retrying after 4000ms: Expected to find element: ``, but never found it. Queried from element: &lt;input.sc-esjQYD.cVxNFY&gt;&quot;,&quot;estack&quot;:&quot;AssertionError: Timed out retrying after 4000ms: Expected to find element: ``, but never found it. Queried from element: &lt;input.sc-esjQYD.cVxNFY&gt;\n    at Context.eval (https://kbuatauto2app.kreditbee.dev/__cypress/tests?p=cypress\\integration\\bus2\\bus2.spec.js:310:136)&quot;},&quot;uuid&quot;:&quot;c637981e-87fc-45f6-9773-909f6cd00821&quot;,&quot;parentUUID&quot;:&quot;36aefd56-2520-4127-8ed0-f0ae4715e664&quot;,&quot;isHook&quot;:false,&quot;skipped&quot;:false},{&quot;title&quot;:&quot;KB-T45184 [Refer &amp; Earn] Verify the Redeem on Processing Fees popup page is redirected when the Processing Fees tab is clicked in Kreditbee points page&quot;,&quot;fullTitle&quot;:&quot;ProcessingFee KB-T45184 [Refer &amp; Earn] Verify the Redeem on Processing Fees popup page is redirected when the Processing Fees tab is clicked in Kreditbee points page&quot;,&quot;duration&quot;:495,&quot;state&quot;:&quot;failed&quot;,&quot;pass&quot;:false,&quot;fail&quot;:true,&quot;pending&quot;:false,&quot;code&quot;:&quot;cy.intercept(&#x27;**/home&#x27;, {\n  fixture: &#x27;home/homePage-RedeemPoints.json&#x27;\n});\ncy.intercept(&#x27;**/me/offers&#x27;, {\n  fixture: &#x27;accounts/referAndEarnPage-Available-RedeemPoints.json&#x27;\n});\ncy.visit(&#x27;/newhome&#x27;, {\n  failOnStatusCode: false\n});\n_HomePage.homePage.clickReferLabel();\n_referAndEarn.referAndEarn.clickRedeemPointsLabel();\n_KBPointsPage.kbPointsPage.verifyProcessingFeeLabel(&#x27;Processing Fees&#x27;); // kbPointsPage.clickProcessingFeeLabel()\n// redeemonProcessingFeePage.verifypageTile(&#x27;Redeem on Processing Fees&#x27;)\n// redeemonProcessingFeePage.verifyRedeemKBPointsText(&#x27;Redeem KreditBee points to get discount on processing fees while availing loan&#x27;)\n// redeemonProcessingFeePage.verifyOkButton(&#x27;OK&#x27;)&quot;,&quot;err&quot;:{&quot;message&quot;:&quot;Error: An error was thrown while processing a network event: A fixture file could not be found at any of the following paths:\n\n    &gt; cypress\\fixtures\\home\\homePage-RedeemPoints.json\n    &gt; cypress\\fixtures\\home\\homePage-RedeemPoints.json.[ext]\n\nCypress looked for these file extensions at the provided path:\n\n    &gt; .json, .js, .coffee, .html, .txt, .csv, .png, .jpg, .jpeg, .gif, .tif, .tiff, .zip\n\nProvide a path to an existing fixture file.&quot;,&quot;estack&quot;:&quot;Error: An error was thrown while processing a network event: A fixture file could not be found at any of the following paths:\n\n    &gt; cypress\\fixtures\\home\\homePage-RedeemPoints.json\n    &gt; cypress\\fixtures\\home\\homePage-RedeemPoints.json.[ext]\n\nCypress looked for these file extensions at the provided path:\n\n    &gt; .json, .js, .coffee, .html, .txt, .csv, .png, .jpg, .jpeg, .gif, .tif, .tiff, .zip\n\nProvide a path to an existing fixture file.\n    at Object.&lt;anonymous&gt; (C:\\Users\\vdpt0775\\AppData\\Local\\Cypress\\Cache\\9.7.0\\Cypress\\resources\\app\\packages\\server\\lib\\fixture.js:69:30)\n    at Object.tryCatcher (C:\\Users\\vdpt0775\\AppData\\Local\\Cypress\\Cache\\9.7.0\\Cypress\\resources\\app\\packages\\server\\node_modules\\bluebird\\js\\release\\util.js:16:23)\n    at Promise._settlePromiseFromHandler (C:\\Users\\vdpt0775\\AppData\\Local\\Cypress\\Cache\\9.7.0\\Cypress\\resources\\app\\packages\\server\\node_modules\\bluebird\\js\\release\\promise.js:547:31)\n    at Promise._settlePromise (C:\\Users\\vdpt0775\\AppData\\Local\\Cypress\\Cache\\9.7.0\\Cypress\\resources\\app\\packages\\server\\node_modules\\bluebird\\js\\release\\promise.js:604:18)\n    at Promise._settlePromise0 (C:\\Users\\vdpt0775\\AppData\\Local\\Cypress\\Cache\\9.7.0\\Cypress\\resources\\app\\packages\\server\\node_modules\\bluebird\\js\\release\\promise.js:649:10)\n    at Promise._settlePromises (C:\\Users\\vdpt0775\\AppData\\Local\\Cypress\\Cache\\9.7.0\\Cypress\\resources\\app\\packages\\server\\node_modules\\bluebird\\js\\release\\promise.js:729:18)\n    at Promise._fulfill (C:\\Users\\vdpt0775\\AppData\\Local\\Cypress\\Cache\\9.7.0\\Cypress\\resources\\app\\packages\\server\\node_modules\\bluebird\\js\\release\\promise.js:673:18)\n    at C:\\Users\\vdpt0775\\AppData\\Local\\Cypress\\Cache\\9.7.0\\Cypress\\resources\\app\\packages\\server\\node_modules\\bluebird\\js\\release\\nodeback.js:42:21\n    at f (C:\\Users\\vdpt0775\\AppData\\Local\\Cypress\\Cache\\9.7.0\\Cypress\\resources\\app\\node_modules\\once\\once.js:25:25)\n    at Glob.&lt;anonymous&gt; (C:\\Users\\vdpt0775\\AppData\\Local\\Cypress\\Cache\\9.7.0\\Cypress\\resources\\app\\packages\\server\\node_modules\\glob\\glob.js:151:7)\n    at Glob.emit (node:events:390:28)\n    at Glob._finish (C:\\Users\\vdpt0775\\AppData\\Local\\Cypress\\Cache\\9.7.0\\Cypress\\resources\\app\\packages\\server\\node_modules\\glob\\glob.js:197:8)\n    at done (C:\\Users\\vdpt0775\\AppData\\Local\\Cypress\\Cache\\9.7.0\\Cypress\\resources\\app\\packages\\server\\node_modules\\glob\\glob.js:182:14)\n    at Glob._processSimple2 (C:\\Users\\vdpt0775\\AppData\\Local\\Cypress\\Cache\\9.7.0\\Cypress\\resources\\app\\packages\\server\\node_modules\\glob\\glob.js:688:12)\n    at C:\\Users\\vdpt0775\\AppData\\Local\\Cypress\\Cache\\9.7.0\\Cypress\\resources\\app\\packages\\server\\node_modules\\glob\\glob.js:676:10\n    at Glob._stat2 (C:\\Users\\vdpt0775\\AppData\\Local\\Cypress\\Cache\\9.7.0\\Cypress\\resources\\app\\packages\\server\\node_modules\\glob\\glob.js:772:12)\n    at lstatcb_ (C:\\Users\\vdpt0775\\AppData\\Local\\Cypress\\Cache\\9.7.0\\Cypress\\resources\\app\\packages\\server\\node_modules\\glob\\glob.js:764:12)\n    at RES (C:\\Users\\vdpt0775\\AppData\\Local\\Cypress\\Cache\\9.7.0\\Cypress\\resources\\app\\node_modules\\inflight\\inflight.js:31:16)\n    at f (C:\\Users\\vdpt0775\\AppData\\Local\\Cypress\\Cache\\9.7.0\\Cypress\\resources\\app\\node_modules\\once\\once.js:25:25)\n    at callback (C:\\Users\\vdpt0775\\AppData\\Local\\Cypress\\Cache\\9.7.0\\Cypress\\resources\\app\\node_modules\\graceful-fs\\polyfills.js:299:20)\n    at FSReqCallback.oncomplete (node:fs:198:21)\n&quot;},&quot;uuid&quot;:&quot;36d73931-4200-42b4-b08a-5d53d4e9eb91&quot;,&quot;parentUUID&quot;:&quot;36aefd56-2520-4127-8ed0-f0ae4715e664&quot;,&quot;isHook&quot;:false,&quot;skipped&quot;:false},{&quot;title&quot;:&quot;KB-T45333 [Digital Gold Phase 3] Verify the Cash in Bank Account tab is not displayed in Kreditbee points page when redeem points config is disabled&quot;,&quot;fullTitle&quot;:&quot;ProcessingFee KB-T45333 [Digital Gold Phase 3] Verify the Cash in Bank Account tab is not displayed in Kreditbee points page when redeem points config is disabled&quot;,&quot;duration&quot;:445,&quot;state&quot;:&quot;failed&quot;,&quot;pass&quot;:false,&quot;fail&quot;:true,&quot;pending&quot;:false,&quot;code&quot;:&quot;cy.intercept(&#x27;**/home&#x27;, {\n  fixture: &#x27;home/homePage-Disbled-RedeemPoints.json&#x27;\n});\ncy.intercept(&#x27;**/myaccount&#x27;, {\n  fixture: &#x27;accounts/accountPage-RedeemPoints.json&#x27;\n});\ncy.intercept(&#x27;**/me/offers&#x27;, {\n  fixture: &#x27;accounts/referAndEarnPage-AvailablePointsZero.json&#x27;\n});\ncy.visit(&#x27;/newhome&#x27;, {\n  failOnStatusCode: false\n});\n_HomePage.homePage.clickMyAccountIcon();\n_AccountsPage.accountsPage.verifyReferandEarnText(&#x27;Refer &amp; Earn&#x27;);\n_AccountsPage.accountsPage.clickReferAndEarnText();\n_referAndEarn.referAndEarn.verifyRedeemPointsDesabledLabel();&quot;,&quot;err&quot;:{&quot;message&quot;:&quot;Error: An error was thrown while processing a network event: A fixture file could not be found at any of the following paths:\n\n    &gt; cypress\\fixtures\\home\\homePage-Disbled-RedeemPoints.json\n    &gt; cypress\\fixtures\\home\\homePage-Disbled-RedeemPoints.json.[ext]\n\nCypress looked for these file extensions at the provided path:\n\n    &gt; .json, .js, .coffee, .html, .txt, .csv, .png, .jpg, .jpeg, .gif, .tif, .tiff, .zip\n\nProvide a path to an existing fixture file.&quot;,&quot;estack&quot;:&quot;Error: An error was thrown while processing a network event: A fixture file could not be found at any of the following paths:\n\n    &gt; cypress\\fixtures\\home\\homePage-Disbled-RedeemPoints.json\n    &gt; cypress\\fixtures\\home\\homePage-Disbled-RedeemPoints.json.[ext]\n\nCypress looked for these file extensions at the provided path:\n\n    &gt; .json, .js, .coffee, .html, .txt, .csv, .png, .jpg, .jpeg, .gif, .tif, .tiff, .zip\n\nProvide a path to an existing fixture file.\n    at Object.&lt;anonymous&gt; (C:\\Users\\vdpt0775\\AppData\\Local\\Cypress\\Cache\\9.7.0\\Cypress\\resources\\app\\packages\\server\\lib\\fixture.js:69:30)\n    at Object.tryCatcher (C:\\Users\\vdpt0775\\AppData\\Local\\Cypress\\Cache\\9.7.0\\Cypress\\resources\\app\\packages\\server\\node_modules\\bluebird\\js\\release\\util.js:16:23)\n    at Promise._settlePromiseFromHandler (C:\\Users\\vdpt0775\\AppData\\Local\\Cypress\\Cache\\9.7.0\\Cypress\\resources\\app\\packages\\server\\node_modules\\bluebird\\js\\release\\promise.js:547:31)\n    at Promise._settlePromise (C:\\Users\\vdpt0775\\AppData\\Local\\Cypress\\Cache\\9.7.0\\Cypress\\resources\\app\\packages\\server\\node_modules\\bluebird\\js\\release\\promise.js:604:18)\n    at Promise._settlePromise0 (C:\\Users\\vdpt0775\\AppData\\Local\\Cypress\\Cache\\9.7.0\\Cypress\\resources\\app\\packages\\server\\node_modules\\bluebird\\js\\release\\promise.js:649:10)\n    at Promise._settlePromises (C:\\Users\\vdpt0775\\AppData\\Local\\Cypress\\Cache\\9.7.0\\Cypress\\resources\\app\\packages\\server\\node_modules\\bluebird\\js\\release\\promise.js:729:18)\n    at Promise._fulfill (C:\\Users\\vdpt0775\\AppData\\Local\\Cypress\\Cache\\9.7.0\\Cypress\\resources\\app\\packages\\server\\node_modules\\bluebird\\js\\release\\promise.js:673:18)\n    at C:\\Users\\vdpt0775\\AppData\\Local\\Cypress\\Cache\\9.7.0\\Cypress\\resources\\app\\packages\\server\\node_modules\\bluebird\\js\\release\\nodeback.js:42:21\n    at f (C:\\Users\\vdpt0775\\AppData\\Local\\Cypress\\Cache\\9.7.0\\Cypress\\resources\\app\\node_modules\\once\\once.js:25:25)\n    at Glob.&lt;anonymous&gt; (C:\\Users\\vdpt0775\\AppData\\Local\\Cypress\\Cache\\9.7.0\\Cypress\\resources\\app\\packages\\server\\node_modules\\glob\\glob.js:151:7)\n    at Glob.emit (node:events:390:28)\n    at Glob._finish (C:\\Users\\vdpt0775\\AppData\\Local\\Cypress\\Cache\\9.7.0\\Cypress\\resources\\app\\packages\\server\\node_modules\\glob\\glob.js:197:8)\n    at done (C:\\Users\\vdpt0775\\AppData\\Local\\Cypress\\Cache\\9.7.0\\Cypress\\resources\\app\\packages\\server\\node_modules\\glob\\glob.js:182:14)\n    at Glob._processSimple2 (C:\\Users\\vdpt0775\\AppData\\Local\\Cypress\\Cache\\9.7.0\\Cypress\\resources\\app\\packages\\server\\node_modules\\glob\\glob.js:688:12)\n    at C:\\Users\\vdpt0775\\AppData\\Local\\Cypress\\Cache\\9.7.0\\Cypress\\resources\\app\\packages\\server\\node_modules\\glob\\glob.js:676:10\n    at Glob._stat2 (C:\\Users\\vdpt0775\\AppData\\Local\\Cypress\\Cache\\9.7.0\\Cypress\\resources\\app\\packages\\server\\node_modules\\glob\\glob.js:772:12)\n    at lstatcb_ (C:\\Users\\vdpt0775\\AppData\\Local\\Cypress\\Cache\\9.7.0\\Cypress\\resources\\app\\packages\\server\\node_modules\\glob\\glob.js:764:12)\n    at RES (C:\\Users\\vdpt0775\\AppData\\Local\\Cypress\\Cache\\9.7.0\\Cypress\\resources\\app\\node_modules\\inflight\\inflight.js:31:16)\n    at f (C:\\Users\\vdpt0775\\AppData\\Local\\Cypress\\Cache\\9.7.0\\Cypress\\resources\\app\\node_modules\\once\\once.js:25:25)\n    at callback (C:\\Users\\vdpt0775\\AppData\\Local\\Cypress\\Cache\\9.7.0\\Cypress\\resources\\app\\node_modules\\graceful-fs\\polyfills.js:299:20)\n    at FSReqCallback.oncomplete (node:fs:198:21)\n&quot;},&quot;uuid&quot;:&quot;f2d8ce36-09a6-4f92-9e11-09dd6d9c897b&quot;,&quot;parentUUID&quot;:&quot;36aefd56-2520-4127-8ed0-f0ae4715e664&quot;,&quot;isHook&quot;:false,&quot;skipped&quot;:false}],&quot;suites&quot;:[],&quot;passes&quot;:[],&quot;failures&quot;:[&quot;c637981e-87fc-45f6-9773-909f6cd00821&quot;,&quot;36d73931-4200-42b4-b08a-5d53d4e9eb91&quot;,&quot;f2d8ce36-09a6-4f92-9e11-09dd6d9c897b&quot;],&quot;pending&quot;:[],&quot;skipped&quot;:[],&quot;duration&quot;:8846,&quot;root&quot;:false,&quot;rootEmpty&quot;:false,&quot;_timeout&quot;:2000},{&quot;uuid&quot;:&quot;9cd6314a-378e-4dff-8764-47b7be1fe412&quot;,&quot;title&quot;:&quot;Basic Details&quot;,&quot;fullFile&quot;:&quot;&quot;,&quot;file&quot;:&quot;&quot;,&quot;beforeHooks&quot;:[],&quot;afterHooks&quot;:[],&quot;tests&quot;:[{&quot;title&quot;:&quot;KB-T21858 Check on clicking the basic information in profile information page&quot;,&quot;fullTitle&quot;:&quot;Basic Details KB-T21858 Check on clicking the basic information in profile information page&quot;,&quot;duration&quot;:443,&quot;state&quot;:&quot;failed&quot;,&quot;pass&quot;:false,&quot;fail&quot;:true,&quot;pending&quot;:false,&quot;code&quot;:&quot;cy.intercept(&#x27;**/main/home&#x27;, {\n  fixture: &#x27;home/homePage-basicGeneralInformation.json&#x27;\n});\ncy.intercept(&#x27;**/me/substateinfo&#x27;, {\n  fixture: &#x27;onBoarding/profile/generalInformationPage-substateInfo.json&#x27;\n});\ncy.intercept(&#x27;**/main/me&#x27;, {\n  fixture: &#x27;onBoarding/profile/generalInformationPage-me.json&#x27;\n});\ncy.intercept(&#x27;**/me?type=info&#x27;, {\n  fixture: &#x27;onBoarding/profile/generalInformationPage-TypeInfo.json&#x27;\n});\ncy.intercept(&#x27;**/main/misc/pincode?pincode=**&#x27;, {\n  fixture: &#x27;onBoarding/profile/generalInformationPage-pinCode.json&#x27;\n});\ncy.visit(&#x27;/newhome&#x27;, {\n  failOnStatusCode: false\n});\n_ApplicationStatusPage.applicationStatusPage.verifyContinueApplicationButton(&#x27;Continue Application&#x27;);\n_ApplicationStatusPage.applicationStatusPage.clickContinueApplicationButton();\n_ProfileInformationPage.profileInformationPage.verifyGeneralInformationlabel(&#x27;General Information&#x27;);\n_ProfileInformationPage.profileInformationPage.clickGeneralInformation();\n_GeneralInformationPage.generalInformationPage.clickSingleRadioButton();\n_GeneralInformationPage.generalInformationPage.verifyEducationDropDown();\n_GeneralInformationPage.generalInformationPage.clickEducationDropDown();\n_GeneralInformationPage.generalInformationPage.verifyEducationDropDownList();\n_GeneralInformationPage.generalInformationPage.clickEducationDropDownList();\n_GeneralInformationPage.generalInformationPage.verifyprofessionOrOccupationDropDown();\n_GeneralInformationPage.generalInformationPage.clickprofessionOrOccupationDropDown();\n_GeneralInformationPage.generalInformationPage.verifyProfessionOrOccupationDropDownLabel();\n_GeneralInformationPage.generalInformationPage.clickProfessionOrOccupationDropDownList();\n_GeneralInformationPage.generalInformationPage.verifyCommunicationAddressLabel(&#x27;COMMUNICATION ADDRESS&#x27;);\n_GeneralInformationPage.generalInformationPage.verifySameAsKYCDocumentCheckBox();\n_GeneralInformationPage.generalInformationPage.clickTypeOfResidenceDropDown();\n_GeneralInformationPage.generalInformationPage.verifyTypeOfResidenceDropDownList();\n_GeneralInformationPage.generalInformationPage.clickTypeOfResidenceDropDownList();\n_GeneralInformationPage.generalInformationPage.verifyContinuebutton(&#x27;Continue&#x27;);&quot;,&quot;err&quot;:{&quot;message&quot;:&quot;Error: An error was thrown while processing a network event: A fixture file could not be found at any of the following paths:\n\n    &gt; cypress\\fixtures\\home\\homePage-basicGeneralInformation.json\n    &gt; cypress\\fixtures\\home\\homePage-basicGeneralInformation.json.[ext]\n\nCypress looked for these file extensions at the provided path:\n\n    &gt; .json, .js, .coffee, .html, .txt, .csv, .png, .jpg, .jpeg, .gif, .tif, .tiff, .zip\n\nProvide a path to an existing fixture file.&quot;,&quot;estack&quot;:&quot;Error: An error was thrown while processing a network event: A fixture file could not be found at any of the following paths:\n\n    &gt; cypress\\fixtures\\home\\homePage-basicGeneralInformation.json\n    &gt; cypress\\fixtures\\home\\homePage-basicGeneralInformation.json.[ext]\n\nCypress looked for these file extensions at the provided path:\n\n    &gt; .json, .js, .coffee, .html, .txt, .csv, .png, .jpg, .jpeg, .gif, .tif, .tiff, .zip\n\nProvide a path to an existing fixture file.\n    at Object.&lt;anonymous&gt; (C:\\Users\\vdpt0775\\AppData\\Local\\Cypress\\Cache\\9.7.0\\Cypress\\resources\\app\\packages\\server\\lib\\fixture.js:69:30)\n    at Object.tryCatcher (C:\\Users\\vdpt0775\\AppData\\Local\\Cypress\\Cache\\9.7.0\\Cypress\\resources\\app\\packages\\server\\node_modules\\bluebird\\js\\release\\util.js:16:23)\n    at Promise._settlePromiseFromHandler (C:\\Users\\vdpt0775\\AppData\\Local\\Cypress\\Cache\\9.7.0\\Cypress\\resources\\app\\packages\\server\\node_modules\\bluebird\\js\\release\\promise.js:547:31)\n    at Promise._settlePromise (C:\\Users\\vdpt0775\\AppData\\Local\\Cypress\\Cache\\9.7.0\\Cypress\\resources\\app\\packages\\server\\node_modules\\bluebird\\js\\release\\promise.js:604:18)\n    at Promise._settlePromise0 (C:\\Users\\vdpt0775\\AppData\\Local\\Cypress\\Cache\\9.7.0\\Cypress\\resources\\app\\packages\\server\\node_modules\\bluebird\\js\\release\\promise.js:649:10)\n    at Promise._settlePromises (C:\\Users\\vdpt0775\\AppData\\Local\\Cypress\\Cache\\9.7.0\\Cypress\\resources\\app\\packages\\server\\node_modules\\bluebird\\js\\release\\promise.js:729:18)\n    at Promise._fulfill (C:\\Users\\vdpt0775\\AppData\\Local\\Cypress\\Cache\\9.7.0\\Cypress\\resources\\app\\packages\\server\\node_modules\\bluebird\\js\\release\\promise.js:673:18)\n    at C:\\Users\\vdpt0775\\AppData\\Local\\Cypress\\Cache\\9.7.0\\Cypress\\resources\\app\\packages\\server\\node_modules\\bluebird\\js\\release\\nodeback.js:42:21\n    at f (C:\\Users\\vdpt0775\\AppData\\Local\\Cypress\\Cache\\9.7.0\\Cypress\\resources\\app\\node_modules\\once\\once.js:25:25)\n    at Glob.&lt;anonymous&gt; (C:\\Users\\vdpt0775\\AppData\\Local\\Cypress\\Cache\\9.7.0\\Cypress\\resources\\app\\packages\\server\\node_modules\\glob\\glob.js:151:7)\n    at Glob.emit (node:events:390:28)\n    at Glob._finish (C:\\Users\\vdpt0775\\AppData\\Local\\Cypress\\Cache\\9.7.0\\Cypress\\resources\\app\\packages\\server\\node_modules\\glob\\glob.js:197:8)\n    at done (C:\\Users\\vdpt0775\\AppData\\Local\\Cypress\\Cache\\9.7.0\\Cypress\\resources\\app\\packages\\server\\node_modules\\glob\\glob.js:182:14)\n    at Glob._processSimple2 (C:\\Users\\vdpt0775\\AppData\\Local\\Cypress\\Cache\\9.7.0\\Cypress\\resources\\app\\packages\\server\\node_modules\\glob\\glob.js:688:12)\n    at C:\\Users\\vdpt0775\\AppData\\Local\\Cypress\\Cache\\9.7.0\\Cypress\\resources\\app\\packages\\server\\node_modules\\glob\\glob.js:676:10\n    at Glob._stat2 (C:\\Users\\vdpt0775\\AppData\\Local\\Cypress\\Cache\\9.7.0\\Cypress\\resources\\app\\packages\\server\\node_modules\\glob\\glob.js:772:12)\n    at lstatcb_ (C:\\Users\\vdpt0775\\AppData\\Local\\Cypress\\Cache\\9.7.0\\Cypress\\resources\\app\\packages\\server\\node_modules\\glob\\glob.js:764:12)\n    at RES (C:\\Users\\vdpt0775\\AppData\\Local\\Cypress\\Cache\\9.7.0\\Cypress\\resources\\app\\node_modules\\inflight\\inflight.js:31:16)\n    at f (C:\\Users\\vdpt0775\\AppData\\Local\\Cypress\\Cache\\9.7.0\\Cypress\\resources\\app\\node_modules\\once\\once.js:25:25)\n    at callback (C:\\Users\\vdpt0775\\AppData\\Local\\Cypress\\Cache\\9.7.0\\Cypress\\resources\\app\\node_modules\\graceful-fs\\polyfills.js:299:20)\n    at FSReqCallback.oncomplete (node:fs:198:21)\n&quot;},&quot;uuid&quot;:&quot;c58a722b-5482-4e00-aa8d-7ff4325a158e&quot;,&quot;parentUUID&quot;:&quot;9cd6314a-378e-4dff-8764-47b7be1fe412&quot;,&quot;isHook&quot;:false,&quot;skipped&quot;:false},{&quot;title&quot;:&quot;Verify whether the address fields will be displayed when the user unselects the same as the KYC document checkbox in current addresss section&quot;,&quot;fullTitle&quot;:&quot;Basic Details Verify whether the address fields will be displayed when the user unselects the same as the KYC document checkbox in current addresss section&quot;,&quot;duration&quot;:534,&quot;state&quot;:&quot;failed&quot;,&quot;pass&quot;:false,&quot;fail&quot;:true,&quot;pending&quot;:false,&quot;code&quot;:&quot;cy.intercept(&#x27;**/main/misc/pincode?pincode=**&#x27;, {\n  fixture: &#x27;onBoarding/profile/generalInformation-pincodeEnable.json&#x27;\n});\n_GeneralInformationPage.generalInformationPage.verifyPageTitle(&#x27;General Information&#x27;);\n_GeneralInformationPage.generalInformationPage.clickSameAsKYCDocumentCheckBox(); // generalInformationPage.verifyUploadAnAddressProofDocLink()\n\n_GeneralInformationPage.generalInformationPage.verifyAddressLine1Input(&#x27;&#x27;);\n_GeneralInformationPage.generalInformationPage.verifyAddressLine1Input(&#x27;&#x27;);&quot;,&quot;err&quot;:{&quot;message&quot;:&quot;Error: An error was thrown while processing a network event: A fixture file could not be found at any of the following paths:\n\n    &gt; cypress\\fixtures\\onBoarding\\profile\\generalInformation-pincodeEnable.json\n    &gt; cypress\\fixtures\\onBoarding\\profile\\generalInformation-pincodeEnable.json.[ext]\n\nCypress looked for these file extensions at the provided path:\n\n    &gt; .json, .js, .coffee, .html, .txt, .csv, .png, .jpg, .jpeg, .gif, .tif, .tiff, .zip\n\nProvide a path to an existing fixture file.&quot;,&quot;estack&quot;:&quot;Error: An error was thrown while processing a network event: A fixture file could not be found at any of the following paths:\n\n    &gt; cypress\\fixtures\\onBoarding\\profile\\generalInformation-pincodeEnable.json\n    &gt; cypress\\fixtures\\onBoarding\\profile\\generalInformation-pincodeEnable.json.[ext]\n\nCypress looked for these file extensions at the provided path:\n\n    &gt; .json, .js, .coffee, .html, .txt, .csv, .png, .jpg, .jpeg, .gif, .tif, .tiff, .zip\n\nProvide a path to an existing fixture file.\n    at Object.&lt;anonymous&gt; (C:\\Users\\vdpt0775\\AppData\\Local\\Cypress\\Cache\\9.7.0\\Cypress\\resources\\app\\packages\\server\\lib\\fixture.js:69:30)\n    at Object.tryCatcher (C:\\Users\\vdpt0775\\AppData\\Local\\Cypress\\Cache\\9.7.0\\Cypress\\resources\\app\\packages\\server\\node_modules\\bluebird\\js\\release\\util.js:16:23)\n    at Promise._settlePromiseFromHandler (C:\\Users\\vdpt0775\\AppData\\Local\\Cypress\\Cache\\9.7.0\\Cypress\\resources\\app\\packages\\server\\node_modules\\bluebird\\js\\release\\promise.js:547:31)\n    at Promise._settlePromise (C:\\Users\\vdpt0775\\AppData\\Local\\Cypress\\Cache\\9.7.0\\Cypress\\resources\\app\\packages\\server\\node_modules\\bluebird\\js\\release\\promise.js:604:18)\n    at Promise._settlePromise0 (C:\\Users\\vdpt0775\\AppData\\Local\\Cypress\\Cache\\9.7.0\\Cypress\\resources\\app\\packages\\server\\node_modules\\bluebird\\js\\release\\promise.js:649:10)\n    at Promise._settlePromises (C:\\Users\\vdpt0775\\AppData\\Local\\Cypress\\Cache\\9.7.0\\Cypress\\resources\\app\\packages\\server\\node_modules\\bluebird\\js\\release\\promise.js:729:18)\n    at Promise._fulfill (C:\\Users\\vdpt0775\\AppData\\Local\\Cypress\\Cache\\9.7.0\\Cypress\\resources\\app\\packages\\server\\node_modules\\bluebird\\js\\release\\promise.js:673:18)\n    at C:\\Users\\vdpt0775\\AppData\\Local\\Cypress\\Cache\\9.7.0\\Cypress\\resources\\app\\packages\\server\\node_modules\\bluebird\\js\\release\\nodeback.js:42:21\n    at f (C:\\Users\\vdpt0775\\AppData\\Local\\Cypress\\Cache\\9.7.0\\Cypress\\resources\\app\\node_modules\\once\\once.js:25:25)\n    at Glob.&lt;anonymous&gt; (C:\\Users\\vdpt0775\\AppData\\Local\\Cypress\\Cache\\9.7.0\\Cypress\\resources\\app\\packages\\server\\node_modules\\glob\\glob.js:151:7)\n    at Glob.emit (node:events:390:28)\n    at Glob._finish (C:\\Users\\vdpt0775\\AppData\\Local\\Cypress\\Cache\\9.7.0\\Cypress\\resources\\app\\packages\\server\\node_modules\\glob\\glob.js:197:8)\n    at done (C:\\Users\\vdpt0775\\AppData\\Local\\Cypress\\Cache\\9.7.0\\Cypress\\resources\\app\\packages\\server\\node_modules\\glob\\glob.js:182:14)\n    at Glob._processSimple2 (C:\\Users\\vdpt0775\\AppData\\Local\\Cypress\\Cache\\9.7.0\\Cypress\\resources\\app\\packages\\server\\node_modules\\glob\\glob.js:688:12)\n    at C:\\Users\\vdpt0775\\AppData\\Local\\Cypress\\Cache\\9.7.0\\Cypress\\resources\\app\\packages\\server\\node_modules\\glob\\glob.js:676:10\n    at Glob._stat2 (C:\\Users\\vdpt0775\\AppData\\Local\\Cypress\\Cache\\9.7.0\\Cypress\\resources\\app\\packages\\server\\node_modules\\glob\\glob.js:772:12)\n    at lstatcb_ (C:\\Users\\vdpt0775\\AppData\\Local\\Cypress\\Cache\\9.7.0\\Cypress\\resources\\app\\packages\\server\\node_modules\\glob\\glob.js:764:12)\n    at RES (C:\\Users\\vdpt0775\\AppData\\Local\\Cypress\\Cache\\9.7.0\\Cypress\\resources\\app\\node_modules\\inflight\\inflight.js:31:16)\n    at f (C:\\Users\\vdpt0775\\AppData\\Local\\Cypress\\Cache\\9.7.0\\Cypress\\resources\\app\\node_modules\\once\\once.js:25:25)\n    at callback (C:\\Users\\vdpt0775\\AppData\\Local\\Cypress\\Cache\\9.7.0\\Cypress\\resources\\app\\node_modules\\graceful-fs\\polyfills.js:299:20)\n    at FSReqCallback.oncomplete (node:fs:198:21)\n&quot;},&quot;uuid&quot;:&quot;4777d722-70e3-457e-9d58-7273d280b406&quot;,&quot;parentUUID&quot;:&quot;9cd6314a-378e-4dff-8764-47b7be1fe412&quot;,&quot;isHook&quot;:false,&quot;skipped&quot;:false},{&quot;title&quot;:&quot;KB-T45310 [Income Details] Check \&quot;we are accessing your eligibility\&quot; screen is displayed after submitting the income details&quot;,&quot;fullTitle&quot;:&quot;Basic Details KB-T45310 [Income Details] Check \&quot;we are accessing your eligibility\&quot; screen is displayed after submitting the income details&quot;,&quot;duration&quot;:709,&quot;state&quot;:&quot;failed&quot;,&quot;pass&quot;:false,&quot;fail&quot;:true,&quot;pending&quot;:false,&quot;code&quot;:&quot;cy.intercept(&#x27;**/misc/companies?p=1&amp;batchcount=100&amp;q=finnovation%20&#x27;, {\n  fixture: &#x27;onboarding/eligibility/SearchCompanyNamePage-CompanySearchResults.json&#x27;\n});\ncy.intercept(&#x27;**/me/profile/eligible&#x27;, {\n  fixture: &#x27;onboarding/profile/ApplicationStatusPage-LoanEligibilty.json&#x27;\n});\ncy.visit(&#x27;/eligibility/city&#x27;, {\n  failOnStatusCode: false\n});\n_IncomeDetailsPage.incomeDetailsPage.selectSalariedRb();\n_IncomeDetailsPage.incomeDetailsPage.enterSalaryOrIncome(30000);\n_IncomeDetailsPage.incomeDetailsPage.clickSelectEmploymentCompany();\n_SearchCompanyNamePage.searchCompanyNamePage.enterSearchCompanyName(&#x27;FINNOVATION TECH SOLUTIONS PRIVATE LIMITED&#x27;);\n_SearchCompanyNamePage.searchCompanyNamePage.clickFirstCompanyNameLabel();\n_IncomeDetailsPage.incomeDetailsPage.clickSubmitBtn();&quot;,&quot;err&quot;:{&quot;message&quot;:&quot;Error: An error was thrown while processing a network event: A fixture file could not be found at any of the following paths:\n\n    &gt; cypress\\fixtures\\onboarding\\eligibility\\SearchCompanyNamePage-CompanySearchResults.json\n    &gt; cypress\\fixtures\\onboarding\\eligibility\\SearchCompanyNamePage-CompanySearchResults.json.[ext]\n\nCypress looked for these file extensions at the provided path:\n\n    &gt; .json, .js, .coffee, .html, .txt, .csv, .png, .jpg, .jpeg, .gif, .tif, .tiff, .zip\n\nProvide a path to an existing fixture file.&quot;,&quot;estack&quot;:&quot;Error: An error was thrown while processing a network event: A fixture file could not be found at any of the following paths:\n\n    &gt; cypress\\fixtures\\onboarding\\eligibility\\SearchCompanyNamePage-CompanySearchResults.json\n    &gt; cypress\\fixtures\\onboarding\\eligibility\\SearchCompanyNamePage-CompanySearchResults.json.[ext]\n\nCypress looked for these file extensions at the provided path:\n\n    &gt; .json, .js, .coffee, .html, .txt, .csv, .png, .jpg, .jpeg, .gif, .tif, .tiff, .zip\n\nProvide a path to an existing fixture file.\n    at Object.&lt;anonymous&gt; (C:\\Users\\vdpt0775\\AppData\\Local\\Cypress\\Cache\\9.7.0\\Cypress\\resources\\app\\packages\\server\\lib\\fixture.js:69:30)\n    at Object.tryCatcher (C:\\Users\\vdpt0775\\AppData\\Local\\Cypress\\Cache\\9.7.0\\Cypress\\resources\\app\\packages\\server\\node_modules\\bluebird\\js\\release\\util.js:16:23)\n    at Promise._settlePromiseFromHandler (C:\\Users\\vdpt0775\\AppData\\Local\\Cypress\\Cache\\9.7.0\\Cypress\\resources\\app\\packages\\server\\node_modules\\bluebird\\js\\release\\promise.js:547:31)\n    at Promise._settlePromise (C:\\Users\\vdpt0775\\AppData\\Local\\Cypress\\Cache\\9.7.0\\Cypress\\resources\\app\\packages\\server\\node_modules\\bluebird\\js\\release\\promise.js:604:18)\n    at Promise._settlePromise0 (C:\\Users\\vdpt0775\\AppData\\Local\\Cypress\\Cache\\9.7.0\\Cypress\\resources\\app\\packages\\server\\node_modules\\bluebird\\js\\release\\promise.js:649:10)\n    at Promise._settlePromises (C:\\Users\\vdpt0775\\AppData\\Local\\Cypress\\Cache\\9.7.0\\Cypress\\resources\\app\\packages\\server\\node_modules\\bluebird\\js\\release\\promise.js:729:18)\n    at Promise._fulfill (C:\\Users\\vdpt0775\\AppData\\Local\\Cypress\\Cache\\9.7.0\\Cypress\\resources\\app\\packages\\server\\node_modules\\bluebird\\js\\release\\promise.js:673:18)\n    at C:\\Users\\vdpt0775\\AppData\\Local\\Cypress\\Cache\\9.7.0\\Cypress\\resources\\app\\packages\\server\\node_modules\\bluebird\\js\\release\\nodeback.js:42:21\n    at f (C:\\Users\\vdpt0775\\AppData\\Local\\Cypress\\Cache\\9.7.0\\Cypress\\resources\\app\\node_modules\\once\\once.js:25:25)\n    at Glob.&lt;anonymous&gt; (C:\\Users\\vdpt0775\\AppData\\Local\\Cypress\\Cache\\9.7.0\\Cypress\\resources\\app\\packages\\server\\node_modules\\glob\\glob.js:151:7)\n    at Glob.emit (node:events:390:28)\n    at Glob._finish (C:\\Users\\vdpt0775\\AppData\\Local\\Cypress\\Cache\\9.7.0\\Cypress\\resources\\app\\packages\\server\\node_modules\\glob\\glob.js:197:8)\n    at done (C:\\Users\\vdpt0775\\AppData\\Local\\Cypress\\Cache\\9.7.0\\Cypress\\resources\\app\\packages\\server\\node_modules\\glob\\glob.js:182:14)\n    at Glob._processSimple2 (C:\\Users\\vdpt0775\\AppData\\Local\\Cypress\\Cache\\9.7.0\\Cypress\\resources\\app\\packages\\server\\node_modules\\glob\\glob.js:688:12)\n    at C:\\Users\\vdpt0775\\AppData\\Local\\Cypress\\Cache\\9.7.0\\Cypress\\resources\\app\\packages\\server\\node_modules\\glob\\glob.js:676:10\n    at Glob._stat2 (C:\\Users\\vdpt0775\\AppData\\Local\\Cypress\\Cache\\9.7.0\\Cypress\\resources\\app\\packages\\server\\node_modules\\glob\\glob.js:772:12)\n    at lstatcb_ (C:\\Users\\vdpt0775\\AppData\\Local\\Cypress\\Cache\\9.7.0\\Cypress\\resources\\app\\packages\\server\\node_modules\\glob\\glob.js:764:12)\n    at RES (C:\\Users\\vdpt0775\\AppData\\Local\\Cypress\\Cache\\9.7.0\\Cypress\\resources\\app\\node_modules\\inflight\\inflight.js:31:16)\n    at f (C:\\Users\\vdpt0775\\AppData\\Local\\Cypress\\Cache\\9.7.0\\Cypress\\resources\\app\\node_modules\\once\\once.js:25:25)\n    at callback (C:\\Users\\vdpt0775\\AppData\\Local\\Cypress\\Cache\\9.7.0\\Cypress\\resources\\app\\node_modules\\graceful-fs\\polyfills.js:299:20)\n    at FSReqCallback.oncomplete (node:fs:198:21)\n&quot;},&quot;uuid&quot;:&quot;1b411534-3156-4724-98e2-4bcee427ad09&quot;,&quot;parentUUID&quot;:&quot;9cd6314a-378e-4dff-8764-47b7be1fe412&quot;,&quot;isHook&quot;:false,&quot;skipped&quot;:false},{&quot;title&quot;:&quot;KB-T49357 (1.0)Check whether the Father name field is displaying in references page when the Fathername_mandatory config = 0 in yp_config table&quot;,&quot;fullTitle&quot;:&quot;Basic Details KB-T49357 (1.0)Check whether the Father name field is displaying in references page when the Fathername_mandatory config = 0 in yp_config table&quot;,&quot;duration&quot;:682,&quot;state&quot;:&quot;failed&quot;,&quot;pass&quot;:false,&quot;fail&quot;:true,&quot;pending&quot;:false,&quot;code&quot;:&quot;cy.intercept(&#x27;**/home&#x27;, {\n  fixture: &#x27;onboarding/profile/referenceContacts-FatherNotPresentHomePage.json&#x27;\n});\ncy.intercept(&#x27;**/me/substateinfo&#x27;, {\n  fixture: &#x27;onboarding/profile/referenceContacts-FatherNotPresentSubstate.json&#x27;\n});\ncy.intercept(&#x27;**/me&#x27;, {\n  fixture: &#x27;onboarding/profile/referenceContacts-FatherNotPresentMe.json&#x27;\n});\ncy.visit(&#x27;/newhome&#x27;, {\n  failOnStatusCode: false\n});\n_ApplicationStatusPage.applicationStatusPage.clickContinueApplicationButton();\ncy.get(&#x27;[data-cy=\&quot;summaryItemTitle\&quot;]&#x27;).eq(3).click();\ncy.get(&#x27;[data-cy=\&quot;input_app.components.EmergencyContacts.ec_father_name_placeholder\&quot;]&#x27;).should(&#x27;not.exist&#x27;);&quot;,&quot;err&quot;:{&quot;message&quot;:&quot;Error: An error was thrown while processing a network event: A fixture file could not be found at any of the following paths:\n\n    &gt; cypress\\fixtures\\onboarding\\profile\\referenceContacts-FatherNotPresentHomePage.json\n    &gt; cypress\\fixtures\\onboarding\\profile\\referenceContacts-FatherNotPresentHomePage.json.[ext]\n\nCypress looked for these file extensions at the provided path:\n\n    &gt; .json, .js, .coffee, .html, .txt, .csv, .png, .jpg, .jpeg, .gif, .tif, .tiff, .zip\n\nProvide a path to an existing fixture file.&quot;,&quot;estack&quot;:&quot;Error: An error was thrown while processing a network event: A fixture file could not be found at any of the following paths:\n\n    &gt; cypress\\fixtures\\onboarding\\profile\\referenceContacts-FatherNotPresentHomePage.json\n    &gt; cypress\\fixtures\\onboarding\\profile\\referenceContacts-FatherNotPresentHomePage.json.[ext]\n\nCypress looked for these file extensions at the provided path:\n\n    &gt; .json, .js, .coffee, .html, .txt, .csv, .png, .jpg, .jpeg, .gif, .tif, .tiff, .zip\n\nProvide a path to an existing fixture file.\n    at Object.&lt;anonymous&gt; (C:\\Users\\vdpt0775\\AppData\\Local\\Cypress\\Cache\\9.7.0\\Cypress\\resources\\app\\packages\\server\\lib\\fixture.js:69:30)\n    at Object.tryCatcher (C:\\Users\\vdpt0775\\AppData\\Local\\Cypress\\Cache\\9.7.0\\Cypress\\resources\\app\\packages\\server\\node_modules\\bluebird\\js\\release\\util.js:16:23)\n    at Promise._settlePromiseFromHandler (C:\\Users\\vdpt0775\\AppData\\Local\\Cypress\\Cache\\9.7.0\\Cypress\\resources\\app\\packages\\server\\node_modules\\bluebird\\js\\release\\promise.js:547:31)\n    at Promise._settlePromise (C:\\Users\\vdpt0775\\AppData\\Local\\Cypress\\Cache\\9.7.0\\Cypress\\resources\\app\\packages\\server\\node_modules\\bluebird\\js\\release\\promise.js:604:18)\n    at Promise._settlePromise0 (C:\\Users\\vdpt0775\\AppData\\Local\\Cypress\\Cache\\9.7.0\\Cypress\\resources\\app\\packages\\server\\node_modules\\bluebird\\js\\release\\promise.js:649:10)\n    at Promise._settlePromises (C:\\Users\\vdpt0775\\AppData\\Local\\Cypress\\Cache\\9.7.0\\Cypress\\resources\\app\\packages\\server\\node_modules\\bluebird\\js\\release\\promise.js:729:18)\n    at Promise._fulfill (C:\\Users\\vdpt0775\\AppData\\Local\\Cypress\\Cache\\9.7.0\\Cypress\\resources\\app\\packages\\server\\node_modules\\bluebird\\js\\release\\promise.js:673:18)\n    at C:\\Users\\vdpt0775\\AppData\\Local\\Cypress\\Cache\\9.7.0\\Cypress\\resources\\app\\packages\\server\\node_modules\\bluebird\\js\\release\\nodeback.js:42:21\n    at f (C:\\Users\\vdpt0775\\AppData\\Local\\Cypress\\Cache\\9.7.0\\Cypress\\resources\\app\\node_modules\\once\\once.js:25:25)\n    at Glob.&lt;anonymous&gt; (C:\\Users\\vdpt0775\\AppData\\Local\\Cypress\\Cache\\9.7.0\\Cypress\\resources\\app\\packages\\server\\node_modules\\glob\\glob.js:151:7)\n    at Glob.emit (node:events:390:28)\n    at Glob._finish (C:\\Users\\vdpt0775\\AppData\\Local\\Cypress\\Cache\\9.7.0\\Cypress\\resources\\app\\packages\\server\\node_modules\\glob\\glob.js:197:8)\n    at done (C:\\Users\\vdpt0775\\AppData\\Local\\Cypress\\Cache\\9.7.0\\Cypress\\resources\\app\\packages\\server\\node_modules\\glob\\glob.js:182:14)\n    at Glob._processSimple2 (C:\\Users\\vdpt0775\\AppData\\Local\\Cypress\\Cache\\9.7.0\\Cypress\\resources\\app\\packages\\server\\node_modules\\glob\\glob.js:688:12)\n    at C:\\Users\\vdpt0775\\AppData\\Local\\Cypress\\Cache\\9.7.0\\Cypress\\resources\\app\\packages\\server\\node_modules\\glob\\glob.js:676:10\n    at Glob._stat2 (C:\\Users\\vdpt0775\\AppData\\Local\\Cypress\\Cache\\9.7.0\\Cypress\\resources\\app\\packages\\server\\node_modules\\glob\\glob.js:772:12)\n    at lstatcb_ (C:\\Users\\vdpt0775\\AppData\\Local\\Cypress\\Cache\\9.7.0\\Cypress\\resources\\app\\packages\\server\\node_modules\\glob\\glob.js:764:12)\n    at RES (C:\\Users\\vdpt0775\\AppData\\Local\\Cypress\\Cache\\9.7.0\\Cypress\\resources\\app\\node_modules\\inflight\\inflight.js:31:16)\n    at f (C:\\Users\\vdpt0775\\AppData\\Local\\Cypress\\Cache\\9.7.0\\Cypress\\resources\\app\\node_modules\\once\\once.js:25:25)\n    at callback (C:\\Users\\vdpt0775\\AppData\\Local\\Cypress\\Cache\\9.7.0\\Cypress\\resources\\app\\node_modules\\graceful-fs\\polyfills.js:299:20)\n    at FSReqCallback.oncomplete (node:fs:198:21)\n&quot;},&quot;uuid&quot;:&quot;6dfcd279-45b6-44c1-9367-d8926e358116&quot;,&quot;parentUUID&quot;:&quot;9cd6314a-378e-4dff-8764-47b7be1fe412&quot;,&quot;isHook&quot;:false,&quot;skipped&quot;:false},{&quot;title&quot;:&quot;KB-T49313 (1.0)Check user able to submit the eligibility when company input is enabled&quot;,&quot;fullTitle&quot;:&quot;Basic Details KB-T49313 (1.0)Check user able to submit the eligibility when company input is enabled&quot;,&quot;duration&quot;:595,&quot;state&quot;:&quot;failed&quot;,&quot;pass&quot;:false,&quot;fail&quot;:true,&quot;pending&quot;:false,&quot;code&quot;:&quot;cy.intercept(&#x27;**/me/eligible&#x27;, {\n  fixture: &#x27;onBoarding/eligibility/eligibility.json&#x27;\n});\ncy.intercept(&#x27;**/companies?p=**&#x27;, {\n  fixture: &#x27;onBoarding/eligibility/searchcompany.json&#x27;\n});\ncy.intercept(&#x27;**/misc/companies?p=1&amp;batchcount=100&amp;q=Finnovation&#x27;, {\n  fixture: &#x27;onBoarding/eligibility/firstCompanyName.json&#x27;\n});\ncy.intercept(&#x27;**/profile/eligible&#x27;, {\n  fixture: &#x27;onBoarding/eligibility/eligiblePending.json&#x27;\n});\ncy.visit(&#x27;/eligibility/city&#x27;, {\n  failOnStatusCode: false\n});\n_IncomeDetailsPage.incomeDetailsPage.selectSalariedRb();\n_IncomeDetailsPage.incomeDetailsPage.enterSalaryOrIncome(&#x27;50000&#x27;);\n_IncomeDetailsPage.incomeDetailsPage.clickSelectEmploymentCompany();\n_SearchCompanyNamePage.searchCompanyNamePage.enterSearchCompanyName(&#x27;FINNOVATION TECH SOLUTIONS PRIVATE&#x27;);\n_SearchCompanyNamePage.searchCompanyNamePage.clickFirstCompanyNameLabel();\n_SearchCompanyNamePage.searchCompanyNamePage.clickNextBtn();\n_AssessingLoanEligibilityPage.assessingLoanEligibilityPage.verifyPageTitle(&#x27;We are assessing your Loan eligibility&#x27;);&quot;,&quot;err&quot;:{&quot;message&quot;:&quot;Error: An error was thrown while processing a network event: A fixture file could not be found at any of the following paths:\n\n    &gt; cypress\\fixtures\\onBoarding\\eligibility\\eligibility.json\n    &gt; cypress\\fixtures\\onBoarding\\eligibility\\eligibility.json.[ext]\n\nCypress looked for these file extensions at the provided path:\n\n    &gt; .json, .js, .coffee, .html, .txt, .csv, .png, .jpg, .jpeg, .gif, .tif, .tiff, .zip\n\nProvide a path to an existing fixture file.&quot;,&quot;estack&quot;:&quot;Error: An error was thrown while processing a network event: A fixture file could not be found at any of the following paths:\n\n    &gt; cypress\\fixtures\\onBoarding\\eligibility\\eligibility.json\n    &gt; cypress\\fixtures\\onBoarding\\eligibility\\eligibility.json.[ext]\n\nCypress looked for these file extensions at the provided path:\n\n    &gt; .json, .js, .coffee, .html, .txt, .csv, .png, .jpg, .jpeg, .gif, .tif, .tiff, .zip\n\nProvide a path to an existing fixture file.\n    at Object.&lt;anonymous&gt; (C:\\Users\\vdpt0775\\AppData\\Local\\Cypress\\Cache\\9.7.0\\Cypress\\resources\\app\\packages\\server\\lib\\fixture.js:69:30)\n    at Object.tryCatcher (C:\\Users\\vdpt0775\\AppData\\Local\\Cypress\\Cache\\9.7.0\\Cypress\\resources\\app\\packages\\server\\node_modules\\bluebird\\js\\release\\util.js:16:23)\n    at Promise._settlePromiseFromHandler (C:\\Users\\vdpt0775\\AppData\\Local\\Cypress\\Cache\\9.7.0\\Cypress\\resources\\app\\packages\\server\\node_modules\\bluebird\\js\\release\\promise.js:547:31)\n    at Promise._settlePromise (C:\\Users\\vdpt0775\\AppData\\Local\\Cypress\\Cache\\9.7.0\\Cypress\\resources\\app\\packages\\server\\node_modules\\bluebird\\js\\release\\promise.js:604:18)\n    at Promise._settlePromise0 (C:\\Users\\vdpt0775\\AppData\\Local\\Cypress\\Cache\\9.7.0\\Cypress\\resources\\app\\packages\\server\\node_modules\\bluebird\\js\\release\\promise.js:649:10)\n    at Promise._settlePromises (C:\\Users\\vdpt0775\\AppData\\Local\\Cypress\\Cache\\9.7.0\\Cypress\\resources\\app\\packages\\server\\node_modules\\bluebird\\js\\release\\promise.js:729:18)\n    at Promise._fulfill (C:\\Users\\vdpt0775\\AppData\\Local\\Cypress\\Cache\\9.7.0\\Cypress\\resources\\app\\packages\\server\\node_modules\\bluebird\\js\\release\\promise.js:673:18)\n    at C:\\Users\\vdpt0775\\AppData\\Local\\Cypress\\Cache\\9.7.0\\Cypress\\resources\\app\\packages\\server\\node_modules\\bluebird\\js\\release\\nodeback.js:42:21\n    at f (C:\\Users\\vdpt0775\\AppData\\Local\\Cypress\\Cache\\9.7.0\\Cypress\\resources\\app\\node_modules\\once\\once.js:25:25)\n    at Glob.&lt;anonymous&gt; (C:\\Users\\vdpt0775\\AppData\\Local\\Cypress\\Cache\\9.7.0\\Cypress\\resources\\app\\packages\\server\\node_modules\\glob\\glob.js:151:7)\n    at Glob.emit (node:events:390:28)\n    at Glob._finish (C:\\Users\\vdpt0775\\AppData\\Local\\Cypress\\Cache\\9.7.0\\Cypress\\resources\\app\\packages\\server\\node_modules\\glob\\glob.js:197:8)\n    at done (C:\\Users\\vdpt0775\\AppData\\Local\\Cypress\\Cache\\9.7.0\\Cypress\\resources\\app\\packages\\server\\node_modules\\glob\\glob.js:182:14)\n    at Glob._processSimple2 (C:\\Users\\vdpt0775\\AppData\\Local\\Cypress\\Cache\\9.7.0\\Cypress\\resources\\app\\packages\\server\\node_modules\\glob\\glob.js:688:12)\n    at C:\\Users\\vdpt0775\\AppData\\Local\\Cypress\\Cache\\9.7.0\\Cypress\\resources\\app\\packages\\server\\node_modules\\glob\\glob.js:676:10\n    at Glob._stat2 (C:\\Users\\vdpt0775\\AppData\\Local\\Cypress\\Cache\\9.7.0\\Cypress\\resources\\app\\packages\\server\\node_modules\\glob\\glob.js:772:12)\n    at lstatcb_ (C:\\Users\\vdpt0775\\AppData\\Local\\Cypress\\Cache\\9.7.0\\Cypress\\resources\\app\\packages\\server\\node_modules\\glob\\glob.js:764:12)\n    at RES (C:\\Users\\vdpt0775\\AppData\\Local\\Cypress\\Cache\\9.7.0\\Cypress\\resources\\app\\node_modules\\inflight\\inflight.js:31:16)\n    at f (C:\\Users\\vdpt0775\\AppData\\Local\\Cypress\\Cache\\9.7.0\\Cypress\\resources\\app\\node_modules\\once\\once.js:25:25)\n    at callback (C:\\Users\\vdpt0775\\AppData\\Local\\Cypress\\Cache\\9.7.0\\Cypress\\resources\\app\\node_modules\\graceful-fs\\polyfills.js:299:20)\n    at FSReqCallback.oncomplete (node:fs:198:21)\n&quot;},&quot;uuid&quot;:&quot;5438b8bb-f942-4082-be5d-fa40ae9c10a8&quot;,&quot;parentUUID&quot;:&quot;9cd6314a-378e-4dff-8764-47b7be1fe412&quot;,&quot;isHook&quot;:false,&quot;skipped&quot;:false},{&quot;title&quot;:&quot;KB-T49312 (1.0)Check user able to submit the eligibility when company input is disabled&quot;,&quot;fullTitle&quot;:&quot;Basic Details KB-T49312 (1.0)Check user able to submit the eligibility when company input is disabled&quot;,&quot;duration&quot;:7365,&quot;state&quot;:&quot;failed&quot;,&quot;pass&quot;:false,&quot;fail&quot;:true,&quot;pending&quot;:false,&quot;code&quot;:&quot;cy.visit(&#x27;/eligibility/verification&#x27;, {\n  failOnStatusCode: false\n});\n_AssessingLoanEligibilityPage.assessingLoanEligibilityPage.verifyPageTitle(&#x27;We are assessing your Loan eligibility&#x27;);\n_AssessingLoanEligibilityPage.assessingLoanEligibilityPage.verifyAssessingLoanEligibiltyText(&#x27;This should only take a few seconds We will notify you (via SMS) once we have assessed your eligibility or you can click the Refresh button to check again&#x27;);\n_AssessingLoanEligibilityPage.assessingLoanEligibilityPage.verifyRefreshBtn(&#x27;Refresh&#x27;);&quot;,&quot;err&quot;:{&quot;message&quot;:&quot;AssertionError: Timed out retrying after 4000ms: Expected to find element: `[data-cy=\&quot;app.components.Eligibility.under_ver_desc\&quot;]`, but never found it.&quot;,&quot;estack&quot;:&quot;AssertionError: Timed out retrying after 4000ms: Expected to find element: `[data-cy=\&quot;app.components.Eligibility.under_ver_desc\&quot;]`, but never found it.\n    at AssessingLoanEligibilityPage.verifyAssessingLoanEligibiltyText (https://kbuatauto2app.kreditbee.dev/__cypress/tests?p=cypress\\integration\\bus2\\bus2.spec.js:7846:48)\n    at Context.eval (https://kbuatauto2app.kreditbee.dev/__cypress/tests?p=cypress\\integration\\bus2\\bus2.spec.js:577:64)&quot;},&quot;uuid&quot;:&quot;a1f0a6cd-8925-4349-b80b-a986dc798a37&quot;,&quot;parentUUID&quot;:&quot;9cd6314a-378e-4dff-8764-47b7be1fe412&quot;,&quot;isHook&quot;:false,&quot;skipped&quot;:false},{&quot;title&quot;:&quot;KB-T53008 Check Refrences screen displayed as per the VD when fatherNameMandatory config is set to 1&quot;,&quot;fullTitle&quot;:&quot;Basic Details KB-T53008 Check Refrences screen displayed as per the VD when fatherNameMandatory config is set to 1&quot;,&quot;duration&quot;:1282,&quot;state&quot;:&quot;failed&quot;,&quot;pass&quot;:false,&quot;fail&quot;:true,&quot;pending&quot;:false,&quot;code&quot;:&quot;cy.intercept(&#x27;**/home&#x27;, {\n  fixture: &#x27;onboarding/profile/referenceContacts-HomePage.json&#x27;\n});\ncy.intercept(&#x27;**/me/substateinfo&#x27;, {\n  fixture: &#x27;onboarding/profile/referenceContacts-SubState.json&#x27;\n});\ncy.intercept(&#x27;**/me&#x27;, {\n  fixture: &#x27;onboarding/profile/referenceContacts-me.json&#x27;\n});\ncy.intercept(&#x27;**/me/profile/reference&#x27;, {\n  fixture: &#x27;onboarding/profile/referenceContacts-references.json&#x27;\n});\ncy.visit(&#x27;/newhome&#x27;, {\n  failOnStatusCode: false\n});\n_ApplicationStatusPage.applicationStatusPage.clickContinueApplicationButton();\ncy.get(&#x27;[data-cy=\&quot;summaryItemTitle\&quot;]&#x27;).eq(3).click();\n_ReferencesPage.referencesPage.verifyPageTitle(\&quot;References\&quot;);\n_ReferencesPage.referencesPage.EnterFatherName(\&quot;Shekar\&quot;);&quot;,&quot;err&quot;:{&quot;message&quot;:&quot;Error: An error was thrown while processing a network event: A fixture file could not be found at any of the following paths:\n\n    &gt; cypress\\fixtures\\onboarding\\profile\\referenceContacts-HomePage.json\n    &gt; cypress\\fixtures\\onboarding\\profile\\referenceContacts-HomePage.json.[ext]\n\nCypress looked for these file extensions at the provided path:\n\n    &gt; .json, .js, .coffee, .html, .txt, .csv, .png, .jpg, .jpeg, .gif, .tif, .tiff, .zip\n\nProvide a path to an existing fixture file.&quot;,&quot;estack&quot;:&quot;Error: An error was thrown while processing a network event: A fixture file could not be found at any of the following paths:\n\n    &gt; cypress\\fixtures\\onboarding\\profile\\referenceContacts-HomePage.json\n    &gt; cypress\\fixtures\\onboarding\\profile\\referenceContacts-HomePage.json.[ext]\n\nCypress looked for these file extensions at the provided path:\n\n    &gt; .json, .js, .coffee, .html, .txt, .csv, .png, .jpg, .jpeg, .gif, .tif, .tiff, .zip\n\nProvide a path to an existing fixture file.\n    at Object.&lt;anonymous&gt; (C:\\Users\\vdpt0775\\AppData\\Local\\Cypress\\Cache\\9.7.0\\Cypress\\resources\\app\\packages\\server\\lib\\fixture.js:69:30)\n    at Object.tryCatcher (C:\\Users\\vdpt0775\\AppData\\Local\\Cypress\\Cache\\9.7.0\\Cypress\\resources\\app\\packages\\server\\node_modules\\bluebird\\js\\release\\util.js:16:23)\n    at Promise._settlePromiseFromHandler (C:\\Users\\vdpt0775\\AppData\\Local\\Cypress\\Cache\\9.7.0\\Cypress\\resources\\app\\packages\\server\\node_modules\\bluebird\\js\\release\\promise.js:547:31)\n    at Promise._settlePromise (C:\\Users\\vdpt0775\\AppData\\Local\\Cypress\\Cache\\9.7.0\\Cypress\\resources\\app\\packages\\server\\node_modules\\bluebird\\js\\release\\promise.js:604:18)\n    at Promise._settlePromise0 (C:\\Users\\vdpt0775\\AppData\\Local\\Cypress\\Cache\\9.7.0\\Cypress\\resources\\app\\packages\\server\\node_modules\\bluebird\\js\\release\\promise.js:649:10)\n    at Promise._settlePromises (C:\\Users\\vdpt0775\\AppData\\Local\\Cypress\\Cache\\9.7.0\\Cypress\\resources\\app\\packages\\server\\node_modules\\bluebird\\js\\release\\promise.js:729:18)\n    at Promise._fulfill (C:\\Users\\vdpt0775\\AppData\\Local\\Cypress\\Cache\\9.7.0\\Cypress\\resources\\app\\packages\\server\\node_modules\\bluebird\\js\\release\\promise.js:673:18)\n    at C:\\Users\\vdpt0775\\AppData\\Local\\Cypress\\Cache\\9.7.0\\Cypress\\resources\\app\\packages\\server\\node_modules\\bluebird\\js\\release\\nodeback.js:42:21\n    at f (C:\\Users\\vdpt0775\\AppData\\Local\\Cypress\\Cache\\9.7.0\\Cypress\\resources\\app\\node_modules\\once\\once.js:25:25)\n    at Glob.&lt;anonymous&gt; (C:\\Users\\vdpt0775\\AppData\\Local\\Cypress\\Cache\\9.7.0\\Cypress\\resources\\app\\packages\\server\\node_modules\\glob\\glob.js:151:7)\n    at Glob.emit (node:events:390:28)\n    at Glob._finish (C:\\Users\\vdpt0775\\AppData\\Local\\Cypress\\Cache\\9.7.0\\Cypress\\resources\\app\\packages\\server\\node_modules\\glob\\glob.js:197:8)\n    at done (C:\\Users\\vdpt0775\\AppData\\Local\\Cypress\\Cache\\9.7.0\\Cypress\\resources\\app\\packages\\server\\node_modules\\glob\\glob.js:182:14)\n    at Glob._processSimple2 (C:\\Users\\vdpt0775\\AppData\\Local\\Cypress\\Cache\\9.7.0\\Cypress\\resources\\app\\packages\\server\\node_modules\\glob\\glob.js:688:12)\n    at C:\\Users\\vdpt0775\\AppData\\Local\\Cypress\\Cache\\9.7.0\\Cypress\\resources\\app\\packages\\server\\node_modules\\glob\\glob.js:676:10\n    at Glob._stat2 (C:\\Users\\vdpt0775\\AppData\\Local\\Cypress\\Cache\\9.7.0\\Cypress\\resources\\app\\packages\\server\\node_modules\\glob\\glob.js:772:12)\n    at lstatcb_ (C:\\Users\\vdpt0775\\AppData\\Local\\Cypress\\Cache\\9.7.0\\Cypress\\resources\\app\\packages\\server\\node_modules\\glob\\glob.js:764:12)\n    at RES (C:\\Users\\vdpt0775\\AppData\\Local\\Cypress\\Cache\\9.7.0\\Cypress\\resources\\app\\node_modules\\inflight\\inflight.js:31:16)\n    at f (C:\\Users\\vdpt0775\\AppData\\Local\\Cypress\\Cache\\9.7.0\\Cypress\\resources\\app\\node_modules\\once\\once.js:25:25)\n    at callback (C:\\Users\\vdpt0775\\AppData\\Local\\Cypress\\Cache\\9.7.0\\Cypress\\resources\\app\\node_modules\\graceful-fs\\polyfills.js:299:20)\n    at FSReqCallback.oncomplete (node:fs:198:21)\n&quot;},&quot;uuid&quot;:&quot;9b629bf9-ade3-426e-bd3b-189ab0b25e66&quot;,&quot;parentUUID&quot;:&quot;9cd6314a-378e-4dff-8764-47b7be1fe412&quot;,&quot;isHook&quot;:false,&quot;skipped&quot;:false}],&quot;suites&quot;:[],&quot;passes&quot;:[],&quot;failures&quot;:[&quot;c58a722b-5482-4e00-aa8d-7ff4325a158e&quot;,&quot;4777d722-70e3-457e-9d58-7273d280b406&quot;,&quot;1b411534-3156-4724-98e2-4bcee427ad09&quot;,&quot;6dfcd279-45b6-44c1-9367-d8926e358116&quot;,&quot;5438b8bb-f942-4082-be5d-fa40ae9c10a8&quot;,&quot;a1f0a6cd-8925-4349-b80b-a986dc798a37&quot;,&quot;9b629bf9-ade3-426e-bd3b-189ab0b25e66&quot;],&quot;pending&quot;:[],&quot;skipped&quot;:[],&quot;duration&quot;:11610,&quot;root&quot;:false,&quot;rootEmpty&quot;:false,&quot;_timeout&quot;:2000},{&quot;uuid&quot;:&quot;ee909b9d-4513-4a9d-b6ca-91ad7830c0f3&quot;,&quot;title&quot;:&quot;ED PD Cases&quot;,&quot;fullFile&quot;:&quot;&quot;,&quot;file&quot;:&quot;&quot;,&quot;beforeHooks&quot;:[],&quot;afterHooks&quot;:[],&quot;tests&quot;:[{&quot;title&quot;:&quot;KB-T22484 (1.0) Test case to verify whether \&quot;Discover your Credit and Pricing\&quot; page is displayed in My Account page&quot;,&quot;fullTitle&quot;:&quot;ED PD Cases KB-T22484 (1.0) Test case to verify whether \&quot;Discover your Credit and Pricing\&quot; page is displayed in My Account page&quot;,&quot;duration&quot;:736,&quot;state&quot;:&quot;failed&quot;,&quot;pass&quot;:false,&quot;fail&quot;:true,&quot;pending&quot;:false,&quot;code&quot;:&quot;cy.intercept(&#x27;**/main/home&#x27;, {\n  fixture: &#x27;home/homepage-Notransaction.json&#x27;\n});\ncy.intercept(&#x27;**/main/myaccount&#x27;, {\n  fixture: &#x27;accounts/accountPage-Notransction.json&#x27;\n});\ncy.intercept(&#x27;**/me/pd?type=list&#x27;, {\n  fixture: &#x27;pd/pdDetailsPage-OfferList.json&#x27;\n});\ncy.visit(&#x27;/newhome&#x27;, {\n  failOnStatusCode: false\n});\n_FooterPage.footerPage.clickAccountIcon();\n_AccountsPage.accountsPage.verifyDiscountAndCreditText(&#x27;Discount &amp; Credit&#x27;);\n_AccountsPage.accountsPage.clickDiscountAndCreditText();\n_PDPage.pdPage.verifyBasicDetailsLabel(&#x27;Basic Details&#x27;);\n_PDPage.pdPage.verifyIncomeVerificationLabel(&#x27;Income Verification&#x27;);\n_PDPage.pdPage.verifyAutoDebitSetupLabel(&#x27;Auto Debit Setup&#x27;);\n_PDPage.pdPage.verifyAssestvalidationLabel(&#x27;Asset Validation&#x27;);\n_PDPage.pdPage.verifyBuinessDetailsLabel();&quot;,&quot;err&quot;:{&quot;message&quot;:&quot;Error: An error was thrown while processing a network event: A fixture file could not be found at any of the following paths:\n\n    &gt; cypress\\fixtures\\home\\homepage-Notransaction.json\n    &gt; cypress\\fixtures\\home\\homepage-Notransaction.json.[ext]\n\nCypress looked for these file extensions at the provided path:\n\n    &gt; .json, .js, .coffee, .html, .txt, .csv, .png, .jpg, .jpeg, .gif, .tif, .tiff, .zip\n\nProvide a path to an existing fixture file.&quot;,&quot;estack&quot;:&quot;Error: An error was thrown while processing a network event: A fixture file could not be found at any of the following paths:\n\n    &gt; cypress\\fixtures\\home\\homepage-Notransaction.json\n    &gt; cypress\\fixtures\\home\\homepage-Notransaction.json.[ext]\n\nCypress looked for these file extensions at the provided path:\n\n    &gt; .json, .js, .coffee, .html, .txt, .csv, .png, .jpg, .jpeg, .gif, .tif, .tiff, .zip\n\nProvide a path to an existing fixture file.\n    at Object.&lt;anonymous&gt; (C:\\Users\\vdpt0775\\AppData\\Local\\Cypress\\Cache\\9.7.0\\Cypress\\resources\\app\\packages\\server\\lib\\fixture.js:69:30)\n    at Object.tryCatcher (C:\\Users\\vdpt0775\\AppData\\Local\\Cypress\\Cache\\9.7.0\\Cypress\\resources\\app\\packages\\server\\node_modules\\bluebird\\js\\release\\util.js:16:23)\n    at Promise._settlePromiseFromHandler (C:\\Users\\vdpt0775\\AppData\\Local\\Cypress\\Cache\\9.7.0\\Cypress\\resources\\app\\packages\\server\\node_modules\\bluebird\\js\\release\\promise.js:547:31)\n    at Promise._settlePromise (C:\\Users\\vdpt0775\\AppData\\Local\\Cypress\\Cache\\9.7.0\\Cypress\\resources\\app\\packages\\server\\node_modules\\bluebird\\js\\release\\promise.js:604:18)\n    at Promise._settlePromise0 (C:\\Users\\vdpt0775\\AppData\\Local\\Cypress\\Cache\\9.7.0\\Cypress\\resources\\app\\packages\\server\\node_modules\\bluebird\\js\\release\\promise.js:649:10)\n    at Promise._settlePromises (C:\\Users\\vdpt0775\\AppData\\Local\\Cypress\\Cache\\9.7.0\\Cypress\\resources\\app\\packages\\server\\node_modules\\bluebird\\js\\release\\promise.js:729:18)\n    at Promise._fulfill (C:\\Users\\vdpt0775\\AppData\\Local\\Cypress\\Cache\\9.7.0\\Cypress\\resources\\app\\packages\\server\\node_modules\\bluebird\\js\\release\\promise.js:673:18)\n    at C:\\Users\\vdpt0775\\AppData\\Local\\Cypress\\Cache\\9.7.0\\Cypress\\resources\\app\\packages\\server\\node_modules\\bluebird\\js\\release\\nodeback.js:42:21\n    at f (C:\\Users\\vdpt0775\\AppData\\Local\\Cypress\\Cache\\9.7.0\\Cypress\\resources\\app\\node_modules\\once\\once.js:25:25)\n    at Glob.&lt;anonymous&gt; (C:\\Users\\vdpt0775\\AppData\\Local\\Cypress\\Cache\\9.7.0\\Cypress\\resources\\app\\packages\\server\\node_modules\\glob\\glob.js:151:7)\n    at Glob.emit (node:events:390:28)\n    at Glob._finish (C:\\Users\\vdpt0775\\AppData\\Local\\Cypress\\Cache\\9.7.0\\Cypress\\resources\\app\\packages\\server\\node_modules\\glob\\glob.js:197:8)\n    at done (C:\\Users\\vdpt0775\\AppData\\Local\\Cypress\\Cache\\9.7.0\\Cypress\\resources\\app\\packages\\server\\node_modules\\glob\\glob.js:182:14)\n    at Glob._processSimple2 (C:\\Users\\vdpt0775\\AppData\\Local\\Cypress\\Cache\\9.7.0\\Cypress\\resources\\app\\packages\\server\\node_modules\\glob\\glob.js:688:12)\n    at C:\\Users\\vdpt0775\\AppData\\Local\\Cypress\\Cache\\9.7.0\\Cypress\\resources\\app\\packages\\server\\node_modules\\glob\\glob.js:676:10\n    at Glob._stat2 (C:\\Users\\vdpt0775\\AppData\\Local\\Cypress\\Cache\\9.7.0\\Cypress\\resources\\app\\packages\\server\\node_modules\\glob\\glob.js:772:12)\n    at lstatcb_ (C:\\Users\\vdpt0775\\AppData\\Local\\Cypress\\Cache\\9.7.0\\Cypress\\resources\\app\\packages\\server\\node_modules\\glob\\glob.js:764:12)\n    at RES (C:\\Users\\vdpt0775\\AppData\\Local\\Cypress\\Cache\\9.7.0\\Cypress\\resources\\app\\node_modules\\inflight\\inflight.js:31:16)\n    at f (C:\\Users\\vdpt0775\\AppData\\Local\\Cypress\\Cache\\9.7.0\\Cypress\\resources\\app\\node_modules\\once\\once.js:25:25)\n    at callback (C:\\Users\\vdpt0775\\AppData\\Local\\Cypress\\Cache\\9.7.0\\Cypress\\resources\\app\\node_modules\\graceful-fs\\polyfills.js:299:20)\n    at FSReqCallback.oncomplete (node:fs:198:21)\n&quot;},&quot;uuid&quot;:&quot;bfb9f143-4de5-4ebd-a745-71aef54fa6c3&quot;,&quot;parentUUID&quot;:&quot;ee909b9d-4513-4a9d-b6ca-91ad7830c0f3&quot;,&quot;isHook&quot;:false,&quot;skipped&quot;:false},{&quot;title&quot;:&quot;KB-T36717 (1.0)Test case to verify the \&quot;NACH E-Mandate\&quot; page functionality under Setup NACH Auto Debit page(Debit card NACH)&quot;,&quot;fullTitle&quot;:&quot;ED PD Cases KB-T36717 (1.0)Test case to verify the \&quot;NACH E-Mandate\&quot; page functionality under Setup NACH Auto Debit page(Debit card NACH)&quot;,&quot;duration&quot;:679,&quot;state&quot;:&quot;failed&quot;,&quot;pass&quot;:false,&quot;fail&quot;:true,&quot;pending&quot;:false,&quot;code&quot;:&quot;cy.intercept(&#x27;**/home&#x27;, {\n  fixture: &#x27;/home/homePage-pd.json&#x27;\n});\ncy.intercept(&#x27;**/me/pd?type=list&#x27;, {\n  fixture: &#x27;/pd/pdDetailsPageAccount.json&#x27;\n});\ncy.intercept(&#x27;**/me/bank?productid=**&#x27;, {\n  fixture: &#x27;/bank/bankAccount-NACH.json&#x27;\n});\ncy.intercept(&#x27;me/pd?type=list&#x27;, {\n  fixture: &#x27;/pd/basicDetails/AutoDebtSetup/pdAutoDeptPage.json&#x27;\n});\ncy.visit(&#x27;/newhome&#x27;, {\n  failOnStatusCode: false\n});\n_HomePage.homePage.clickCreditLimitAndDiscountText();\n_PDPage.pdPage.clickAutoDebitSetupLabel();\n_AutoDebitSetupPage.autoDebitSetupPage.clickNACHAAutoDebit();\n_AutoDebitSetupPage.autoDebitSetupPage.clickSelectBankAccountButton();\n_AutoDebitSetupInfoPage.autoDebitSetupInfoPage.clickEDSelectBankAccount();\n_SelectBankAccountPage.selectBankAccountPage.clickSelectModeButton();\n_AutoDebitSetupPage.autoDebitSetupPage.clickSetupUsingDebitCardlabel();\n_AutoDebitSetupPage.autoDebitSetupPage.clickContinueButton();\n_AutoDebitOptionsInfoPage.autoDebitOptionsInfoPage.clickContinuebtn();&quot;,&quot;err&quot;:{&quot;message&quot;:&quot;Error: An error was thrown while processing a network event: A fixture file could not be found at any of the following paths:\n\n    &gt; cypress\\fixtures\\home\\homePage-pd.json\n    &gt; cypress\\fixtures\\home\\homePage-pd.json.[ext]\n\nCypress looked for these file extensions at the provided path:\n\n    &gt; .json, .js, .coffee, .html, .txt, .csv, .png, .jpg, .jpeg, .gif, .tif, .tiff, .zip\n\nProvide a path to an existing fixture file.&quot;,&quot;estack&quot;:&quot;Error: An error was thrown while processing a network event: A fixture file could not be found at any of the following paths:\n\n    &gt; cypress\\fixtures\\home\\homePage-pd.json\n    &gt; cypress\\fixtures\\home\\homePage-pd.json.[ext]\n\nCypress looked for these file extensions at the provided path:\n\n    &gt; .json, .js, .coffee, .html, .txt, .csv, .png, .jpg, .jpeg, .gif, .tif, .tiff, .zip\n\nProvide a path to an existing fixture file.\n    at Object.&lt;anonymous&gt; (C:\\Users\\vdpt0775\\AppData\\Local\\Cypress\\Cache\\9.7.0\\Cypress\\resources\\app\\packages\\server\\lib\\fixture.js:69:30)\n    at Object.tryCatcher (C:\\Users\\vdpt0775\\AppData\\Local\\Cypress\\Cache\\9.7.0\\Cypress\\resources\\app\\packages\\server\\node_modules\\bluebird\\js\\release\\util.js:16:23)\n    at Promise._settlePromiseFromHandler (C:\\Users\\vdpt0775\\AppData\\Local\\Cypress\\Cache\\9.7.0\\Cypress\\resources\\app\\packages\\server\\node_modules\\bluebird\\js\\release\\promise.js:547:31)\n    at Promise._settlePromise (C:\\Users\\vdpt0775\\AppData\\Local\\Cypress\\Cache\\9.7.0\\Cypress\\resources\\app\\packages\\server\\node_modules\\bluebird\\js\\release\\promise.js:604:18)\n    at Promise._settlePromise0 (C:\\Users\\vdpt0775\\AppData\\Local\\Cypress\\Cache\\9.7.0\\Cypress\\resources\\app\\packages\\server\\node_modules\\bluebird\\js\\release\\promise.js:649:10)\n    at Promise._settlePromises (C:\\Users\\vdpt0775\\AppData\\Local\\Cypress\\Cache\\9.7.0\\Cypress\\resources\\app\\packages\\server\\node_modules\\bluebird\\js\\release\\promise.js:729:18)\n    at Promise._fulfill (C:\\Users\\vdpt0775\\AppData\\Local\\Cypress\\Cache\\9.7.0\\Cypress\\resources\\app\\packages\\server\\node_modules\\bluebird\\js\\release\\promise.js:673:18)\n    at C:\\Users\\vdpt0775\\AppData\\Local\\Cypress\\Cache\\9.7.0\\Cypress\\resources\\app\\packages\\server\\node_modules\\bluebird\\js\\release\\nodeback.js:42:21\n    at f (C:\\Users\\vdpt0775\\AppData\\Local\\Cypress\\Cache\\9.7.0\\Cypress\\resources\\app\\node_modules\\once\\once.js:25:25)\n    at Glob.&lt;anonymous&gt; (C:\\Users\\vdpt0775\\AppData\\Local\\Cypress\\Cache\\9.7.0\\Cypress\\resources\\app\\packages\\server\\node_modules\\glob\\glob.js:151:7)\n    at Glob.emit (node:events:390:28)\n    at Glob._finish (C:\\Users\\vdpt0775\\AppData\\Local\\Cypress\\Cache\\9.7.0\\Cypress\\resources\\app\\packages\\server\\node_modules\\glob\\glob.js:197:8)\n    at done (C:\\Users\\vdpt0775\\AppData\\Local\\Cypress\\Cache\\9.7.0\\Cypress\\resources\\app\\packages\\server\\node_modules\\glob\\glob.js:182:14)\n    at Glob._processSimple2 (C:\\Users\\vdpt0775\\AppData\\Local\\Cypress\\Cache\\9.7.0\\Cypress\\resources\\app\\packages\\server\\node_modules\\glob\\glob.js:688:12)\n    at C:\\Users\\vdpt0775\\AppData\\Local\\Cypress\\Cache\\9.7.0\\Cypress\\resources\\app\\packages\\server\\node_modules\\glob\\glob.js:676:10\n    at Glob._stat2 (C:\\Users\\vdpt0775\\AppData\\Local\\Cypress\\Cache\\9.7.0\\Cypress\\resources\\app\\packages\\server\\node_modules\\glob\\glob.js:772:12)\n    at lstatcb_ (C:\\Users\\vdpt0775\\AppData\\Local\\Cypress\\Cache\\9.7.0\\Cypress\\resources\\app\\packages\\server\\node_modules\\glob\\glob.js:764:12)\n    at RES (C:\\Users\\vdpt0775\\AppData\\Local\\Cypress\\Cache\\9.7.0\\Cypress\\resources\\app\\node_modules\\inflight\\inflight.js:31:16)\n    at f (C:\\Users\\vdpt0775\\AppData\\Local\\Cypress\\Cache\\9.7.0\\Cypress\\resources\\app\\node_modules\\once\\once.js:25:25)\n    at callback (C:\\Users\\vdpt0775\\AppData\\Local\\Cypress\\Cache\\9.7.0\\Cypress\\resources\\app\\node_modules\\graceful-fs\\polyfills.js:299:20)\n    at FSReqCallback.oncomplete (node:fs:198:21)\n&quot;},&quot;uuid&quot;:&quot;65e5c810-a982-4342-a64c-e7b1de71ef67&quot;,&quot;parentUUID&quot;:&quot;ee909b9d-4513-4a9d-b6ca-91ad7830c0f3&quot;,&quot;isHook&quot;:false,&quot;skipped&quot;:false},{&quot;title&quot;:&quot;KB-T22809 Ensure that after clicking on Skip for later button check for calculating Credit Limit page is displayed or not&quot;,&quot;fullTitle&quot;:&quot;ED PD Cases KB-T22809 Ensure that after clicking on Skip for later button check for calculating Credit Limit page is displayed or not&quot;,&quot;duration&quot;:751,&quot;state&quot;:&quot;failed&quot;,&quot;pass&quot;:false,&quot;fail&quot;:true,&quot;pending&quot;:false,&quot;code&quot;:&quot;cy.intercept(&#x27;**/home&#x27;, {\n  fixture: &#x27;extraDetails/AdditionalInfoPage-SkipForlater-HomePage.json&#x27;\n});\ncy.intercept(&#x27;**/me/extradetails/loan&#x27;, {\n  fixture: &#x27;extraDetails/AdditionalInfoPage-Loan.json&#x27;\n});\ncy.intercept(&#x27;**/me/extradetails/loan/skip&#x27;, {\n  fixture: &#x27;extraDetails/additionalInfoPage-Skipped.json&#x27;\n});\ncy.intercept(&#x27;**/me/extradetails?type=groupStatus&#x27;, {\n  fixture: &#x27;extraDetails/extraDetailsPage-SkippedOffer.json&#x27;\n});\ncy.visit(&#x27;/newhome&#x27;, {\n  failOnStatusCode: false\n});\n_HomePage.homePage.clickBlock2Btn();\n_AvailableCreditLimitPage.availableCreditLimitPage.clickSkipForLaterButton();\n_calculatingCreditLimitpage.calculatingCreditLimitPage.clickRefreshButton();&quot;,&quot;err&quot;:{&quot;message&quot;:&quot;Error: An error was thrown while processing a network event: A fixture file could not be found at any of the following paths:\n\n    &gt; cypress\\fixtures\\extraDetails\\AdditionalInfoPage-SkipForlater-HomePage.json\n    &gt; cypress\\fixtures\\extraDetails\\AdditionalInfoPage-SkipForlater-HomePage.json.[ext]\n\nCypress looked for these file extensions at the provided path:\n\n    &gt; .json, .js, .coffee, .html, .txt, .csv, .png, .jpg, .jpeg, .gif, .tif, .tiff, .zip\n\nProvide a path to an existing fixture file.&quot;,&quot;estack&quot;:&quot;Error: An error was thrown while processing a network event: A fixture file could not be found at any of the following paths:\n\n    &gt; cypress\\fixtures\\extraDetails\\AdditionalInfoPage-SkipForlater-HomePage.json\n    &gt; cypress\\fixtures\\extraDetails\\AdditionalInfoPage-SkipForlater-HomePage.json.[ext]\n\nCypress looked for these file extensions at the provided path:\n\n    &gt; .json, .js, .coffee, .html, .txt, .csv, .png, .jpg, .jpeg, .gif, .tif, .tiff, .zip\n\nProvide a path to an existing fixture file.\n    at Object.&lt;anonymous&gt; (C:\\Users\\vdpt0775\\AppData\\Local\\Cypress\\Cache\\9.7.0\\Cypress\\resources\\app\\packages\\server\\lib\\fixture.js:69:30)\n    at Object.tryCatcher (C:\\Users\\vdpt0775\\AppData\\Local\\Cypress\\Cache\\9.7.0\\Cypress\\resources\\app\\packages\\server\\node_modules\\bluebird\\js\\release\\util.js:16:23)\n    at Promise._settlePromiseFromHandler (C:\\Users\\vdpt0775\\AppData\\Local\\Cypress\\Cache\\9.7.0\\Cypress\\resources\\app\\packages\\server\\node_modules\\bluebird\\js\\release\\promise.js:547:31)\n    at Promise._settlePromise (C:\\Users\\vdpt0775\\AppData\\Local\\Cypress\\Cache\\9.7.0\\Cypress\\resources\\app\\packages\\server\\node_modules\\bluebird\\js\\release\\promise.js:604:18)\n    at Promise._settlePromise0 (C:\\Users\\vdpt0775\\AppData\\Local\\Cypress\\Cache\\9.7.0\\Cypress\\resources\\app\\packages\\server\\node_modules\\bluebird\\js\\release\\promise.js:649:10)\n    at Promise._settlePromises (C:\\Users\\vdpt0775\\AppData\\Local\\Cypress\\Cache\\9.7.0\\Cypress\\resources\\app\\packages\\server\\node_modules\\bluebird\\js\\release\\promise.js:729:18)\n    at Promise._fulfill (C:\\Users\\vdpt0775\\AppData\\Local\\Cypress\\Cache\\9.7.0\\Cypress\\resources\\app\\packages\\server\\node_modules\\bluebird\\js\\release\\promise.js:673:18)\n    at C:\\Users\\vdpt0775\\AppData\\Local\\Cypress\\Cache\\9.7.0\\Cypress\\resources\\app\\packages\\server\\node_modules\\bluebird\\js\\release\\nodeback.js:42:21\n    at f (C:\\Users\\vdpt0775\\AppData\\Local\\Cypress\\Cache\\9.7.0\\Cypress\\resources\\app\\node_modules\\once\\once.js:25:25)\n    at Glob.&lt;anonymous&gt; (C:\\Users\\vdpt0775\\AppData\\Local\\Cypress\\Cache\\9.7.0\\Cypress\\resources\\app\\packages\\server\\node_modules\\glob\\glob.js:151:7)\n    at Glob.emit (node:events:390:28)\n    at Glob._finish (C:\\Users\\vdpt0775\\AppData\\Local\\Cypress\\Cache\\9.7.0\\Cypress\\resources\\app\\packages\\server\\node_modules\\glob\\glob.js:197:8)\n    at done (C:\\Users\\vdpt0775\\AppData\\Local\\Cypress\\Cache\\9.7.0\\Cypress\\resources\\app\\packages\\server\\node_modules\\glob\\glob.js:182:14)\n    at Glob._processSimple2 (C:\\Users\\vdpt0775\\AppData\\Local\\Cypress\\Cache\\9.7.0\\Cypress\\resources\\app\\packages\\server\\node_modules\\glob\\glob.js:688:12)\n    at C:\\Users\\vdpt0775\\AppData\\Local\\Cypress\\Cache\\9.7.0\\Cypress\\resources\\app\\packages\\server\\node_modules\\glob\\glob.js:676:10\n    at Glob._stat2 (C:\\Users\\vdpt0775\\AppData\\Local\\Cypress\\Cache\\9.7.0\\Cypress\\resources\\app\\packages\\server\\node_modules\\glob\\glob.js:772:12)\n    at lstatcb_ (C:\\Users\\vdpt0775\\AppData\\Local\\Cypress\\Cache\\9.7.0\\Cypress\\resources\\app\\packages\\server\\node_modules\\glob\\glob.js:764:12)\n    at RES (C:\\Users\\vdpt0775\\AppData\\Local\\Cypress\\Cache\\9.7.0\\Cypress\\resources\\app\\node_modules\\inflight\\inflight.js:31:16)\n    at f (C:\\Users\\vdpt0775\\AppData\\Local\\Cypress\\Cache\\9.7.0\\Cypress\\resources\\app\\node_modules\\once\\once.js:25:25)\n    at callback (C:\\Users\\vdpt0775\\AppData\\Local\\Cypress\\Cache\\9.7.0\\Cypress\\resources\\app\\node_modules\\graceful-fs\\polyfills.js:299:20)\n    at FSReqCallback.oncomplete (node:fs:198:21)\n&quot;},&quot;uuid&quot;:&quot;836d253a-eb73-482d-99d2-073226875541&quot;,&quot;parentUUID&quot;:&quot;ee909b9d-4513-4a9d-b6ca-91ad7830c0f3&quot;,&quot;isHook&quot;:false,&quot;skipped&quot;:false},{&quot;title&quot;:&quot;KB-T10457 Ensure that on clicking Refresh button from Verifying details page control is navigate to existing home screen on successful validation when RE sends any one offer as mandatory&quot;,&quot;fullTitle&quot;:&quot;ED PD Cases KB-T10457 Ensure that on clicking Refresh button from Verifying details page control is navigate to existing home screen on successful validation when RE sends any one offer as mandatory&quot;,&quot;duration&quot;:787,&quot;state&quot;:&quot;failed&quot;,&quot;pass&quot;:false,&quot;fail&quot;:true,&quot;pending&quot;:false,&quot;code&quot;:&quot;cy.intercept(&#x27;**/home&#x27;, {\n  fixture: &#x27;extraDetails/homepage-loanflow.json&#x27;\n});\ncy.intercept(&#x27;**/me/extradetails/loan&#x27;, {\n  fixture: &#x27;extraDetails/LoanPage-EDflow.json&#x27;\n});\ncy.intercept(&#x27;**/me/extradetails/loan/householdincome&#x27;, {\n  fixture: &#x27;extraDetails/extradetailspage-offer.json&#x27;\n});\ncy.visit(&#x27;/newhome&#x27;, {\n  failOnStatusCode: false\n});\n_HomePage.homePage.verifyApplyNowButton(&#x27;APPLY NOW&#x27;);\n_HomePage.homePage.verifyBankTransferUptoLabel(&#x27;BANK TRANSFER UPTO&#x27;);\n_HomePage.homePage.clickFPLGetNowBtn();\n_ProfileInformationPage.profileInformationPage.verifyPagetitle(&#x27;Profile re-verification required&#x27;);\n_profileReverificationPage.profileReverificationPage.verifyHouseHoldIncomeLabel(&#x27;Verify Household Income&#x27;);\n_profileReverificationPage.profileReverificationPage.clickVerifyHouseHoldIncomeLabel();\n_profileReverificationPage.profileReverificationPage.clickContinue();\n_verifyHouseholdIncomePage.verifyHouseholdIncomePage.clickMember3Button();\n_verifyHouseholdIncomePage.verifyHouseholdIncomePage.verifyOtherModesOfSalarylabel(&#x27;OTHER MODES OF INCOME&#x27;);\n_verifyHouseholdIncomePage.verifyHouseholdIncomePage.verifyRentLabel(&#x27;Rent&#x27;);\n_verifyHouseholdIncomePage.verifyHouseholdIncomePage.verifyPensionLabel(&#x27;Pension&#x27;);\n_verifyHouseholdIncomePage.verifyHouseholdIncomePage.verifyOtherLabel(&#x27;Other&#x27;);\n_verifyHouseholdIncomePage.verifyHouseholdIncomePage.verifyMonthlyIncomeLabel(&#x27;My Monthly Income&#x27;);\n_verifyHouseholdIncomePage.verifyHouseholdIncomePage.EnterMyMonthlyIncomeInput(&#x27;20000&#x27;);\n_verifyHouseholdIncomePage.verifyHouseholdIncomePage.EnterFamilyMemberIncome(&#x27;20000&#x27;);\n_verifyHouseholdIncomePage.verifyHouseholdIncomePage.clickRentCheckBox();\n_verifyHouseholdIncomePage.verifyHouseholdIncomePage.EnterRentInput();\n_verifyHouseholdIncomePage.verifyHouseholdIncomePage.clickContinueButton();\n_verifyHouseholdIncomePage.verifyHouseholdIncomePage.clickSelectAllLabel();\n_verifyHouseholdIncomePage.verifyHouseholdIncomePage.clickSubmitButton();\ncy.intercept(&#x27;**/me/extradetails/loan&#x27;, {\n  fixture: &#x27;extraDetails/offerSubmitted.json&#x27;\n});\n_verifyHouseholdIncomePage.verifyHouseholdIncomePage.clickRefreshButton();&quot;,&quot;err&quot;:{&quot;message&quot;:&quot;Error: An error was thrown while processing a network event: A fixture file could not be found at any of the following paths:\n\n    &gt; cypress\\fixtures\\extraDetails\\homepage-loanflow.json\n    &gt; cypress\\fixtures\\extraDetails\\homepage-loanflow.json.[ext]\n\nCypress looked for these file extensions at the provided path:\n\n    &gt; .json, .js, .coffee, .html, .txt, .csv, .png, .jpg, .jpeg, .gif, .tif, .tiff, .zip\n\nProvide a path to an existing fixture file.&quot;,&quot;estack&quot;:&quot;Error: An error was thrown while processing a network event: A fixture file could not be found at any of the following paths:\n\n    &gt; cypress\\fixtures\\extraDetails\\homepage-loanflow.json\n    &gt; cypress\\fixtures\\extraDetails\\homepage-loanflow.json.[ext]\n\nCypress looked for these file extensions at the provided path:\n\n    &gt; .json, .js, .coffee, .html, .txt, .csv, .png, .jpg, .jpeg, .gif, .tif, .tiff, .zip\n\nProvide a path to an existing fixture file.\n    at Object.&lt;anonymous&gt; (C:\\Users\\vdpt0775\\AppData\\Local\\Cypress\\Cache\\9.7.0\\Cypress\\resources\\app\\packages\\server\\lib\\fixture.js:69:30)\n    at Object.tryCatcher (C:\\Users\\vdpt0775\\AppData\\Local\\Cypress\\Cache\\9.7.0\\Cypress\\resources\\app\\packages\\server\\node_modules\\bluebird\\js\\release\\util.js:16:23)\n    at Promise._settlePromiseFromHandler (C:\\Users\\vdpt0775\\AppData\\Local\\Cypress\\Cache\\9.7.0\\Cypress\\resources\\app\\packages\\server\\node_modules\\bluebird\\js\\release\\promise.js:547:31)\n    at Promise._settlePromise (C:\\Users\\vdpt0775\\AppData\\Local\\Cypress\\Cache\\9.7.0\\Cypress\\resources\\app\\packages\\server\\node_modules\\bluebird\\js\\release\\promise.js:604:18)\n    at Promise._settlePromise0 (C:\\Users\\vdpt0775\\AppData\\Local\\Cypress\\Cache\\9.7.0\\Cypress\\resources\\app\\packages\\server\\node_modules\\bluebird\\js\\release\\promise.js:649:10)\n    at Promise._settlePromises (C:\\Users\\vdpt0775\\AppData\\Local\\Cypress\\Cache\\9.7.0\\Cypress\\resources\\app\\packages\\server\\node_modules\\bluebird\\js\\release\\promise.js:729:18)\n    at Promise._fulfill (C:\\Users\\vdpt0775\\AppData\\Local\\Cypress\\Cache\\9.7.0\\Cypress\\resources\\app\\packages\\server\\node_modules\\bluebird\\js\\release\\promise.js:673:18)\n    at C:\\Users\\vdpt0775\\AppData\\Local\\Cypress\\Cache\\9.7.0\\Cypress\\resources\\app\\packages\\server\\node_modules\\bluebird\\js\\release\\nodeback.js:42:21\n    at f (C:\\Users\\vdpt0775\\AppData\\Local\\Cypress\\Cache\\9.7.0\\Cypress\\resources\\app\\node_modules\\once\\once.js:25:25)\n    at Glob.&lt;anonymous&gt; (C:\\Users\\vdpt0775\\AppData\\Local\\Cypress\\Cache\\9.7.0\\Cypress\\resources\\app\\packages\\server\\node_modules\\glob\\glob.js:151:7)\n    at Glob.emit (node:events:390:28)\n    at Glob._finish (C:\\Users\\vdpt0775\\AppData\\Local\\Cypress\\Cache\\9.7.0\\Cypress\\resources\\app\\packages\\server\\node_modules\\glob\\glob.js:197:8)\n    at done (C:\\Users\\vdpt0775\\AppData\\Local\\Cypress\\Cache\\9.7.0\\Cypress\\resources\\app\\packages\\server\\node_modules\\glob\\glob.js:182:14)\n    at Glob._processSimple2 (C:\\Users\\vdpt0775\\AppData\\Local\\Cypress\\Cache\\9.7.0\\Cypress\\resources\\app\\packages\\server\\node_modules\\glob\\glob.js:688:12)\n    at C:\\Users\\vdpt0775\\AppData\\Local\\Cypress\\Cache\\9.7.0\\Cypress\\resources\\app\\packages\\server\\node_modules\\glob\\glob.js:676:10\n    at Glob._stat2 (C:\\Users\\vdpt0775\\AppData\\Local\\Cypress\\Cache\\9.7.0\\Cypress\\resources\\app\\packages\\server\\node_modules\\glob\\glob.js:772:12)\n    at lstatcb_ (C:\\Users\\vdpt0775\\AppData\\Local\\Cypress\\Cache\\9.7.0\\Cypress\\resources\\app\\packages\\server\\node_modules\\glob\\glob.js:764:12)\n    at RES (C:\\Users\\vdpt0775\\AppData\\Local\\Cypress\\Cache\\9.7.0\\Cypress\\resources\\app\\node_modules\\inflight\\inflight.js:31:16)\n    at f (C:\\Users\\vdpt0775\\AppData\\Local\\Cypress\\Cache\\9.7.0\\Cypress\\resources\\app\\node_modules\\once\\once.js:25:25)\n    at callback (C:\\Users\\vdpt0775\\AppData\\Local\\Cypress\\Cache\\9.7.0\\Cypress\\resources\\app\\node_modules\\graceful-fs\\polyfills.js:299:20)\n    at FSReqCallback.oncomplete (node:fs:198:21)\n&quot;},&quot;uuid&quot;:&quot;0b791f39-311c-4e81-aa9f-d479ab53cd09&quot;,&quot;parentUUID&quot;:&quot;ee909b9d-4513-4a9d-b6ca-91ad7830c0f3&quot;,&quot;isHook&quot;:false,&quot;skipped&quot;:false},{&quot;title&quot;:&quot;KB-T54367 (1.0) Check whether User is able to see Business Details Group in Discover and Credit page&quot;,&quot;fullTitle&quot;:&quot;ED PD Cases KB-T54367 (1.0) Check whether User is able to see Business Details Group in Discover and Credit page&quot;,&quot;duration&quot;:642,&quot;state&quot;:&quot;failed&quot;,&quot;pass&quot;:false,&quot;fail&quot;:true,&quot;pending&quot;:false,&quot;code&quot;:&quot;cy.intercept(&#x27;**/home&#x27;, {\n  fixture: &#x27;/home/homePage-pd.json&#x27;\n}); //  cy.intercept(&#x27;**/home&#x27;,{fixture:&#x27;pd/businessDetails/businessDetailsPages-HomePage.json&#x27;})\ncy.intercept(&#x27;**/myaccount&#x27;, {\n  fixture: &#x27;accounts/accountsPage.json&#x27;\n});\ncy.intercept(&#x27;**/me/pd?type=list&#x27;, {\n  fixture: &#x27;pd/pdDetailsPage-OfferList.json&#x27;\n});\ncy.visit(&#x27;/newhome&#x27;, {\n  failOnStatusCode: false\n});\n_FooterPage.footerPage.clickAccountIcon();\n_AccountsPage.accountsPage.clickDiscountAndCreditText();\n_PDPage.pdPage.verifyBasicDetailsLabel(&#x27;Basic Details&#x27;);\n_PDPage.pdPage.verifyAssestvalidationLabel(&#x27;Asset Validation&#x27;);\n_PDPage.pdPage.verifyAutoDebitSetupLabel(&#x27;Auto Debit Setup&#x27;);\n_PDPage.pdPage.verifyDiscountAndCreditSubText(&#x27;Complete any of the below steps which will provide us with a better understanding of who you are. The more steps you complete successfully, the better your Credit and Pricing would be&#x27;);\n_PDPage.pdPage.verifyIncomeVerificationLabel(&#x27;Income Verification&#x27;);\n_PDPage.pdPage.verifyBuinessDetailsLabel(&#x27;Business Details&#x27;);\n_PDPage.pdPage.verifyEmploymentVerificationlabel(&#x27;Employment Verification&#x27;);&quot;,&quot;err&quot;:{&quot;message&quot;:&quot;Error: An error was thrown while processing a network event: A fixture file could not be found at any of the following paths:\n\n    &gt; cypress\\fixtures\\home\\homePage-pd.json\n    &gt; cypress\\fixtures\\home\\homePage-pd.json.[ext]\n\nCypress looked for these file extensions at the provided path:\n\n    &gt; .json, .js, .coffee, .html, .txt, .csv, .png, .jpg, .jpeg, .gif, .tif, .tiff, .zip\n\nProvide a path to an existing fixture file.&quot;,&quot;estack&quot;:&quot;Error: An error was thrown while processing a network event: A fixture file could not be found at any of the following paths:\n\n    &gt; cypress\\fixtures\\home\\homePage-pd.json\n    &gt; cypress\\fixtures\\home\\homePage-pd.json.[ext]\n\nCypress looked for these file extensions at the provided path:\n\n    &gt; .json, .js, .coffee, .html, .txt, .csv, .png, .jpg, .jpeg, .gif, .tif, .tiff, .zip\n\nProvide a path to an existing fixture file.\n    at Object.&lt;anonymous&gt; (C:\\Users\\vdpt0775\\AppData\\Local\\Cypress\\Cache\\9.7.0\\Cypress\\resources\\app\\packages\\server\\lib\\fixture.js:69:30)\n    at Object.tryCatcher (C:\\Users\\vdpt0775\\AppData\\Local\\Cypress\\Cache\\9.7.0\\Cypress\\resources\\app\\packages\\server\\node_modules\\bluebird\\js\\release\\util.js:16:23)\n    at Promise._settlePromiseFromHandler (C:\\Users\\vdpt0775\\AppData\\Local\\Cypress\\Cache\\9.7.0\\Cypress\\resources\\app\\packages\\server\\node_modules\\bluebird\\js\\release\\promise.js:547:31)\n    at Promise._settlePromise (C:\\Users\\vdpt0775\\AppData\\Local\\Cypress\\Cache\\9.7.0\\Cypress\\resources\\app\\packages\\server\\node_modules\\bluebird\\js\\release\\promise.js:604:18)\n    at Promise._settlePromise0 (C:\\Users\\vdpt0775\\AppData\\Local\\Cypress\\Cache\\9.7.0\\Cypress\\resources\\app\\packages\\server\\node_modules\\bluebird\\js\\release\\promise.js:649:10)\n    at Promise._settlePromises (C:\\Users\\vdpt0775\\AppData\\Local\\Cypress\\Cache\\9.7.0\\Cypress\\resources\\app\\packages\\server\\node_modules\\bluebird\\js\\release\\promise.js:729:18)\n    at Promise._fulfill (C:\\Users\\vdpt0775\\AppData\\Local\\Cypress\\Cache\\9.7.0\\Cypress\\resources\\app\\packages\\server\\node_modules\\bluebird\\js\\release\\promise.js:673:18)\n    at C:\\Users\\vdpt0775\\AppData\\Local\\Cypress\\Cache\\9.7.0\\Cypress\\resources\\app\\packages\\server\\node_modules\\bluebird\\js\\release\\nodeback.js:42:21\n    at f (C:\\Users\\vdpt0775\\AppData\\Local\\Cypress\\Cache\\9.7.0\\Cypress\\resources\\app\\node_modules\\once\\once.js:25:25)\n    at Glob.&lt;anonymous&gt; (C:\\Users\\vdpt0775\\AppData\\Local\\Cypress\\Cache\\9.7.0\\Cypress\\resources\\app\\packages\\server\\node_modules\\glob\\glob.js:151:7)\n    at Glob.emit (node:events:390:28)\n    at Glob._finish (C:\\Users\\vdpt0775\\AppData\\Local\\Cypress\\Cache\\9.7.0\\Cypress\\resources\\app\\packages\\server\\node_modules\\glob\\glob.js:197:8)\n    at done (C:\\Users\\vdpt0775\\AppData\\Local\\Cypress\\Cache\\9.7.0\\Cypress\\resources\\app\\packages\\server\\node_modules\\glob\\glob.js:182:14)\n    at Glob._processSimple2 (C:\\Users\\vdpt0775\\AppData\\Local\\Cypress\\Cache\\9.7.0\\Cypress\\resources\\app\\packages\\server\\node_modules\\glob\\glob.js:688:12)\n    at C:\\Users\\vdpt0775\\AppData\\Local\\Cypress\\Cache\\9.7.0\\Cypress\\resources\\app\\packages\\server\\node_modules\\glob\\glob.js:676:10\n    at Glob._stat2 (C:\\Users\\vdpt0775\\AppData\\Local\\Cypress\\Cache\\9.7.0\\Cypress\\resources\\app\\packages\\server\\node_modules\\glob\\glob.js:772:12)\n    at lstatcb_ (C:\\Users\\vdpt0775\\AppData\\Local\\Cypress\\Cache\\9.7.0\\Cypress\\resources\\app\\packages\\server\\node_modules\\glob\\glob.js:764:12)\n    at RES (C:\\Users\\vdpt0775\\AppData\\Local\\Cypress\\Cache\\9.7.0\\Cypress\\resources\\app\\node_modules\\inflight\\inflight.js:31:16)\n    at f (C:\\Users\\vdpt0775\\AppData\\Local\\Cypress\\Cache\\9.7.0\\Cypress\\resources\\app\\node_modules\\once\\once.js:25:25)\n    at callback (C:\\Users\\vdpt0775\\AppData\\Local\\Cypress\\Cache\\9.7.0\\Cypress\\resources\\app\\node_modules\\graceful-fs\\polyfills.js:299:20)\n    at FSReqCallback.oncomplete (node:fs:198:21)\n&quot;},&quot;uuid&quot;:&quot;410fca8d-7af3-4ba6-9465-6fb8ba91cfdc&quot;,&quot;parentUUID&quot;:&quot;ee909b9d-4513-4a9d-b6ca-91ad7830c0f3&quot;,&quot;isHook&quot;:false,&quot;skipped&quot;:false},{&quot;title&quot;:&quot;KB-T36625 (1.0)Check whether the Verify Communication Address offer working fine or not&quot;,&quot;fullTitle&quot;:&quot;ED PD Cases KB-T36625 (1.0)Check whether the Verify Communication Address offer working fine or not&quot;,&quot;duration&quot;:612,&quot;state&quot;:&quot;failed&quot;,&quot;pass&quot;:false,&quot;fail&quot;:true,&quot;pending&quot;:false,&quot;code&quot;:&quot;cy.intercept(&#x27;**/home&#x27;, {\n  fixture: &#x27;/home/homePage-PD-BasicDetails.json&#x27;\n});\ncy.intercept(&#x27;**/me/pd?type=list&#x27;, {\n  fixture: &#x27;/pd/basicDetails/AutoDebtSetup/pd-New_Offres.json&#x27;\n});\ncy.intercept(&#x27;**/me/profile/pduseraddr&#x27;, {\n  fixture: &#x27;/pd/basicDetails/pdUSerAddress.json&#x27;\n});\ncy.visit(&#x27;/newhome&#x27;, {\n  failOnStatusCode: false\n});\n_HomePage.homePage.clickCreditLimitAndDiscountText();\n_PDPage.pdPage.clickBasicDetailsLabel();\n_basicDetailsPage.basicDetailsPage.clickVerifyCommunicationAddress();\n_basicDetailsPage.basicDetailsPage.clickContinue();\n_VerifyCommunicationAddressSteps.verifyCommunicationAddressSteps.clickContinuebtn();\n_VerifyConfirmAddressDetails.verifyConfirmAddressDetails.selectTypeOfResidence();\n_VerifyConfirmAddressDetails.verifyConfirmAddressDetails.selectResidencePG();\n_VerifyConfirmAddressDetails.verifyConfirmAddressDetails.clickContinue();\n_PDVerifyingDetailsPage.pdVerifyingDetailsPage.verifyPageTitle();&quot;,&quot;err&quot;:{&quot;message&quot;:&quot;Error: An error was thrown while processing a network event: A fixture file could not be found at any of the following paths:\n\n    &gt; cypress\\fixtures\\home\\homePage-PD-BasicDetails.json\n    &gt; cypress\\fixtures\\home\\homePage-PD-BasicDetails.json.[ext]\n\nCypress looked for these file extensions at the provided path:\n\n    &gt; .json, .js, .coffee, .html, .txt, .csv, .png, .jpg, .jpeg, .gif, .tif, .tiff, .zip\n\nProvide a path to an existing fixture file.&quot;,&quot;estack&quot;:&quot;Error: An error was thrown while processing a network event: A fixture file could not be found at any of the following paths:\n\n    &gt; cypress\\fixtures\\home\\homePage-PD-BasicDetails.json\n    &gt; cypress\\fixtures\\home\\homePage-PD-BasicDetails.json.[ext]\n\nCypress looked for these file extensions at the provided path:\n\n    &gt; .json, .js, .coffee, .html, .txt, .csv, .png, .jpg, .jpeg, .gif, .tif, .tiff, .zip\n\nProvide a path to an existing fixture file.\n    at Object.&lt;anonymous&gt; (C:\\Users\\vdpt0775\\AppData\\Local\\Cypress\\Cache\\9.7.0\\Cypress\\resources\\app\\packages\\server\\lib\\fixture.js:69:30)\n    at Object.tryCatcher (C:\\Users\\vdpt0775\\AppData\\Local\\Cypress\\Cache\\9.7.0\\Cypress\\resources\\app\\packages\\server\\node_modules\\bluebird\\js\\release\\util.js:16:23)\n    at Promise._settlePromiseFromHandler (C:\\Users\\vdpt0775\\AppData\\Local\\Cypress\\Cache\\9.7.0\\Cypress\\resources\\app\\packages\\server\\node_modules\\bluebird\\js\\release\\promise.js:547:31)\n    at Promise._settlePromise (C:\\Users\\vdpt0775\\AppData\\Local\\Cypress\\Cache\\9.7.0\\Cypress\\resources\\app\\packages\\server\\node_modules\\bluebird\\js\\release\\promise.js:604:18)\n    at Promise._settlePromise0 (C:\\Users\\vdpt0775\\AppData\\Local\\Cypress\\Cache\\9.7.0\\Cypress\\resources\\app\\packages\\server\\node_modules\\bluebird\\js\\release\\promise.js:649:10)\n    at Promise._settlePromises (C:\\Users\\vdpt0775\\AppData\\Local\\Cypress\\Cache\\9.7.0\\Cypress\\resources\\app\\packages\\server\\node_modules\\bluebird\\js\\release\\promise.js:729:18)\n    at Promise._fulfill (C:\\Users\\vdpt0775\\AppData\\Local\\Cypress\\Cache\\9.7.0\\Cypress\\resources\\app\\packages\\server\\node_modules\\bluebird\\js\\release\\promise.js:673:18)\n    at C:\\Users\\vdpt0775\\AppData\\Local\\Cypress\\Cache\\9.7.0\\Cypress\\resources\\app\\packages\\server\\node_modules\\bluebird\\js\\release\\nodeback.js:42:21\n    at f (C:\\Users\\vdpt0775\\AppData\\Local\\Cypress\\Cache\\9.7.0\\Cypress\\resources\\app\\node_modules\\once\\once.js:25:25)\n    at Glob.&lt;anonymous&gt; (C:\\Users\\vdpt0775\\AppData\\Local\\Cypress\\Cache\\9.7.0\\Cypress\\resources\\app\\packages\\server\\node_modules\\glob\\glob.js:151:7)\n    at Glob.emit (node:events:390:28)\n    at Glob._finish (C:\\Users\\vdpt0775\\AppData\\Local\\Cypress\\Cache\\9.7.0\\Cypress\\resources\\app\\packages\\server\\node_modules\\glob\\glob.js:197:8)\n    at done (C:\\Users\\vdpt0775\\AppData\\Local\\Cypress\\Cache\\9.7.0\\Cypress\\resources\\app\\packages\\server\\node_modules\\glob\\glob.js:182:14)\n    at Glob._processSimple2 (C:\\Users\\vdpt0775\\AppData\\Local\\Cypress\\Cache\\9.7.0\\Cypress\\resources\\app\\packages\\server\\node_modules\\glob\\glob.js:688:12)\n    at C:\\Users\\vdpt0775\\AppData\\Local\\Cypress\\Cache\\9.7.0\\Cypress\\resources\\app\\packages\\server\\node_modules\\glob\\glob.js:676:10\n    at Glob._stat2 (C:\\Users\\vdpt0775\\AppData\\Local\\Cypress\\Cache\\9.7.0\\Cypress\\resources\\app\\packages\\server\\node_modules\\glob\\glob.js:772:12)\n    at lstatcb_ (C:\\Users\\vdpt0775\\AppData\\Local\\Cypress\\Cache\\9.7.0\\Cypress\\resources\\app\\packages\\server\\node_modules\\glob\\glob.js:764:12)\n    at RES (C:\\Users\\vdpt0775\\AppData\\Local\\Cypress\\Cache\\9.7.0\\Cypress\\resources\\app\\node_modules\\inflight\\inflight.js:31:16)\n    at f (C:\\Users\\vdpt0775\\AppData\\Local\\Cypress\\Cache\\9.7.0\\Cypress\\resources\\app\\node_modules\\once\\once.js:25:25)\n    at callback (C:\\Users\\vdpt0775\\AppData\\Local\\Cypress\\Cache\\9.7.0\\Cypress\\resources\\app\\node_modules\\graceful-fs\\polyfills.js:299:20)\n    at FSReqCallback.oncomplete (node:fs:198:21)\n&quot;},&quot;uuid&quot;:&quot;3a556197-f097-4419-8f6a-90e9224b6b48&quot;,&quot;parentUUID&quot;:&quot;ee909b9d-4513-4a9d-b6ca-91ad7830c0f3&quot;,&quot;isHook&quot;:false,&quot;skipped&quot;:false},{&quot;title&quot;:&quot;KB-T36593 (1.0)Check whether the Verify Work Email offer is working fine or not&quot;,&quot;fullTitle&quot;:&quot;ED PD Cases KB-T36593 (1.0)Check whether the Verify Work Email offer is working fine or not&quot;,&quot;duration&quot;:713,&quot;state&quot;:&quot;failed&quot;,&quot;pass&quot;:false,&quot;fail&quot;:true,&quot;pending&quot;:false,&quot;code&quot;:&quot;cy.intercept(&#x27;**/home&#x27;, {\n  fixture: &#x27;/home/homePage-pd.json&#x27;\n});\ncy.intercept(&#x27;**/me/pd?type=list&#x27;, {\n  fixture: &#x27;pd/basicDetails/BasicDetailspage.json&#x27;\n});\ncy.intercept(&#x27;**/me/extradetails/pd/workemailverification/otp?email=**&#x27;, {\n  fixture: &#x27;pd/basicDetails/workEmailOTP.json&#x27;\n});\ncy.intercept(&#x27;**/extradetails/pd/workemailverification/otp&#x27;, {\n  fixture: &#x27;/pd/basicDetails/EmailOTPVerification.json&#x27;\n});\ncy.intercept(&#x27;**/workemailverification/status&#x27;, {\n  fixture: &#x27;/pd/basicDetails/EmailStauts.json&#x27;\n});\ncy.visit(&#x27;/newhome&#x27;, {\n  failOnStatusCode: false\n});\n_HomePage.homePage.clickCreditLimitAndDiscountText();\n_PDPage.pdPage.verifyPageTitle(&#x27;Discover your Credit and Pricing&#x27;);\n_PDPage.pdPage.clickBasicDetailsLabel();\n_basicDetailsPage.basicDetailsPage.clickVerifyWorkEmail();\n_basicDetailsPage.basicDetailsPage.clickContinue();\n_VerifyWorkEmailInfoPage.verifyWorkEmailInfoPage.clickContinueButton();\n_verifyWorkEmailPage.verifyWorkEmailPage.enterWorkEmail(&#x27;komodheen.mastan@krazybee.com&#x27;);\n_verifyWorkEmailPage.verifyWorkEmailPage.clickSendOTP();\n_VerifyWorkEmailOTPInputPage.verifyWorkEmailOTPInputPage.enterOTP(&#x27;123456&#x27;);\n_VerifyWorkEmailOTPInputPage.verifyWorkEmailOTPInputPage.clickSubmitButton();\n_emailVerifyingDetailsPage.emailVerifyingDetailsPage.verifyPageTitleText();\n_emailVerifyingDetailsPage.emailVerifyingDetailsPage.verifySubTextOfVerifyingDetails(&#x27; We are verifying the provided information. This may take a few minutes. &#x27;);\n_emailVerifyingDetailsPage.emailVerifyingDetailsPage.verifyRefreshbtn();&quot;,&quot;err&quot;:{&quot;message&quot;:&quot;Error: An error was thrown while processing a network event: A fixture file could not be found at any of the following paths:\n\n    &gt; cypress\\fixtures\\home\\homePage-pd.json\n    &gt; cypress\\fixtures\\home\\homePage-pd.json.[ext]\n\nCypress looked for these file extensions at the provided path:\n\n    &gt; .json, .js, .coffee, .html, .txt, .csv, .png, .jpg, .jpeg, .gif, .tif, .tiff, .zip\n\nProvide a path to an existing fixture file.&quot;,&quot;estack&quot;:&quot;Error: An error was thrown while processing a network event: A fixture file could not be found at any of the following paths:\n\n    &gt; cypress\\fixtures\\home\\homePage-pd.json\n    &gt; cypress\\fixtures\\home\\homePage-pd.json.[ext]\n\nCypress looked for these file extensions at the provided path:\n\n    &gt; .json, .js, .coffee, .html, .txt, .csv, .png, .jpg, .jpeg, .gif, .tif, .tiff, .zip\n\nProvide a path to an existing fixture file.\n    at Object.&lt;anonymous&gt; (C:\\Users\\vdpt0775\\AppData\\Local\\Cypress\\Cache\\9.7.0\\Cypress\\resources\\app\\packages\\server\\lib\\fixture.js:69:30)\n    at Object.tryCatcher (C:\\Users\\vdpt0775\\AppData\\Local\\Cypress\\Cache\\9.7.0\\Cypress\\resources\\app\\packages\\server\\node_modules\\bluebird\\js\\release\\util.js:16:23)\n    at Promise._settlePromiseFromHandler (C:\\Users\\vdpt0775\\AppData\\Local\\Cypress\\Cache\\9.7.0\\Cypress\\resources\\app\\packages\\server\\node_modules\\bluebird\\js\\release\\promise.js:547:31)\n    at Promise._settlePromise (C:\\Users\\vdpt0775\\AppData\\Local\\Cypress\\Cache\\9.7.0\\Cypress\\resources\\app\\packages\\server\\node_modules\\bluebird\\js\\release\\promise.js:604:18)\n    at Promise._settlePromise0 (C:\\Users\\vdpt0775\\AppData\\Local\\Cypress\\Cache\\9.7.0\\Cypress\\resources\\app\\packages\\server\\node_modules\\bluebird\\js\\release\\promise.js:649:10)\n    at Promise._settlePromises (C:\\Users\\vdpt0775\\AppData\\Local\\Cypress\\Cache\\9.7.0\\Cypress\\resources\\app\\packages\\server\\node_modules\\bluebird\\js\\release\\promise.js:729:18)\n    at Promise._fulfill (C:\\Users\\vdpt0775\\AppData\\Local\\Cypress\\Cache\\9.7.0\\Cypress\\resources\\app\\packages\\server\\node_modules\\bluebird\\js\\release\\promise.js:673:18)\n    at C:\\Users\\vdpt0775\\AppData\\Local\\Cypress\\Cache\\9.7.0\\Cypress\\resources\\app\\packages\\server\\node_modules\\bluebird\\js\\release\\nodeback.js:42:21\n    at f (C:\\Users\\vdpt0775\\AppData\\Local\\Cypress\\Cache\\9.7.0\\Cypress\\resources\\app\\node_modules\\once\\once.js:25:25)\n    at Glob.&lt;anonymous&gt; (C:\\Users\\vdpt0775\\AppData\\Local\\Cypress\\Cache\\9.7.0\\Cypress\\resources\\app\\packages\\server\\node_modules\\glob\\glob.js:151:7)\n    at Glob.emit (node:events:390:28)\n    at Glob._finish (C:\\Users\\vdpt0775\\AppData\\Local\\Cypress\\Cache\\9.7.0\\Cypress\\resources\\app\\packages\\server\\node_modules\\glob\\glob.js:197:8)\n    at done (C:\\Users\\vdpt0775\\AppData\\Local\\Cypress\\Cache\\9.7.0\\Cypress\\resources\\app\\packages\\server\\node_modules\\glob\\glob.js:182:14)\n    at Glob._processSimple2 (C:\\Users\\vdpt0775\\AppData\\Local\\Cypress\\Cache\\9.7.0\\Cypress\\resources\\app\\packages\\server\\node_modules\\glob\\glob.js:688:12)\n    at C:\\Users\\vdpt0775\\AppData\\Local\\Cypress\\Cache\\9.7.0\\Cypress\\resources\\app\\packages\\server\\node_modules\\glob\\glob.js:676:10\n    at Glob._stat2 (C:\\Users\\vdpt0775\\AppData\\Local\\Cypress\\Cache\\9.7.0\\Cypress\\resources\\app\\packages\\server\\node_modules\\glob\\glob.js:772:12)\n    at lstatcb_ (C:\\Users\\vdpt0775\\AppData\\Local\\Cypress\\Cache\\9.7.0\\Cypress\\resources\\app\\packages\\server\\node_modules\\glob\\glob.js:764:12)\n    at RES (C:\\Users\\vdpt0775\\AppData\\Local\\Cypress\\Cache\\9.7.0\\Cypress\\resources\\app\\node_modules\\inflight\\inflight.js:31:16)\n    at f (C:\\Users\\vdpt0775\\AppData\\Local\\Cypress\\Cache\\9.7.0\\Cypress\\resources\\app\\node_modules\\once\\once.js:25:25)\n    at callback (C:\\Users\\vdpt0775\\AppData\\Local\\Cypress\\Cache\\9.7.0\\Cypress\\resources\\app\\node_modules\\graceful-fs\\polyfills.js:299:20)\n    at FSReqCallback.oncomplete (node:fs:198:21)\n&quot;},&quot;uuid&quot;:&quot;ebe9e886-22f1-4366-b264-d838effdd111&quot;,&quot;parentUUID&quot;:&quot;ee909b9d-4513-4a9d-b6ca-91ad7830c0f3&quot;,&quot;isHook&quot;:false,&quot;skipped&quot;:false},{&quot;title&quot;:&quot;KB-T36607 (1.0)Check whether the Verify Mobile Trust Score offer is working fine or not&quot;,&quot;fullTitle&quot;:&quot;ED PD Cases KB-T36607 (1.0)Check whether the Verify Mobile Trust Score offer is working fine or not&quot;,&quot;duration&quot;:835,&quot;state&quot;:&quot;failed&quot;,&quot;pass&quot;:false,&quot;fail&quot;:true,&quot;pending&quot;:false,&quot;code&quot;:&quot;cy.intercept(&#x27;**/home&#x27;, {\n  fixture: &#x27;/home/homePage-pd.json&#x27;\n});\ncy.intercept(&#x27;**/me/pd?type=list&#x27;, {\n  fixture: &#x27;/pd/pdDetailsPageAccount.json&#x27;\n});\ncy.intercept(&#x27;**/me/pd?type=list&#x27;, {\n  fixture: &#x27;pd/basicDetails/BasicDetailspage.json&#x27;\n}); //        cy.intercept(&#x27;**/me/pd?type=list&#x27;,{fixture:&#x27;/pd/basicDetails/BasiciDeatilPageOffers.json&#x27;})\ncy.intercept(&#x27;**/me/offers/pd/homepage/basicmobauth?isMock=**&#x27;, {\n  fixture: &#x27;/pd/basicDetails/PdMobilContextPage.json&#x27;\n});\ncy.intercept(&#x27;**/pd/homepage/basicmobauth&#x27;, {\n  fixture: &#x27;/pd/basicDetails/pdVerifyingDetailspage.json&#x27;\n});\ncy.visit(&#x27;/newhome&#x27;, {\n  failOnStatusCode: false\n});\n_HomePage.homePage.clickCreditLimitAndDiscountText();\n_PDPage.pdPage.clickBasicDetailsLabel();\n_basicDetailsPage.basicDetailsPage.clickOnMobileTrustScoreLabel();\n_basicDetailsPage.basicDetailsPage.clickContinue();\n_MobileTrustScoreInfoPage.mobileTrustScoreInfoPage.clickContinuebtn();\n_MobileLetterOfContext.mobileLetterOfContext.clickAcceptAndContinuebtn();\n_MobileTrustScoreOTPInputPage.mobileTrustOTPInputPage.enterOTP(&#x27;1234&#x27;);\n_MobileTrustScoreOTPInputPage.mobileTrustOTPInputPage.clickSubmitbtn();\n_PDVerifyingDetailsPage.pdVerifyingDetailsPage.verifyOKBtn(&#x27;OK&#x27;);&quot;,&quot;err&quot;:{&quot;message&quot;:&quot;Error: An error was thrown while processing a network event: A fixture file could not be found at any of the following paths:\n\n    &gt; cypress\\fixtures\\home\\homePage-pd.json\n    &gt; cypress\\fixtures\\home\\homePage-pd.json.[ext]\n\nCypress looked for these file extensions at the provided path:\n\n    &gt; .json, .js, .coffee, .html, .txt, .csv, .png, .jpg, .jpeg, .gif, .tif, .tiff, .zip\n\nProvide a path to an existing fixture file.&quot;,&quot;estack&quot;:&quot;Error: An error was thrown while processing a network event: A fixture file could not be found at any of the following paths:\n\n    &gt; cypress\\fixtures\\home\\homePage-pd.json\n    &gt; cypress\\fixtures\\home\\homePage-pd.json.[ext]\n\nCypress looked for these file extensions at the provided path:\n\n    &gt; .json, .js, .coffee, .html, .txt, .csv, .png, .jpg, .jpeg, .gif, .tif, .tiff, .zip\n\nProvide a path to an existing fixture file.\n    at Object.&lt;anonymous&gt; (C:\\Users\\vdpt0775\\AppData\\Local\\Cypress\\Cache\\9.7.0\\Cypress\\resources\\app\\packages\\server\\lib\\fixture.js:69:30)\n    at Object.tryCatcher (C:\\Users\\vdpt0775\\AppData\\Local\\Cypress\\Cache\\9.7.0\\Cypress\\resources\\app\\packages\\server\\node_modules\\bluebird\\js\\release\\util.js:16:23)\n    at Promise._settlePromiseFromHandler (C:\\Users\\vdpt0775\\AppData\\Local\\Cypress\\Cache\\9.7.0\\Cypress\\resources\\app\\packages\\server\\node_modules\\bluebird\\js\\release\\promise.js:547:31)\n    at Promise._settlePromise (C:\\Users\\vdpt0775\\AppData\\Local\\Cypress\\Cache\\9.7.0\\Cypress\\resources\\app\\packages\\server\\node_modules\\bluebird\\js\\release\\promise.js:604:18)\n    at Promise._settlePromise0 (C:\\Users\\vdpt0775\\AppData\\Local\\Cypress\\Cache\\9.7.0\\Cypress\\resources\\app\\packages\\server\\node_modules\\bluebird\\js\\release\\promise.js:649:10)\n    at Promise._settlePromises (C:\\Users\\vdpt0775\\AppData\\Local\\Cypress\\Cache\\9.7.0\\Cypress\\resources\\app\\packages\\server\\node_modules\\bluebird\\js\\release\\promise.js:729:18)\n    at Promise._fulfill (C:\\Users\\vdpt0775\\AppData\\Local\\Cypress\\Cache\\9.7.0\\Cypress\\resources\\app\\packages\\server\\node_modules\\bluebird\\js\\release\\promise.js:673:18)\n    at C:\\Users\\vdpt0775\\AppData\\Local\\Cypress\\Cache\\9.7.0\\Cypress\\resources\\app\\packages\\server\\node_modules\\bluebird\\js\\release\\nodeback.js:42:21\n    at f (C:\\Users\\vdpt0775\\AppData\\Local\\Cypress\\Cache\\9.7.0\\Cypress\\resources\\app\\node_modules\\once\\once.js:25:25)\n    at Glob.&lt;anonymous&gt; (C:\\Users\\vdpt0775\\AppData\\Local\\Cypress\\Cache\\9.7.0\\Cypress\\resources\\app\\packages\\server\\node_modules\\glob\\glob.js:151:7)\n    at Glob.emit (node:events:390:28)\n    at Glob._finish (C:\\Users\\vdpt0775\\AppData\\Local\\Cypress\\Cache\\9.7.0\\Cypress\\resources\\app\\packages\\server\\node_modules\\glob\\glob.js:197:8)\n    at done (C:\\Users\\vdpt0775\\AppData\\Local\\Cypress\\Cache\\9.7.0\\Cypress\\resources\\app\\packages\\server\\node_modules\\glob\\glob.js:182:14)\n    at Glob._processSimple2 (C:\\Users\\vdpt0775\\AppData\\Local\\Cypress\\Cache\\9.7.0\\Cypress\\resources\\app\\packages\\server\\node_modules\\glob\\glob.js:688:12)\n    at C:\\Users\\vdpt0775\\AppData\\Local\\Cypress\\Cache\\9.7.0\\Cypress\\resources\\app\\packages\\server\\node_modules\\glob\\glob.js:676:10\n    at Glob._stat2 (C:\\Users\\vdpt0775\\AppData\\Local\\Cypress\\Cache\\9.7.0\\Cypress\\resources\\app\\packages\\server\\node_modules\\glob\\glob.js:772:12)\n    at lstatcb_ (C:\\Users\\vdpt0775\\AppData\\Local\\Cypress\\Cache\\9.7.0\\Cypress\\resources\\app\\packages\\server\\node_modules\\glob\\glob.js:764:12)\n    at RES (C:\\Users\\vdpt0775\\AppData\\Local\\Cypress\\Cache\\9.7.0\\Cypress\\resources\\app\\node_modules\\inflight\\inflight.js:31:16)\n    at f (C:\\Users\\vdpt0775\\AppData\\Local\\Cypress\\Cache\\9.7.0\\Cypress\\resources\\app\\node_modules\\once\\once.js:25:25)\n    at callback (C:\\Users\\vdpt0775\\AppData\\Local\\Cypress\\Cache\\9.7.0\\Cypress\\resources\\app\\node_modules\\graceful-fs\\polyfills.js:299:20)\n    at FSReqCallback.oncomplete (node:fs:198:21)\n&quot;},&quot;uuid&quot;:&quot;fb0c4be7-4cec-4be3-9e0a-28803b88951c&quot;,&quot;parentUUID&quot;:&quot;ee909b9d-4513-4a9d-b6ca-91ad7830c0f3&quot;,&quot;isHook&quot;:false,&quot;skipped&quot;:false},{&quot;title&quot;:&quot;KB-T36712 (1.0) Test case to verify the \&quot;NACH E-Mandate\&quot; page functionality under Setup NACH Auto Debit page(Netbanking)&quot;,&quot;fullTitle&quot;:&quot;ED PD Cases KB-T36712 (1.0) Test case to verify the \&quot;NACH E-Mandate\&quot; page functionality under Setup NACH Auto Debit page(Netbanking)&quot;,&quot;duration&quot;:758,&quot;state&quot;:&quot;failed&quot;,&quot;pass&quot;:false,&quot;fail&quot;:true,&quot;pending&quot;:false,&quot;code&quot;:&quot;cy.intercept(&#x27;**/home&#x27;, {\n  fixture: &#x27;home/homepage-ExtraDetails.json&#x27;\n});\ncy.intercept(&#x27;**/me/extradetails/loan&#x27;, {\n  fixture: &#x27;pd/LoanFlow-ExtraDetails.json&#x27;\n});\ncy.intercept(&#x27;**/me/nachmandate/status&#x27;, {\n  fixture: &#x27;pd/pdStatus-InActive.json&#x27;\n});\ncy.intercept(&#x27;**/me/pd?type=list&amp;source=loan&#x27;, {\n  fixture: &#x27;pd/pdStatus-Inactive-ExtraDetails.json&#x27;\n});\ncy.intercept(&#x27;**/me/bank?productid=****&#x27;, {\n  fixture: &#x27;bank/bankAccountPage-Pd.json&#x27;\n});\ncy.intercept(&#x27;**/loan/enach?mandateType=**&#x27;, {\n  fixture: &#x27;pd/pd-Nach.json&#x27;\n});\ncy.visit(&#x27;/newhome&#x27;, {\n  failOnStatusCode: false\n});\n_HomePage.homePage.clickBlock2Btn();\n_profileReverificationPage.profileReverificationPage.verifyAutoDebitSetupLabel(&#x27;Setup Auto Debit&#x27;);\n_profileReverificationPage.profileReverificationPage.clickAutoDebitSetupLabel();\n_profileReverificationPage.profileReverificationPage.clickContinue();\n_NACHAutoDebitSetupPage.nachAutoDebitSetupPage.clickNACHAutoDebitLabel();\n_NACHAutoDebitSetupPage.nachAutoDebitSetupPage.clickSelectBankAccountButton();\n_AutoDebitSetupInfoPage.autoDebitSetupInfoPage.clickSelectBankAaccountButton();\n_SelectBankAccountPage.selectBankAccountPage.clickSelectModeButton();\n_AutoDebitSetupPage.autoDebitSetupPage.clickSetupNetBanking();\n_AutoDebitSetupPage.autoDebitSetupPage.clickContinueButton();\n_AutoDebitOptionsInfoPage.autoDebitOptionsInfoPage.verifyPageTitle(&#x27;Setup Auto Debit using Netbanking&#x27;);\n_AutoDebitOptionsInfoPage.autoDebitOptionsInfoPage.verifyNetbankingSubSteps(&#x27;Login with your Netbanking username and password on your Bank page to authorize the setup&#x27;);\n_AutoDebitOptionsInfoPage.autoDebitOptionsInfoPage.clickContinuebtn();&quot;,&quot;err&quot;:{&quot;message&quot;:&quot;Error: An error was thrown while processing a network event: A fixture file could not be found at any of the following paths:\n\n    &gt; cypress\\fixtures\\home\\homepage-ExtraDetails.json\n    &gt; cypress\\fixtures\\home\\homepage-ExtraDetails.json.[ext]\n\nCypress looked for these file extensions at the provided path:\n\n    &gt; .json, .js, .coffee, .html, .txt, .csv, .png, .jpg, .jpeg, .gif, .tif, .tiff, .zip\n\nProvide a path to an existing fixture file.&quot;,&quot;estack&quot;:&quot;Error: An error was thrown while processing a network event: A fixture file could not be found at any of the following paths:\n\n    &gt; cypress\\fixtures\\home\\homepage-ExtraDetails.json\n    &gt; cypress\\fixtures\\home\\homepage-ExtraDetails.json.[ext]\n\nCypress looked for these file extensions at the provided path:\n\n    &gt; .json, .js, .coffee, .html, .txt, .csv, .png, .jpg, .jpeg, .gif, .tif, .tiff, .zip\n\nProvide a path to an existing fixture file.\n    at Object.&lt;anonymous&gt; (C:\\Users\\vdpt0775\\AppData\\Local\\Cypress\\Cache\\9.7.0\\Cypress\\resources\\app\\packages\\server\\lib\\fixture.js:69:30)\n    at Object.tryCatcher (C:\\Users\\vdpt0775\\AppData\\Local\\Cypress\\Cache\\9.7.0\\Cypress\\resources\\app\\packages\\server\\node_modules\\bluebird\\js\\release\\util.js:16:23)\n    at Promise._settlePromiseFromHandler (C:\\Users\\vdpt0775\\AppData\\Local\\Cypress\\Cache\\9.7.0\\Cypress\\resources\\app\\packages\\server\\node_modules\\bluebird\\js\\release\\promise.js:547:31)\n    at Promise._settlePromise (C:\\Users\\vdpt0775\\AppData\\Local\\Cypress\\Cache\\9.7.0\\Cypress\\resources\\app\\packages\\server\\node_modules\\bluebird\\js\\release\\promise.js:604:18)\n    at Promise._settlePromise0 (C:\\Users\\vdpt0775\\AppData\\Local\\Cypress\\Cache\\9.7.0\\Cypress\\resources\\app\\packages\\server\\node_modules\\bluebird\\js\\release\\promise.js:649:10)\n    at Promise._settlePromises (C:\\Users\\vdpt0775\\AppData\\Local\\Cypress\\Cache\\9.7.0\\Cypress\\resources\\app\\packages\\server\\node_modules\\bluebird\\js\\release\\promise.js:729:18)\n    at Promise._fulfill (C:\\Users\\vdpt0775\\AppData\\Local\\Cypress\\Cache\\9.7.0\\Cypress\\resources\\app\\packages\\server\\node_modules\\bluebird\\js\\release\\promise.js:673:18)\n    at C:\\Users\\vdpt0775\\AppData\\Local\\Cypress\\Cache\\9.7.0\\Cypress\\resources\\app\\packages\\server\\node_modules\\bluebird\\js\\release\\nodeback.js:42:21\n    at f (C:\\Users\\vdpt0775\\AppData\\Local\\Cypress\\Cache\\9.7.0\\Cypress\\resources\\app\\node_modules\\once\\once.js:25:25)\n    at Glob.&lt;anonymous&gt; (C:\\Users\\vdpt0775\\AppData\\Local\\Cypress\\Cache\\9.7.0\\Cypress\\resources\\app\\packages\\server\\node_modules\\glob\\glob.js:151:7)\n    at Glob.emit (node:events:390:28)\n    at Glob._finish (C:\\Users\\vdpt0775\\AppData\\Local\\Cypress\\Cache\\9.7.0\\Cypress\\resources\\app\\packages\\server\\node_modules\\glob\\glob.js:197:8)\n    at done (C:\\Users\\vdpt0775\\AppData\\Local\\Cypress\\Cache\\9.7.0\\Cypress\\resources\\app\\packages\\server\\node_modules\\glob\\glob.js:182:14)\n    at Glob._processSimple2 (C:\\Users\\vdpt0775\\AppData\\Local\\Cypress\\Cache\\9.7.0\\Cypress\\resources\\app\\packages\\server\\node_modules\\glob\\glob.js:688:12)\n    at C:\\Users\\vdpt0775\\AppData\\Local\\Cypress\\Cache\\9.7.0\\Cypress\\resources\\app\\packages\\server\\node_modules\\glob\\glob.js:676:10\n    at Glob._stat2 (C:\\Users\\vdpt0775\\AppData\\Local\\Cypress\\Cache\\9.7.0\\Cypress\\resources\\app\\packages\\server\\node_modules\\glob\\glob.js:772:12)\n    at lstatcb_ (C:\\Users\\vdpt0775\\AppData\\Local\\Cypress\\Cache\\9.7.0\\Cypress\\resources\\app\\packages\\server\\node_modules\\glob\\glob.js:764:12)\n    at RES (C:\\Users\\vdpt0775\\AppData\\Local\\Cypress\\Cache\\9.7.0\\Cypress\\resources\\app\\node_modules\\inflight\\inflight.js:31:16)\n    at f (C:\\Users\\vdpt0775\\AppData\\Local\\Cypress\\Cache\\9.7.0\\Cypress\\resources\\app\\node_modules\\once\\once.js:25:25)\n    at callback (C:\\Users\\vdpt0775\\AppData\\Local\\Cypress\\Cache\\9.7.0\\Cypress\\resources\\app\\node_modules\\graceful-fs\\polyfills.js:299:20)\n    at FSReqCallback.oncomplete (node:fs:198:21)\n&quot;},&quot;uuid&quot;:&quot;85046763-d452-425d-8a60-e4407bf29008&quot;,&quot;parentUUID&quot;:&quot;ee909b9d-4513-4a9d-b6ca-91ad7830c0f3&quot;,&quot;isHook&quot;:false,&quot;skipped&quot;:false},{&quot;title&quot;:&quot;KB-T23062 (1.0) Check whether the Profile Reverification required page is displayed or not when edGroupAction column is set as userNotActed &quot;,&quot;fullTitle&quot;:&quot;ED PD Cases KB-T23062 (1.0) Check whether the Profile Reverification required page is displayed or not when edGroupAction column is set as userNotActed &quot;,&quot;duration&quot;:643,&quot;state&quot;:&quot;failed&quot;,&quot;pass&quot;:false,&quot;fail&quot;:true,&quot;pending&quot;:false,&quot;code&quot;:&quot;cy.intercept(&#x27;**/home&#x27;, {\n  fixture: &#x27;extraDetails/homepage-loanflow.json&#x27;\n});\ncy.intercept(&#x27;**/me/extradetails/loan&#x27;, {\n  fixture: &#x27;extraDetails/LoanPage-EDflow.json&#x27;\n});\ncy.visit(&#x27;/newhome&#x27;, {\n  failOnStatusCode: false\n});\n_HomePage.homePage.verifyApplyNowButton(&#x27;APPLY NOW&#x27;);\n_HomePage.homePage.verifyBankTransferUptoLabel(&#x27;BANK TRANSFER UPTO&#x27;);\n_HomePage.homePage.clickFPLGetNowBtn();\n_ProfileInformationPage.profileInformationPage.verifyPagetitle(&#x27;Profile re-verification required&#x27;);\n_profileReverificationPage.profileReverificationPage.verifyHouseHoldIncomeLabel(&#x27;Verify Household Income&#x27;);&quot;,&quot;err&quot;:{&quot;message&quot;:&quot;Error: An error was thrown while processing a network event: A fixture file could not be found at any of the following paths:\n\n    &gt; cypress\\fixtures\\extraDetails\\homepage-loanflow.json\n    &gt; cypress\\fixtures\\extraDetails\\homepage-loanflow.json.[ext]\n\nCypress looked for these file extensions at the provided path:\n\n    &gt; .json, .js, .coffee, .html, .txt, .csv, .png, .jpg, .jpeg, .gif, .tif, .tiff, .zip\n\nProvide a path to an existing fixture file.&quot;,&quot;estack&quot;:&quot;Error: An error was thrown while processing a network event: A fixture file could not be found at any of the following paths:\n\n    &gt; cypress\\fixtures\\extraDetails\\homepage-loanflow.json\n    &gt; cypress\\fixtures\\extraDetails\\homepage-loanflow.json.[ext]\n\nCypress looked for these file extensions at the provided path:\n\n    &gt; .json, .js, .coffee, .html, .txt, .csv, .png, .jpg, .jpeg, .gif, .tif, .tiff, .zip\n\nProvide a path to an existing fixture file.\n    at Object.&lt;anonymous&gt; (C:\\Users\\vdpt0775\\AppData\\Local\\Cypress\\Cache\\9.7.0\\Cypress\\resources\\app\\packages\\server\\lib\\fixture.js:69:30)\n    at Object.tryCatcher (C:\\Users\\vdpt0775\\AppData\\Local\\Cypress\\Cache\\9.7.0\\Cypress\\resources\\app\\packages\\server\\node_modules\\bluebird\\js\\release\\util.js:16:23)\n    at Promise._settlePromiseFromHandler (C:\\Users\\vdpt0775\\AppData\\Local\\Cypress\\Cache\\9.7.0\\Cypress\\resources\\app\\packages\\server\\node_modules\\bluebird\\js\\release\\promise.js:547:31)\n    at Promise._settlePromise (C:\\Users\\vdpt0775\\AppData\\Local\\Cypress\\Cache\\9.7.0\\Cypress\\resources\\app\\packages\\server\\node_modules\\bluebird\\js\\release\\promise.js:604:18)\n    at Promise._settlePromise0 (C:\\Users\\vdpt0775\\AppData\\Local\\Cypress\\Cache\\9.7.0\\Cypress\\resources\\app\\packages\\server\\node_modules\\bluebird\\js\\release\\promise.js:649:10)\n    at Promise._settlePromises (C:\\Users\\vdpt0775\\AppData\\Local\\Cypress\\Cache\\9.7.0\\Cypress\\resources\\app\\packages\\server\\node_modules\\bluebird\\js\\release\\promise.js:729:18)\n    at Promise._fulfill (C:\\Users\\vdpt0775\\AppData\\Local\\Cypress\\Cache\\9.7.0\\Cypress\\resources\\app\\packages\\server\\node_modules\\bluebird\\js\\release\\promise.js:673:18)\n    at C:\\Users\\vdpt0775\\AppData\\Local\\Cypress\\Cache\\9.7.0\\Cypress\\resources\\app\\packages\\server\\node_modules\\bluebird\\js\\release\\nodeback.js:42:21\n    at f (C:\\Users\\vdpt0775\\AppData\\Local\\Cypress\\Cache\\9.7.0\\Cypress\\resources\\app\\node_modules\\once\\once.js:25:25)\n    at Glob.&lt;anonymous&gt; (C:\\Users\\vdpt0775\\AppData\\Local\\Cypress\\Cache\\9.7.0\\Cypress\\resources\\app\\packages\\server\\node_modules\\glob\\glob.js:151:7)\n    at Glob.emit (node:events:390:28)\n    at Glob._finish (C:\\Users\\vdpt0775\\AppData\\Local\\Cypress\\Cache\\9.7.0\\Cypress\\resources\\app\\packages\\server\\node_modules\\glob\\glob.js:197:8)\n    at done (C:\\Users\\vdpt0775\\AppData\\Local\\Cypress\\Cache\\9.7.0\\Cypress\\resources\\app\\packages\\server\\node_modules\\glob\\glob.js:182:14)\n    at Glob._processSimple2 (C:\\Users\\vdpt0775\\AppData\\Local\\Cypress\\Cache\\9.7.0\\Cypress\\resources\\app\\packages\\server\\node_modules\\glob\\glob.js:688:12)\n    at C:\\Users\\vdpt0775\\AppData\\Local\\Cypress\\Cache\\9.7.0\\Cypress\\resources\\app\\packages\\server\\node_modules\\glob\\glob.js:676:10\n    at Glob._stat2 (C:\\Users\\vdpt0775\\AppData\\Local\\Cypress\\Cache\\9.7.0\\Cypress\\resources\\app\\packages\\server\\node_modules\\glob\\glob.js:772:12)\n    at lstatcb_ (C:\\Users\\vdpt0775\\AppData\\Local\\Cypress\\Cache\\9.7.0\\Cypress\\resources\\app\\packages\\server\\node_modules\\glob\\glob.js:764:12)\n    at RES (C:\\Users\\vdpt0775\\AppData\\Local\\Cypress\\Cache\\9.7.0\\Cypress\\resources\\app\\node_modules\\inflight\\inflight.js:31:16)\n    at f (C:\\Users\\vdpt0775\\AppData\\Local\\Cypress\\Cache\\9.7.0\\Cypress\\resources\\app\\node_modules\\once\\once.js:25:25)\n    at callback (C:\\Users\\vdpt0775\\AppData\\Local\\Cypress\\Cache\\9.7.0\\Cypress\\resources\\app\\node_modules\\graceful-fs\\polyfills.js:299:20)\n    at FSReqCallback.oncomplete (node:fs:198:21)\n&quot;},&quot;uuid&quot;:&quot;557c4d4f-2b17-4a73-9fc9-41f31d24dac6&quot;,&quot;parentUUID&quot;:&quot;ee909b9d-4513-4a9d-b6ca-91ad7830c0f3&quot;,&quot;isHook&quot;:false,&quot;skipped&quot;:false},{&quot;title&quot;:&quot;1.KB-T36844 Check whether the ITR-V validation offer is working fine or not&quot;,&quot;fullTitle&quot;:&quot;ED PD Cases 1.KB-T36844 Check whether the ITR-V validation offer is working fine or not&quot;,&quot;duration&quot;:635,&quot;state&quot;:&quot;failed&quot;,&quot;pass&quot;:false,&quot;fail&quot;:true,&quot;pending&quot;:false,&quot;code&quot;:&quot;cy.intercept(&#x27;**/home&#x27;, {\n  fixture: &#x27;home/homePage-pd.json&#x27;\n});\ncy.intercept(&#x27;**/me/pd?type=list&#x27;, {\n  fixture: &#x27;pd/pdBusinessDetails.json&#x27;\n});\ncy.intercept(&#x27;**/me?type=pddocs&#x27;, {\n  fixture: &#x27;pd/incomeVerificationPage-DocUpload.json&#x27;\n});\ncy.intercept(&#x27;**/me/profile/doc&#x27;, {\n  fixture: &#x27;pd/itrvUpload.json&#x27;\n});\ncy.visit(&#x27;/newhome&#x27;, {\n  failOnStatusCode: false\n});\n_HomePage.homePage.clickCreditLimitAndDiscountText();\n_PDPage.pdPage.verifyPageTitle(&#x27;Discover your Credit and Pricing&#x27;);\n_PDPage.pdPage.clickIncomeVerificationLabel();\n_IncomeVerificationPage.incomeVerificationPage.verifyPageTitle(&#x27;Income Verification&#x27;);\n_IncomeVerificationPage.incomeVerificationPage.verifyITRVLabel(&#x27;ITR-V validation&#x27;);\n_IncomeVerificationPage.incomeVerificationPage.clickITRVLabel();\n_IncomeVerificationPage.incomeVerificationPage.clickContinueButton();\n_ITR5ValiationInfoPage.itrvValiationInfoPage.clickContinueButton();\ncy.wait(3000);\n_ITR5ValdiationPage.itrvValdiationPage.clickContinueButton();\n_PDVerifyingDetailsPage.pdVerifyingDetailsPage.clickOKButton();&quot;,&quot;err&quot;:{&quot;message&quot;:&quot;Error: An error was thrown while processing a network event: A fixture file could not be found at any of the following paths:\n\n    &gt; cypress\\fixtures\\home\\homePage-pd.json\n    &gt; cypress\\fixtures\\home\\homePage-pd.json.[ext]\n\nCypress looked for these file extensions at the provided path:\n\n    &gt; .json, .js, .coffee, .html, .txt, .csv, .png, .jpg, .jpeg, .gif, .tif, .tiff, .zip\n\nProvide a path to an existing fixture file.&quot;,&quot;estack&quot;:&quot;Error: An error was thrown while processing a network event: A fixture file could not be found at any of the following paths:\n\n    &gt; cypress\\fixtures\\home\\homePage-pd.json\n    &gt; cypress\\fixtures\\home\\homePage-pd.json.[ext]\n\nCypress looked for these file extensions at the provided path:\n\n    &gt; .json, .js, .coffee, .html, .txt, .csv, .png, .jpg, .jpeg, .gif, .tif, .tiff, .zip\n\nProvide a path to an existing fixture file.\n    at Object.&lt;anonymous&gt; (C:\\Users\\vdpt0775\\AppData\\Local\\Cypress\\Cache\\9.7.0\\Cypress\\resources\\app\\packages\\server\\lib\\fixture.js:69:30)\n    at Object.tryCatcher (C:\\Users\\vdpt0775\\AppData\\Local\\Cypress\\Cache\\9.7.0\\Cypress\\resources\\app\\packages\\server\\node_modules\\bluebird\\js\\release\\util.js:16:23)\n    at Promise._settlePromiseFromHandler (C:\\Users\\vdpt0775\\AppData\\Local\\Cypress\\Cache\\9.7.0\\Cypress\\resources\\app\\packages\\server\\node_modules\\bluebird\\js\\release\\promise.js:547:31)\n    at Promise._settlePromise (C:\\Users\\vdpt0775\\AppData\\Local\\Cypress\\Cache\\9.7.0\\Cypress\\resources\\app\\packages\\server\\node_modules\\bluebird\\js\\release\\promise.js:604:18)\n    at Promise._settlePromise0 (C:\\Users\\vdpt0775\\AppData\\Local\\Cypress\\Cache\\9.7.0\\Cypress\\resources\\app\\packages\\server\\node_modules\\bluebird\\js\\release\\promise.js:649:10)\n    at Promise._settlePromises (C:\\Users\\vdpt0775\\AppData\\Local\\Cypress\\Cache\\9.7.0\\Cypress\\resources\\app\\packages\\server\\node_modules\\bluebird\\js\\release\\promise.js:729:18)\n    at Promise._fulfill (C:\\Users\\vdpt0775\\AppData\\Local\\Cypress\\Cache\\9.7.0\\Cypress\\resources\\app\\packages\\server\\node_modules\\bluebird\\js\\release\\promise.js:673:18)\n    at C:\\Users\\vdpt0775\\AppData\\Local\\Cypress\\Cache\\9.7.0\\Cypress\\resources\\app\\packages\\server\\node_modules\\bluebird\\js\\release\\nodeback.js:42:21\n    at f (C:\\Users\\vdpt0775\\AppData\\Local\\Cypress\\Cache\\9.7.0\\Cypress\\resources\\app\\node_modules\\once\\once.js:25:25)\n    at Glob.&lt;anonymous&gt; (C:\\Users\\vdpt0775\\AppData\\Local\\Cypress\\Cache\\9.7.0\\Cypress\\resources\\app\\packages\\server\\node_modules\\glob\\glob.js:151:7)\n    at Glob.emit (node:events:390:28)\n    at Glob._finish (C:\\Users\\vdpt0775\\AppData\\Local\\Cypress\\Cache\\9.7.0\\Cypress\\resources\\app\\packages\\server\\node_modules\\glob\\glob.js:197:8)\n    at done (C:\\Users\\vdpt0775\\AppData\\Local\\Cypress\\Cache\\9.7.0\\Cypress\\resources\\app\\packages\\server\\node_modules\\glob\\glob.js:182:14)\n    at Glob._processSimple2 (C:\\Users\\vdpt0775\\AppData\\Local\\Cypress\\Cache\\9.7.0\\Cypress\\resources\\app\\packages\\server\\node_modules\\glob\\glob.js:688:12)\n    at C:\\Users\\vdpt0775\\AppData\\Local\\Cypress\\Cache\\9.7.0\\Cypress\\resources\\app\\packages\\server\\node_modules\\glob\\glob.js:676:10\n    at Glob._stat2 (C:\\Users\\vdpt0775\\AppData\\Local\\Cypress\\Cache\\9.7.0\\Cypress\\resources\\app\\packages\\server\\node_modules\\glob\\glob.js:772:12)\n    at lstatcb_ (C:\\Users\\vdpt0775\\AppData\\Local\\Cypress\\Cache\\9.7.0\\Cypress\\resources\\app\\packages\\server\\node_modules\\glob\\glob.js:764:12)\n    at RES (C:\\Users\\vdpt0775\\AppData\\Local\\Cypress\\Cache\\9.7.0\\Cypress\\resources\\app\\node_modules\\inflight\\inflight.js:31:16)\n    at f (C:\\Users\\vdpt0775\\AppData\\Local\\Cypress\\Cache\\9.7.0\\Cypress\\resources\\app\\node_modules\\once\\once.js:25:25)\n    at callback (C:\\Users\\vdpt0775\\AppData\\Local\\Cypress\\Cache\\9.7.0\\Cypress\\resources\\app\\node_modules\\graceful-fs\\polyfills.js:299:20)\n    at FSReqCallback.oncomplete (node:fs:198:21)\n&quot;},&quot;uuid&quot;:&quot;b80756dd-9145-4eb6-adf0-b281fdd46d47&quot;,&quot;parentUUID&quot;:&quot;ee909b9d-4513-4a9d-b6ca-91ad7830c0f3&quot;,&quot;isHook&quot;:false,&quot;skipped&quot;:false},{&quot;title&quot;:&quot;2.KB-T36844 Check whether the ITR-V validation offer is working fine or not&quot;,&quot;fullTitle&quot;:&quot;ED PD Cases 2.KB-T36844 Check whether the ITR-V validation offer is working fine or not&quot;,&quot;duration&quot;:633,&quot;state&quot;:&quot;failed&quot;,&quot;pass&quot;:false,&quot;fail&quot;:true,&quot;pending&quot;:false,&quot;code&quot;:&quot;cy.intercept(&#x27;**/home&#x27;, {\n  fixture: &#x27;home/homePage-pd.json&#x27;\n});\ncy.intercept(&#x27;**/me/pd?type=list&#x27;, {\n  fixture: &#x27;pd/incomeverificationPage-UploadedSucess-ITRV.json&#x27;\n});\ncy.visit(&#x27;/newhome&#x27;, {\n  failOnStatusCode: false\n});\n_HomePage.homePage.clickCreditLimitAndDiscountText();\n_PDPage.pdPage.verifyPageTitle(&#x27;Discover your Credit and Pricing&#x27;);\n_PDPage.pdPage.clickIncomeVerificationLabel();\n_IncomeVerificationPage.incomeVerificationPage.verifyPageTitle(&#x27;Income Verification&#x27;);\n_IncomeVerificationPage.incomeVerificationPage.verifyITRVLabel(&#x27;ITR-V validation&#x27;);\n_IncomeVerificationPage.incomeVerificationPage.verifyITRVSubText(&#x27;Complete&#x27;);&quot;,&quot;err&quot;:{&quot;message&quot;:&quot;Error: An error was thrown while processing a network event: A fixture file could not be found at any of the following paths:\n\n    &gt; cypress\\fixtures\\home\\homePage-pd.json\n    &gt; cypress\\fixtures\\home\\homePage-pd.json.[ext]\n\nCypress looked for these file extensions at the provided path:\n\n    &gt; .json, .js, .coffee, .html, .txt, .csv, .png, .jpg, .jpeg, .gif, .tif, .tiff, .zip\n\nProvide a path to an existing fixture file.&quot;,&quot;estack&quot;:&quot;Error: An error was thrown while processing a network event: A fixture file could not be found at any of the following paths:\n\n    &gt; cypress\\fixtures\\home\\homePage-pd.json\n    &gt; cypress\\fixtures\\home\\homePage-pd.json.[ext]\n\nCypress looked for these file extensions at the provided path:\n\n    &gt; .json, .js, .coffee, .html, .txt, .csv, .png, .jpg, .jpeg, .gif, .tif, .tiff, .zip\n\nProvide a path to an existing fixture file.\n    at Object.&lt;anonymous&gt; (C:\\Users\\vdpt0775\\AppData\\Local\\Cypress\\Cache\\9.7.0\\Cypress\\resources\\app\\packages\\server\\lib\\fixture.js:69:30)\n    at Object.tryCatcher (C:\\Users\\vdpt0775\\AppData\\Local\\Cypress\\Cache\\9.7.0\\Cypress\\resources\\app\\packages\\server\\node_modules\\bluebird\\js\\release\\util.js:16:23)\n    at Promise._settlePromiseFromHandler (C:\\Users\\vdpt0775\\AppData\\Local\\Cypress\\Cache\\9.7.0\\Cypress\\resources\\app\\packages\\server\\node_modules\\bluebird\\js\\release\\promise.js:547:31)\n    at Promise._settlePromise (C:\\Users\\vdpt0775\\AppData\\Local\\Cypress\\Cache\\9.7.0\\Cypress\\resources\\app\\packages\\server\\node_modules\\bluebird\\js\\release\\promise.js:604:18)\n    at Promise._settlePromise0 (C:\\Users\\vdpt0775\\AppData\\Local\\Cypress\\Cache\\9.7.0\\Cypress\\resources\\app\\packages\\server\\node_modules\\bluebird\\js\\release\\promise.js:649:10)\n    at Promise._settlePromises (C:\\Users\\vdpt0775\\AppData\\Local\\Cypress\\Cache\\9.7.0\\Cypress\\resources\\app\\packages\\server\\node_modules\\bluebird\\js\\release\\promise.js:729:18)\n    at Promise._fulfill (C:\\Users\\vdpt0775\\AppData\\Local\\Cypress\\Cache\\9.7.0\\Cypress\\resources\\app\\packages\\server\\node_modules\\bluebird\\js\\release\\promise.js:673:18)\n    at C:\\Users\\vdpt0775\\AppData\\Local\\Cypress\\Cache\\9.7.0\\Cypress\\resources\\app\\packages\\server\\node_modules\\bluebird\\js\\release\\nodeback.js:42:21\n    at f (C:\\Users\\vdpt0775\\AppData\\Local\\Cypress\\Cache\\9.7.0\\Cypress\\resources\\app\\node_modules\\once\\once.js:25:25)\n    at Glob.&lt;anonymous&gt; (C:\\Users\\vdpt0775\\AppData\\Local\\Cypress\\Cache\\9.7.0\\Cypress\\resources\\app\\packages\\server\\node_modules\\glob\\glob.js:151:7)\n    at Glob.emit (node:events:390:28)\n    at Glob._finish (C:\\Users\\vdpt0775\\AppData\\Local\\Cypress\\Cache\\9.7.0\\Cypress\\resources\\app\\packages\\server\\node_modules\\glob\\glob.js:197:8)\n    at done (C:\\Users\\vdpt0775\\AppData\\Local\\Cypress\\Cache\\9.7.0\\Cypress\\resources\\app\\packages\\server\\node_modules\\glob\\glob.js:182:14)\n    at Glob._processSimple2 (C:\\Users\\vdpt0775\\AppData\\Local\\Cypress\\Cache\\9.7.0\\Cypress\\resources\\app\\packages\\server\\node_modules\\glob\\glob.js:688:12)\n    at C:\\Users\\vdpt0775\\AppData\\Local\\Cypress\\Cache\\9.7.0\\Cypress\\resources\\app\\packages\\server\\node_modules\\glob\\glob.js:676:10\n    at Glob._stat2 (C:\\Users\\vdpt0775\\AppData\\Local\\Cypress\\Cache\\9.7.0\\Cypress\\resources\\app\\packages\\server\\node_modules\\glob\\glob.js:772:12)\n    at lstatcb_ (C:\\Users\\vdpt0775\\AppData\\Local\\Cypress\\Cache\\9.7.0\\Cypress\\resources\\app\\packages\\server\\node_modules\\glob\\glob.js:764:12)\n    at RES (C:\\Users\\vdpt0775\\AppData\\Local\\Cypress\\Cache\\9.7.0\\Cypress\\resources\\app\\node_modules\\inflight\\inflight.js:31:16)\n    at f (C:\\Users\\vdpt0775\\AppData\\Local\\Cypress\\Cache\\9.7.0\\Cypress\\resources\\app\\node_modules\\once\\once.js:25:25)\n    at callback (C:\\Users\\vdpt0775\\AppData\\Local\\Cypress\\Cache\\9.7.0\\Cypress\\resources\\app\\node_modules\\graceful-fs\\polyfills.js:299:20)\n    at FSReqCallback.oncomplete (node:fs:198:21)\n&quot;},&quot;uuid&quot;:&quot;5f20be3a-0838-4bcd-93ef-4d0f16eb0b2c&quot;,&quot;parentUUID&quot;:&quot;ee909b9d-4513-4a9d-b6ca-91ad7830c0f3&quot;,&quot;isHook&quot;:false,&quot;skipped&quot;:false},{&quot;title&quot;:&quot;KB-T51725 Check whether Business Details option is showing in Discover and Credit page&quot;,&quot;fullTitle&quot;:&quot;ED PD Cases KB-T51725 Check whether Business Details option is showing in Discover and Credit page&quot;,&quot;duration&quot;:613,&quot;state&quot;:&quot;failed&quot;,&quot;pass&quot;:false,&quot;fail&quot;:true,&quot;pending&quot;:false,&quot;code&quot;:&quot;cy.intercept(&#x27;**/home&#x27;, {\n  fixture: &#x27;/home/homePage-pd.json&#x27;\n});\ncy.intercept(&#x27;**/myaccount&#x27;, {\n  fixture: &#x27;accounts/accountsPage.json&#x27;\n});\ncy.intercept(&#x27;**/me/pd?type=list&#x27;, {\n  fixture: &#x27;pd/pdDetailsPage-OfferList.json&#x27;\n});\ncy.visit(&#x27;/newhome&#x27;, {\n  failOnStatusCode: false\n});\n_FooterPage.footerPage.clickAccountIcon();\n_AccountsPage.accountsPage.clickDiscountAndCreditText();\n_PDPage.pdPage.verifyBasicDetailsLabel(&#x27;Basic Details&#x27;);\n_PDPage.pdPage.verifyIncomeVerificationLabel(&#x27;Income Verification&#x27;);\n_PDPage.pdPage.verifyAutoDebitSetupLabel(&#x27;Auto Debit Setup&#x27;);\n_PDPage.pdPage.verifyAssestvalidationLabel(&#x27;Asset Validation&#x27;);\n_PDPage.pdPage.verifyBuinessDetailsLabel(&#x27;Business Details&#x27;);&quot;,&quot;err&quot;:{&quot;message&quot;:&quot;Error: An error was thrown while processing a network event: A fixture file could not be found at any of the following paths:\n\n    &gt; cypress\\fixtures\\home\\homePage-pd.json\n    &gt; cypress\\fixtures\\home\\homePage-pd.json.[ext]\n\nCypress looked for these file extensions at the provided path:\n\n    &gt; .json, .js, .coffee, .html, .txt, .csv, .png, .jpg, .jpeg, .gif, .tif, .tiff, .zip\n\nProvide a path to an existing fixture file.&quot;,&quot;estack&quot;:&quot;Error: An error was thrown while processing a network event: A fixture file could not be found at any of the following paths:\n\n    &gt; cypress\\fixtures\\home\\homePage-pd.json\n    &gt; cypress\\fixtures\\home\\homePage-pd.json.[ext]\n\nCypress looked for these file extensions at the provided path:\n\n    &gt; .json, .js, .coffee, .html, .txt, .csv, .png, .jpg, .jpeg, .gif, .tif, .tiff, .zip\n\nProvide a path to an existing fixture file.\n    at Object.&lt;anonymous&gt; (C:\\Users\\vdpt0775\\AppData\\Local\\Cypress\\Cache\\9.7.0\\Cypress\\resources\\app\\packages\\server\\lib\\fixture.js:69:30)\n    at Object.tryCatcher (C:\\Users\\vdpt0775\\AppData\\Local\\Cypress\\Cache\\9.7.0\\Cypress\\resources\\app\\packages\\server\\node_modules\\bluebird\\js\\release\\util.js:16:23)\n    at Promise._settlePromiseFromHandler (C:\\Users\\vdpt0775\\AppData\\Local\\Cypress\\Cache\\9.7.0\\Cypress\\resources\\app\\packages\\server\\node_modules\\bluebird\\js\\release\\promise.js:547:31)\n    at Promise._settlePromise (C:\\Users\\vdpt0775\\AppData\\Local\\Cypress\\Cache\\9.7.0\\Cypress\\resources\\app\\packages\\server\\node_modules\\bluebird\\js\\release\\promise.js:604:18)\n    at Promise._settlePromise0 (C:\\Users\\vdpt0775\\AppData\\Local\\Cypress\\Cache\\9.7.0\\Cypress\\resources\\app\\packages\\server\\node_modules\\bluebird\\js\\release\\promise.js:649:10)\n    at Promise._settlePromises (C:\\Users\\vdpt0775\\AppData\\Local\\Cypress\\Cache\\9.7.0\\Cypress\\resources\\app\\packages\\server\\node_modules\\bluebird\\js\\release\\promise.js:729:18)\n    at Promise._fulfill (C:\\Users\\vdpt0775\\AppData\\Local\\Cypress\\Cache\\9.7.0\\Cypress\\resources\\app\\packages\\server\\node_modules\\bluebird\\js\\release\\promise.js:673:18)\n    at C:\\Users\\vdpt0775\\AppData\\Local\\Cypress\\Cache\\9.7.0\\Cypress\\resources\\app\\packages\\server\\node_modules\\bluebird\\js\\release\\nodeback.js:42:21\n    at f (C:\\Users\\vdpt0775\\AppData\\Local\\Cypress\\Cache\\9.7.0\\Cypress\\resources\\app\\node_modules\\once\\once.js:25:25)\n    at Glob.&lt;anonymous&gt; (C:\\Users\\vdpt0775\\AppData\\Local\\Cypress\\Cache\\9.7.0\\Cypress\\resources\\app\\packages\\server\\node_modules\\glob\\glob.js:151:7)\n    at Glob.emit (node:events:390:28)\n    at Glob._finish (C:\\Users\\vdpt0775\\AppData\\Local\\Cypress\\Cache\\9.7.0\\Cypress\\resources\\app\\packages\\server\\node_modules\\glob\\glob.js:197:8)\n    at done (C:\\Users\\vdpt0775\\AppData\\Local\\Cypress\\Cache\\9.7.0\\Cypress\\resources\\app\\packages\\server\\node_modules\\glob\\glob.js:182:14)\n    at Glob._processSimple2 (C:\\Users\\vdpt0775\\AppData\\Local\\Cypress\\Cache\\9.7.0\\Cypress\\resources\\app\\packages\\server\\node_modules\\glob\\glob.js:688:12)\n    at C:\\Users\\vdpt0775\\AppData\\Local\\Cypress\\Cache\\9.7.0\\Cypress\\resources\\app\\packages\\server\\node_modules\\glob\\glob.js:676:10\n    at Glob._stat2 (C:\\Users\\vdpt0775\\AppData\\Local\\Cypress\\Cache\\9.7.0\\Cypress\\resources\\app\\packages\\server\\node_modules\\glob\\glob.js:772:12)\n    at lstatcb_ (C:\\Users\\vdpt0775\\AppData\\Local\\Cypress\\Cache\\9.7.0\\Cypress\\resources\\app\\packages\\server\\node_modules\\glob\\glob.js:764:12)\n    at RES (C:\\Users\\vdpt0775\\AppData\\Local\\Cypress\\Cache\\9.7.0\\Cypress\\resources\\app\\node_modules\\inflight\\inflight.js:31:16)\n    at f (C:\\Users\\vdpt0775\\AppData\\Local\\Cypress\\Cache\\9.7.0\\Cypress\\resources\\app\\node_modules\\once\\once.js:25:25)\n    at callback (C:\\Users\\vdpt0775\\AppData\\Local\\Cypress\\Cache\\9.7.0\\Cypress\\resources\\app\\node_modules\\graceful-fs\\polyfills.js:299:20)\n    at FSReqCallback.oncomplete (node:fs:198:21)\n&quot;},&quot;uuid&quot;:&quot;85c43483-5030-45bb-a885-1b806a619f49&quot;,&quot;parentUUID&quot;:&quot;ee909b9d-4513-4a9d-b6ca-91ad7830c0f3&quot;,&quot;isHook&quot;:false,&quot;skipped&quot;:false},{&quot;title&quot;:&quot;KB-T54369 (1.0) Check when config is enabled for \&quot; GST Details Verification\&quot; Offer it should be displayed in Business Details Group&quot;,&quot;fullTitle&quot;:&quot;ED PD Cases KB-T54369 (1.0) Check when config is enabled for \&quot; GST Details Verification\&quot; Offer it should be displayed in Business Details Group&quot;,&quot;duration&quot;:644,&quot;state&quot;:&quot;failed&quot;,&quot;pass&quot;:false,&quot;fail&quot;:true,&quot;pending&quot;:false,&quot;code&quot;:&quot;cy.intercept(&#x27;**/home&#x27;, {\n  fixture: &#x27;/home/homePage-pd.json&#x27;\n});\ncy.intercept(&#x27;**/myaccount&#x27;, {\n  fixture: &#x27;accounts/accountsPage.json&#x27;\n});\ncy.intercept(&#x27;**/me/pd?type=list&#x27;, {\n  fixture: &#x27;/pd/pdBusinessDetails.json&#x27;\n});\ncy.intercept(&#x27;**/me/pd?type=googleSync&amp;mobile=***&#x27;, {\n  fixture: &#x27;pd/basicDetails/RegisteredMobileNumber-LetterOfConsent.json&#x27;\n});\ncy.visit(&#x27;/newhome&#x27;, {\n  failOnStatusCode: false\n});\n_FooterPage.footerPage.clickAccountIcon();\n_AccountsPage.accountsPage.clickDiscountAndCreditText();\n_PDPage.pdPage.verifyBasicDetailsLabel(&#x27;Basic Details&#x27;);\n_PDPage.pdPage.verifyBuinessDetailsLabel();\n_PDPage.pdPage.clickBusinessDetailsLabel();\n_businessDetailsPage.businessDetailsPage.verifyGSTVerificationSubText(&#x27;Avail discount upto&#x27;);\n_businessDetailsPage.businessDetailsPage.verifyGSTNumberVerificationLabel(&#x27;GST Number Verification&#x27;);\n_businessDetailsPage.businessDetailsPage.verifyPageTitle(&#x27;Business Details&#x27;);&quot;,&quot;err&quot;:{&quot;message&quot;:&quot;Error: An error was thrown while processing a network event: A fixture file could not be found at any of the following paths:\n\n    &gt; cypress\\fixtures\\home\\homePage-pd.json\n    &gt; cypress\\fixtures\\home\\homePage-pd.json.[ext]\n\nCypress looked for these file extensions at the provided path:\n\n    &gt; .json, .js, .coffee, .html, .txt, .csv, .png, .jpg, .jpeg, .gif, .tif, .tiff, .zip\n\nProvide a path to an existing fixture file.&quot;,&quot;estack&quot;:&quot;Error: An error was thrown while processing a network event: A fixture file could not be found at any of the following paths:\n\n    &gt; cypress\\fixtures\\home\\homePage-pd.json\n    &gt; cypress\\fixtures\\home\\homePage-pd.json.[ext]\n\nCypress looked for these file extensions at the provided path:\n\n    &gt; .json, .js, .coffee, .html, .txt, .csv, .png, .jpg, .jpeg, .gif, .tif, .tiff, .zip\n\nProvide a path to an existing fixture file.\n    at Object.&lt;anonymous&gt; (C:\\Users\\vdpt0775\\AppData\\Local\\Cypress\\Cache\\9.7.0\\Cypress\\resources\\app\\packages\\server\\lib\\fixture.js:69:30)\n    at Object.tryCatcher (C:\\Users\\vdpt0775\\AppData\\Local\\Cypress\\Cache\\9.7.0\\Cypress\\resources\\app\\packages\\server\\node_modules\\bluebird\\js\\release\\util.js:16:23)\n    at Promise._settlePromiseFromHandler (C:\\Users\\vdpt0775\\AppData\\Local\\Cypress\\Cache\\9.7.0\\Cypress\\resources\\app\\packages\\server\\node_modules\\bluebird\\js\\release\\promise.js:547:31)\n    at Promise._settlePromise (C:\\Users\\vdpt0775\\AppData\\Local\\Cypress\\Cache\\9.7.0\\Cypress\\resources\\app\\packages\\server\\node_modules\\bluebird\\js\\release\\promise.js:604:18)\n    at Promise._settlePromise0 (C:\\Users\\vdpt0775\\AppData\\Local\\Cypress\\Cache\\9.7.0\\Cypress\\resources\\app\\packages\\server\\node_modules\\bluebird\\js\\release\\promise.js:649:10)\n    at Promise._settlePromises (C:\\Users\\vdpt0775\\AppData\\Local\\Cypress\\Cache\\9.7.0\\Cypress\\resources\\app\\packages\\server\\node_modules\\bluebird\\js\\release\\promise.js:729:18)\n    at Promise._fulfill (C:\\Users\\vdpt0775\\AppData\\Local\\Cypress\\Cache\\9.7.0\\Cypress\\resources\\app\\packages\\server\\node_modules\\bluebird\\js\\release\\promise.js:673:18)\n    at C:\\Users\\vdpt0775\\AppData\\Local\\Cypress\\Cache\\9.7.0\\Cypress\\resources\\app\\packages\\server\\node_modules\\bluebird\\js\\release\\nodeback.js:42:21\n    at f (C:\\Users\\vdpt0775\\AppData\\Local\\Cypress\\Cache\\9.7.0\\Cypress\\resources\\app\\node_modules\\once\\once.js:25:25)\n    at Glob.&lt;anonymous&gt; (C:\\Users\\vdpt0775\\AppData\\Local\\Cypress\\Cache\\9.7.0\\Cypress\\resources\\app\\packages\\server\\node_modules\\glob\\glob.js:151:7)\n    at Glob.emit (node:events:390:28)\n    at Glob._finish (C:\\Users\\vdpt0775\\AppData\\Local\\Cypress\\Cache\\9.7.0\\Cypress\\resources\\app\\packages\\server\\node_modules\\glob\\glob.js:197:8)\n    at done (C:\\Users\\vdpt0775\\AppData\\Local\\Cypress\\Cache\\9.7.0\\Cypress\\resources\\app\\packages\\server\\node_modules\\glob\\glob.js:182:14)\n    at Glob._processSimple2 (C:\\Users\\vdpt0775\\AppData\\Local\\Cypress\\Cache\\9.7.0\\Cypress\\resources\\app\\packages\\server\\node_modules\\glob\\glob.js:688:12)\n    at C:\\Users\\vdpt0775\\AppData\\Local\\Cypress\\Cache\\9.7.0\\Cypress\\resources\\app\\packages\\server\\node_modules\\glob\\glob.js:676:10\n    at Glob._stat2 (C:\\Users\\vdpt0775\\AppData\\Local\\Cypress\\Cache\\9.7.0\\Cypress\\resources\\app\\packages\\server\\node_modules\\glob\\glob.js:772:12)\n    at lstatcb_ (C:\\Users\\vdpt0775\\AppData\\Local\\Cypress\\Cache\\9.7.0\\Cypress\\resources\\app\\packages\\server\\node_modules\\glob\\glob.js:764:12)\n    at RES (C:\\Users\\vdpt0775\\AppData\\Local\\Cypress\\Cache\\9.7.0\\Cypress\\resources\\app\\node_modules\\inflight\\inflight.js:31:16)\n    at f (C:\\Users\\vdpt0775\\AppData\\Local\\Cypress\\Cache\\9.7.0\\Cypress\\resources\\app\\node_modules\\once\\once.js:25:25)\n    at callback (C:\\Users\\vdpt0775\\AppData\\Local\\Cypress\\Cache\\9.7.0\\Cypress\\resources\\app\\node_modules\\graceful-fs\\polyfills.js:299:20)\n    at FSReqCallback.oncomplete (node:fs:198:21)\n&quot;},&quot;uuid&quot;:&quot;a4d7dd02-a572-46eb-bab9-ff2926e0fb8b&quot;,&quot;parentUUID&quot;:&quot;ee909b9d-4513-4a9d-b6ca-91ad7830c0f3&quot;,&quot;isHook&quot;:false,&quot;skipped&quot;:false},{&quot;title&quot;:&quot;KB-T51815 Check whether GSTR-3B offer is displayed in Business Details when config is Enabled&quot;,&quot;fullTitle&quot;:&quot;ED PD Cases KB-T51815 Check whether GSTR-3B offer is displayed in Business Details when config is Enabled&quot;,&quot;duration&quot;:691,&quot;state&quot;:&quot;failed&quot;,&quot;pass&quot;:false,&quot;fail&quot;:true,&quot;pending&quot;:false,&quot;code&quot;:&quot;cy.intercept(&#x27;**/home&#x27;, {\n  fixture: &#x27;/home/homePage-pd.json&#x27;\n});\ncy.intercept(&#x27;**/myaccount&#x27;, {\n  fixture: &#x27;accounts/accountsPage.json&#x27;\n});\ncy.intercept(&#x27;**/me/pd?type=list&#x27;, {\n  fixture: &#x27;pd/pdDetailsPage-OfferList.json&#x27;\n});\ncy.visit(&#x27;/newhome&#x27;, {\n  failOnStatusCode: false\n});\n_FooterPage.footerPage.clickAccountIcon();\n_AccountsPage.accountsPage.clickDiscountAndCreditText();\n_PDPage.pdPage.clickBusinessDetailsLabel();\n_businessDetailsPage.businessDetailsPage.verifyUploadGSTText(&#x27;Upload Business Proofs&#x27;);\n_businessDetailsPage.businessDetailsPage.verifyGSTNumberVerificationLabel(&#x27;GST Number Verification&#x27;);\n_businessDetailsPage.businessDetailsPage.clickOnUploadGSTR();\n_businessDetailsPage.businessDetailsPage.clickContinueButton();\n_uploadGSTR3BPage.uploadGSTR3BPage.verifyPageTitle(&#x27;Upload Business Proofs&#x27;);\n_uploadGSTR3BPage.uploadGSTR3BPage.verifyStepsText(&#x27;Business Proofs Options&#x27;);&quot;,&quot;err&quot;:{&quot;message&quot;:&quot;Error: An error was thrown while processing a network event: A fixture file could not be found at any of the following paths:\n\n    &gt; cypress\\fixtures\\home\\homePage-pd.json\n    &gt; cypress\\fixtures\\home\\homePage-pd.json.[ext]\n\nCypress looked for these file extensions at the provided path:\n\n    &gt; .json, .js, .coffee, .html, .txt, .csv, .png, .jpg, .jpeg, .gif, .tif, .tiff, .zip\n\nProvide a path to an existing fixture file.&quot;,&quot;estack&quot;:&quot;Error: An error was thrown while processing a network event: A fixture file could not be found at any of the following paths:\n\n    &gt; cypress\\fixtures\\home\\homePage-pd.json\n    &gt; cypress\\fixtures\\home\\homePage-pd.json.[ext]\n\nCypress looked for these file extensions at the provided path:\n\n    &gt; .json, .js, .coffee, .html, .txt, .csv, .png, .jpg, .jpeg, .gif, .tif, .tiff, .zip\n\nProvide a path to an existing fixture file.\n    at Object.&lt;anonymous&gt; (C:\\Users\\vdpt0775\\AppData\\Local\\Cypress\\Cache\\9.7.0\\Cypress\\resources\\app\\packages\\server\\lib\\fixture.js:69:30)\n    at Object.tryCatcher (C:\\Users\\vdpt0775\\AppData\\Local\\Cypress\\Cache\\9.7.0\\Cypress\\resources\\app\\packages\\server\\node_modules\\bluebird\\js\\release\\util.js:16:23)\n    at Promise._settlePromiseFromHandler (C:\\Users\\vdpt0775\\AppData\\Local\\Cypress\\Cache\\9.7.0\\Cypress\\resources\\app\\packages\\server\\node_modules\\bluebird\\js\\release\\promise.js:547:31)\n    at Promise._settlePromise (C:\\Users\\vdpt0775\\AppData\\Local\\Cypress\\Cache\\9.7.0\\Cypress\\resources\\app\\packages\\server\\node_modules\\bluebird\\js\\release\\promise.js:604:18)\n    at Promise._settlePromise0 (C:\\Users\\vdpt0775\\AppData\\Local\\Cypress\\Cache\\9.7.0\\Cypress\\resources\\app\\packages\\server\\node_modules\\bluebird\\js\\release\\promise.js:649:10)\n    at Promise._settlePromises (C:\\Users\\vdpt0775\\AppData\\Local\\Cypress\\Cache\\9.7.0\\Cypress\\resources\\app\\packages\\server\\node_modules\\bluebird\\js\\release\\promise.js:729:18)\n    at Promise._fulfill (C:\\Users\\vdpt0775\\AppData\\Local\\Cypress\\Cache\\9.7.0\\Cypress\\resources\\app\\packages\\server\\node_modules\\bluebird\\js\\release\\promise.js:673:18)\n    at C:\\Users\\vdpt0775\\AppData\\Local\\Cypress\\Cache\\9.7.0\\Cypress\\resources\\app\\packages\\server\\node_modules\\bluebird\\js\\release\\nodeback.js:42:21\n    at f (C:\\Users\\vdpt0775\\AppData\\Local\\Cypress\\Cache\\9.7.0\\Cypress\\resources\\app\\node_modules\\once\\once.js:25:25)\n    at Glob.&lt;anonymous&gt; (C:\\Users\\vdpt0775\\AppData\\Local\\Cypress\\Cache\\9.7.0\\Cypress\\resources\\app\\packages\\server\\node_modules\\glob\\glob.js:151:7)\n    at Glob.emit (node:events:390:28)\n    at Glob._finish (C:\\Users\\vdpt0775\\AppData\\Local\\Cypress\\Cache\\9.7.0\\Cypress\\resources\\app\\packages\\server\\node_modules\\glob\\glob.js:197:8)\n    at done (C:\\Users\\vdpt0775\\AppData\\Local\\Cypress\\Cache\\9.7.0\\Cypress\\resources\\app\\packages\\server\\node_modules\\glob\\glob.js:182:14)\n    at Glob._processSimple2 (C:\\Users\\vdpt0775\\AppData\\Local\\Cypress\\Cache\\9.7.0\\Cypress\\resources\\app\\packages\\server\\node_modules\\glob\\glob.js:688:12)\n    at C:\\Users\\vdpt0775\\AppData\\Local\\Cypress\\Cache\\9.7.0\\Cypress\\resources\\app\\packages\\server\\node_modules\\glob\\glob.js:676:10\n    at Glob._stat2 (C:\\Users\\vdpt0775\\AppData\\Local\\Cypress\\Cache\\9.7.0\\Cypress\\resources\\app\\packages\\server\\node_modules\\glob\\glob.js:772:12)\n    at lstatcb_ (C:\\Users\\vdpt0775\\AppData\\Local\\Cypress\\Cache\\9.7.0\\Cypress\\resources\\app\\packages\\server\\node_modules\\glob\\glob.js:764:12)\n    at RES (C:\\Users\\vdpt0775\\AppData\\Local\\Cypress\\Cache\\9.7.0\\Cypress\\resources\\app\\node_modules\\inflight\\inflight.js:31:16)\n    at f (C:\\Users\\vdpt0775\\AppData\\Local\\Cypress\\Cache\\9.7.0\\Cypress\\resources\\app\\node_modules\\once\\once.js:25:25)\n    at callback (C:\\Users\\vdpt0775\\AppData\\Local\\Cypress\\Cache\\9.7.0\\Cypress\\resources\\app\\node_modules\\graceful-fs\\polyfills.js:299:20)\n    at FSReqCallback.oncomplete (node:fs:198:21)\n&quot;},&quot;uuid&quot;:&quot;f16f87d2-6049-48b5-a864-f6d72f37548b&quot;,&quot;parentUUID&quot;:&quot;ee909b9d-4513-4a9d-b6ca-91ad7830c0f3&quot;,&quot;isHook&quot;:false,&quot;skipped&quot;:false}],&quot;suites&quot;:[],&quot;passes&quot;:[],&quot;failures&quot;:[&quot;bfb9f143-4de5-4ebd-a745-71aef54fa6c3&quot;,&quot;65e5c810-a982-4342-a64c-e7b1de71ef67&quot;,&quot;836d253a-eb73-482d-99d2-073226875541&quot;,&quot;0b791f39-311c-4e81-aa9f-d479ab53cd09&quot;,&quot;410fca8d-7af3-4ba6-9465-6fb8ba91cfdc&quot;,&quot;3a556197-f097-4419-8f6a-90e9224b6b48&quot;,&quot;ebe9e886-22f1-4366-b264-d838effdd111&quot;,&quot;fb0c4be7-4cec-4be3-9e0a-28803b88951c&quot;,&quot;85046763-d452-425d-8a60-e4407bf29008&quot;,&quot;557c4d4f-2b17-4a73-9fc9-41f31d24dac6&quot;,&quot;b80756dd-9145-4eb6-adf0-b281fdd46d47&quot;,&quot;5f20be3a-0838-4bcd-93ef-4d0f16eb0b2c&quot;,&quot;85c43483-5030-45bb-a885-1b806a619f49&quot;,&quot;a4d7dd02-a572-46eb-bab9-ff2926e0fb8b&quot;,&quot;f16f87d2-6049-48b5-a864-f6d72f37548b&quot;],&quot;pending&quot;:[],&quot;skipped&quot;:[],&quot;duration&quot;:10372,&quot;root&quot;:false,&quot;rootEmpty&quot;:false,&quot;_timeout&quot;:2000},{&quot;uuid&quot;:&quot;fbfc8717-a5ad-4a44-ad53-acc5000d656c&quot;,&quot;title&quot;:&quot;APR Calculation, MLAX Product Loan&quot;,&quot;fullFile&quot;:&quot;&quot;,&quot;file&quot;:&quot;&quot;,&quot;beforeHooks&quot;:[],&quot;afterHooks&quot;:[],&quot;tests&quot;:[{&quot;title&quot;:&quot;KB-T51319 Check APR calculation for MLAX products in loan summary page,LFA and sanction doc, when processing fee,reassessment fee , Agreement fee and KB Points is applied&quot;,&quot;fullTitle&quot;:&quot;APR Calculation, MLAX Product Loan KB-T51319 Check APR calculation for MLAX products in loan summary page,LFA and sanction doc, when processing fee,reassessment fee , Agreement fee and KB Points is applied&quot;,&quot;duration&quot;:796,&quot;state&quot;:&quot;failed&quot;,&quot;pass&quot;:false,&quot;fail&quot;:true,&quot;pending&quot;:false,&quot;code&quot;:&quot;cy.intercept(&#x27;**/home&#x27;, {\n  fixture: &#x27;home/homepage-MLAX.json&#x27;\n});\ncy.intercept(&#x27;**/category?name=fplfalse&#x27;, {\n  fixture: &#x27;loan/fpl/fplPage-5k.json&#x27;\n});\ncy.intercept(&#x27;**/preloanre?productId=**&#x27;, {\n  fixture: &#x27;loan/fpl/fplLoanAmountTenurePage-preLoanRE-srcCash.json&#x27;\n});\ncy.intercept(&#x27;**/products?productId=**&#x27;, {\n  fixture: &#x27;loan/fpl/fplLoanAmountTenurePage-productID14.json&#x27;\n});\ncy.intercept(&#x27;**/products/calcfees?productid=**&#x27;, {\n  fixture: &#x27;loan/fpl/fplLoanAmountTenurePage-feescalculations.json&#x27;\n});\ncy.intercept(&#x27;**/products/verifycoupon?productid=**&#x27;, {\n  fixture: &#x27;loan/repaymentSchedulePage/verifyCouponcode.json&#x27;\n});\ncy.intercept(&#x27;**/me/bank?couponCode=**&#x27;, {\n  fixture: &#x27;bank/bankAccountVerificationPage-CouponCode.json&#x27;\n});\ncy.intercept(&#x27;**/loan/la?updateMFILimit=**&#x27;, {\n  fixture: &#x27;loan/signLoanDocumentPage-Enable-ESignAndDigFaceID.json&#x27;\n});\ncy.intercept(&#x27;**/loan/la?type=**&#x27;, {\n  fixture: &#x27;loan/sanctionPage-fund-KreditBeePVTLTD.json&#x27;\n});\ncy.intercept(&#x27;**/me/tnc/loanSanctionLetter&#x27;, {\n  fixture: &#x27;loan/loanSanctionLetterPage.json&#x27;\n});\ncy.intercept(&#x27;**/me/otp?reason=clickwrap&amp;kbloanId=**&#x27;, {\n  fixture: &#x27;otp/otp-sanctionOTP.json&#x27;\n});\ncy.visit(&#x27;/newhome&#x27;, {\n  failOnStatusCode: false\n});\n_HomePage.homePage.clickBlock2Btn();\n_FPLPage.fplPage.clickFPL4KGetNowBtn();\n_FPLLoanAmountTenurePage.fplLoanAmountTenurePage.clickViewSummaryAndChargesBtn();\n_FPLLoanAmountDetailsPage.fplLoanAmountDetailsPage.verifyAnnualPercentageRateLabel(&#x27;Annual Perccentage Rate&#x27;);\n_FPLLoanAmountDetailsPage.fplLoanAmountDetailsPage.verifyApplyCouponCodeLabel();\n_FPLLoanAmountDetailsPage.fplLoanAmountDetailsPage.clickApplyCouponCodeLabel();\n_ApplyCouponCodeOrPointsPage.applyCouponCodeOrPointsPage.enterCouponCodeInput(&#x27;MHAO14&#x27;);\n_ApplyCouponCodeOrPointsPage.applyCouponCodeOrPointsPage.clickApplyBtn();\n_FPLLoanAmountDetailsPage.fplLoanAmountDetailsPage.verifyAnnualPercentageRateValue();\n_FPLLoanAmountDetailsPage.fplLoanAmountDetailsPage.clickViewRepaymentScheduleBtn();\n_RepaymentSchedulePage.repaymentSchedulePage.clickContinueBtn();\n_LoanPurposePage.loanPurposePage.selectLoanPurpose(&#x27;Medical expenses&#x27;);\n_LoanPurposePage.loanPurposePage.clickContinueBtn();\n_SelectBankAccountPage.selectBankAccountPage.clickContinueBtn();\n_SignLoanDocumentPage.signLoanDocumentPage.clickDigitalSignButton();\n_SignLoanDocumentPage.signLoanDocumentPage.clickContinueBtn(); //kfs sanction letter - validation\n\n_KFSSanctionLetterPage.kfsSanctionLetterPage.clickContinueToSignLoanDocumentButton(); //sanction letter -validation\n\n_SignDocumentPage.signDocumentPage.verifyPageTitle(&#x27;Sign Document&#x27;);\n_SignDocumentPage.signDocumentPage.verifyInfoSignDocumentText(&#x27;These Standard Terms &amp; Conditions along with the Most Important Terms and Conditions form a legal and binding agreement upon acceptance pursuant to the Indian Contract Act, 1872 and the Information Technology Act, 2000.&#x27;);\n_SignDocumentPage.signDocumentPage.verifyContinueText(&#x27;Continue&#x27;);\n_SignDocumentPage.signDocumentPage.clickContinueButton(); //signServicePage - validation\n\n_SignServicePage.signServicePage.verifyPageTitle(&#x27;Sign Service&#x27;);\n_SignServicePage.signServicePage.verifyTransactionIDLabel(&#x27;Transaction ID:&#x27;);\n_SignServicePage.signServicePage.verifyTransactionIDValue(&#x27;KBDID20221124RQzHneocfB811837&#x27;);\n_SignServicePage.signServicePage.verifyDateAndTimeLabel(&#x27;Date &amp; Time:&#x27;);\n_SignServicePage.signServicePage.verifyDeviceIDLabel(&#x27;Device ID:&#x27;);\n_SignServicePage.signServicePage.verifyDeviceIDValue(&#x27;&#x27;);\n_SignServicePage.signServicePage.verifyIPAddressLabel(&#x27;IP Address:&#x27;);\n_SignServicePage.signServicePage.verifyIPAddressValue(&#x27;122.185.107.110&#x27;);\n_SignServicePage.signServicePage.verifyConsentReadText(&#x27;I had carefully read the Standard Terms and Conditions and the Most important Terms and Conditions for availing loan from the lender&#x27;);\n_SignServicePage.signServicePage.verifyConsentUnderstoodText(&#x27; I had understood and read the Standard Terms and Conditions and the Most Important Terms and Conditions for availing loan from the Lender.&#x27;);\n_SignServicePage.signServicePage.verifyConsentLegalAndBindingText(&#x27; I had further understand that upon acceptance of the Standard Terms and Conditions and the Most Important Terms and Conditions for availing loan from the Lender, a legal and binding agreement shall be created between us under the Indian Contract Act, 1872 read with Information Technology Act, 2000.&#x27;);\n_SignServicePage.signServicePage.selectConsent();\n_SignServicePage.signServicePage.verifyContinueButtonText(&#x27;Continue &#x27;);\n_SignServicePage.signServicePage.clickContinueButton(); // //OTP service validation\n\ncy.clock();\n_SignServiceOTPInputPage.signServiceOTPInputPage.verifyEnterOTPLabel(&#x27;Enter OTP sent to number xxxxxxx253&#x27;); //number changes w.r.t user logged in\n\n_SignServiceOTPInputPage.signServiceOTPInputPage.verifySignDocumentLabel(&#x27;Sign Document with Face ID verification in the next step&#x27;);\n_SignServiceOTPInputPage.signServiceOTPInputPage.enterOTP(&#x27;123456&#x27;);\ncy.tick(4000);\n_SignServiceOTPInputPage.signServiceOTPInputPage.verifyTimerValue(&#x27;(00:26)&#x27;);&quot;,&quot;err&quot;:{&quot;message&quot;:&quot;Error: An error was thrown while processing a network event: A fixture file could not be found at any of the following paths:\n\n    &gt; cypress\\fixtures\\home\\homepage-MLAX.json\n    &gt; cypress\\fixtures\\home\\homepage-MLAX.json.[ext]\n\nCypress looked for these file extensions at the provided path:\n\n    &gt; .json, .js, .coffee, .html, .txt, .csv, .png, .jpg, .jpeg, .gif, .tif, .tiff, .zip\n\nProvide a path to an existing fixture file.&quot;,&quot;estack&quot;:&quot;Error: An error was thrown while processing a network event: A fixture file could not be found at any of the following paths:\n\n    &gt; cypress\\fixtures\\home\\homepage-MLAX.json\n    &gt; cypress\\fixtures\\home\\homepage-MLAX.json.[ext]\n\nCypress looked for these file extensions at the provided path:\n\n    &gt; .json, .js, .coffee, .html, .txt, .csv, .png, .jpg, .jpeg, .gif, .tif, .tiff, .zip\n\nProvide a path to an existing fixture file.\n    at Object.&lt;anonymous&gt; (C:\\Users\\vdpt0775\\AppData\\Local\\Cypress\\Cache\\9.7.0\\Cypress\\resources\\app\\packages\\server\\lib\\fixture.js:69:30)\n    at Object.tryCatcher (C:\\Users\\vdpt0775\\AppData\\Local\\Cypress\\Cache\\9.7.0\\Cypress\\resources\\app\\packages\\server\\node_modules\\bluebird\\js\\release\\util.js:16:23)\n    at Promise._settlePromiseFromHandler (C:\\Users\\vdpt0775\\AppData\\Local\\Cypress\\Cache\\9.7.0\\Cypress\\resources\\app\\packages\\server\\node_modules\\bluebird\\js\\release\\promise.js:547:31)\n    at Promise._settlePromise (C:\\Users\\vdpt0775\\AppData\\Local\\Cypress\\Cache\\9.7.0\\Cypress\\resources\\app\\packages\\server\\node_modules\\bluebird\\js\\release\\promise.js:604:18)\n    at Promise._settlePromise0 (C:\\Users\\vdpt0775\\AppData\\Local\\Cypress\\Cache\\9.7.0\\Cypress\\resources\\app\\packages\\server\\node_modules\\bluebird\\js\\release\\promise.js:649:10)\n    at Promise._settlePromises (C:\\Users\\vdpt0775\\AppData\\Local\\Cypress\\Cache\\9.7.0\\Cypress\\resources\\app\\packages\\server\\node_modules\\bluebird\\js\\release\\promise.js:729:18)\n    at Promise._fulfill (C:\\Users\\vdpt0775\\AppData\\Local\\Cypress\\Cache\\9.7.0\\Cypress\\resources\\app\\packages\\server\\node_modules\\bluebird\\js\\release\\promise.js:673:18)\n    at C:\\Users\\vdpt0775\\AppData\\Local\\Cypress\\Cache\\9.7.0\\Cypress\\resources\\app\\packages\\server\\node_modules\\bluebird\\js\\release\\nodeback.js:42:21\n    at f (C:\\Users\\vdpt0775\\AppData\\Local\\Cypress\\Cache\\9.7.0\\Cypress\\resources\\app\\node_modules\\once\\once.js:25:25)\n    at Glob.&lt;anonymous&gt; (C:\\Users\\vdpt0775\\AppData\\Local\\Cypress\\Cache\\9.7.0\\Cypress\\resources\\app\\packages\\server\\node_modules\\glob\\glob.js:151:7)\n    at Glob.emit (node:events:390:28)\n    at Glob._finish (C:\\Users\\vdpt0775\\AppData\\Local\\Cypress\\Cache\\9.7.0\\Cypress\\resources\\app\\packages\\server\\node_modules\\glob\\glob.js:197:8)\n    at done (C:\\Users\\vdpt0775\\AppData\\Local\\Cypress\\Cache\\9.7.0\\Cypress\\resources\\app\\packages\\server\\node_modules\\glob\\glob.js:182:14)\n    at Glob._processSimple2 (C:\\Users\\vdpt0775\\AppData\\Local\\Cypress\\Cache\\9.7.0\\Cypress\\resources\\app\\packages\\server\\node_modules\\glob\\glob.js:688:12)\n    at C:\\Users\\vdpt0775\\AppData\\Local\\Cypress\\Cache\\9.7.0\\Cypress\\resources\\app\\packages\\server\\node_modules\\glob\\glob.js:676:10\n    at Glob._stat2 (C:\\Users\\vdpt0775\\AppData\\Local\\Cypress\\Cache\\9.7.0\\Cypress\\resources\\app\\packages\\server\\node_modules\\glob\\glob.js:772:12)\n    at lstatcb_ (C:\\Users\\vdpt0775\\AppData\\Local\\Cypress\\Cache\\9.7.0\\Cypress\\resources\\app\\packages\\server\\node_modules\\glob\\glob.js:764:12)\n    at RES (C:\\Users\\vdpt0775\\AppData\\Local\\Cypress\\Cache\\9.7.0\\Cypress\\resources\\app\\node_modules\\inflight\\inflight.js:31:16)\n    at f (C:\\Users\\vdpt0775\\AppData\\Local\\Cypress\\Cache\\9.7.0\\Cypress\\resources\\app\\node_modules\\once\\once.js:25:25)\n    at callback (C:\\Users\\vdpt0775\\AppData\\Local\\Cypress\\Cache\\9.7.0\\Cypress\\resources\\app\\node_modules\\graceful-fs\\polyfills.js:299:20)\n    at FSReqCallback.oncomplete (node:fs:198:21)\n&quot;},&quot;uuid&quot;:&quot;10a61c05-3062-4a60-a63d-93f7a6ea21b0&quot;,&quot;parentUUID&quot;:&quot;fbfc8717-a5ad-4a44-ad53-acc5000d656c&quot;,&quot;isHook&quot;:false,&quot;skipped&quot;:false},{&quot;title&quot;:&quot;KB-T56017 When proc_fee_flag = 0, ensure entire Processing fee is charged by KB for KB fund&quot;,&quot;fullTitle&quot;:&quot;APR Calculation, MLAX Product Loan KB-T56017 When proc_fee_flag = 0, ensure entire Processing fee is charged by KB for KB fund&quot;,&quot;duration&quot;:783,&quot;state&quot;:&quot;failed&quot;,&quot;pass&quot;:false,&quot;fail&quot;:true,&quot;pending&quot;:false,&quot;code&quot;:&quot;cy.intercept(&#x27;**/home&#x27;, {\n  fixture: &#x27;home/homePage-MLASILVER-ColendingPercaentage80.json&#x27;\n});\ncy.intercept(&#x27;**/category?name=fplfalse&#x27;, {\n  fixture: &#x27;loan/fpl/fplPage-5k.json&#x27;\n});\ncy.intercept(&#x27;**/preloanre?productId=14&amp;action=getNow&amp;preLoanEvent=preLoanGetNowClick&amp;src=cash&#x27;, {\n  fixture: &#x27;loan/fpl/fplLoanAmountTenurePage-preLoanRE-srcCash.json&#x27;\n});\ncy.intercept(&#x27;**/products?productId=14&#x27;, {\n  fixture: &#x27;loan/fpl/fplLoanAmountTenurePage-productID14.json&#x27;\n});\ncy.intercept(&#x27;**/products/calcfees?productid=**&#x27;, {\n  fixture: &#x27;loan/fpl/fplLoanAmountTenurePage-feescalculations.json&#x27;\n});\ncy.intercept(&#x27;**/me/bank?productid=14&#x27;, {\n  fixture: &#x27;bank/bankAccountVerifiedPage.json&#x27;\n});\ncy.intercept(&#x27;**/loan/la?updateMFILimit=0&amp;productid=14&amp;pointType=&amp;csrFee=2&#x27;, {\n  fixture: &#x27;loan/signLoanDocumentPage-Enable-ESignAndDigFaceID.json&#x27;\n});\ncy.intercept(&#x27;**/loan/la?type=kb&amp;productid=14&amp;loanamt=**&#x27;, {\n  fixture: &#x27;loan/fpl/sanctionPage-fund-KreditBeePVTLTD.json&#x27;\n});\ncy.intercept(&#x27;**/me/otp?reason=clickwrap&amp;kbloanId=**&#x27;, {\n  fixture: &#x27;otp/otp-sanctionOTP.json&#x27;\n});\ncy.visit(&#x27;/newhome&#x27;, {\n  failOnStatusCode: false\n});\n_HomePage.homePage.clickBlock2Btn();\n_FPLPage.fplPage.clickFPL4KGetNowBtn();\n_FPLLoanAmountTenurePage.fplLoanAmountTenurePage.clickViewSummaryAndChargesBtn();\n_FPLLoanAmountDetailsPage.fplLoanAmountDetailsPage.clickViewRepaymentScheduleBtn();\n_RepaymentSchedulePage.repaymentSchedulePage.clickContinueBtn();\n_LoanPurposePage.loanPurposePage.selectLoanPurpose(&#x27;Medical expenses&#x27;);\n_LoanPurposePage.loanPurposePage.clickContinueBtn();\n_SelectBankAccountPage.selectBankAccountPage.clickContinueBtn();\n_SignLoanDocumentPage.signLoanDocumentPage.clickDigitalSignButton();\n_SignLoanDocumentPage.signLoanDocumentPage.clickContinueBtn(); //kfs sanction letter - validation\n// kfsSanctionLetterPage.verifyPageTitle(&#x27;KFS &amp; Sanction letter&#x27;)\n// kfsSanctionLetterPage.verifyLoanSanctionedByLabel(&#x27;Your loan is being sanctioned by:&#x27;)\n// kfsSanctionLetterPage.verifyLenderNameText(&#x27;Krazybee Services Private Limited.&#x27;)\n// kfsSanctionLetterPage.verifyContinueToSignLoanDocumentText(&#x27;Continue to Sign Loan Document&#x27;)\n// kfsSanctionLetterPage.clickContinueToSignLoanDocumentButton()\n//sanction letter -validation\n\n_SignDocumentPage.signDocumentPage.verifyPageTitle(&#x27;Sign Document&#x27;);\n_SignDocumentPage.signDocumentPage.verifyInfoSignDocumentText(&#x27;These Standard Terms &amp; Conditions along with the Most Important Terms and Conditions form a legal and binding agreement upon acceptance pursuant to the Indian Contract Act, 1872 and the Information Technology Act, 2000.&#x27;);\n_SignDocumentPage.signDocumentPage.verifyContinueText(&#x27;Continue&#x27;);\n_SignDocumentPage.signDocumentPage.clickContinueButton(); //signServicePage - validation\n\n_SignServicePage.signServicePage.verifyPageTitle(&#x27;Sign Service&#x27;);\n_SignServicePage.signServicePage.verifyTransactionIDLabel(&#x27;Transaction ID:&#x27;);\n_SignServicePage.signServicePage.verifyTransactionIDValue(&#x27;KBDID20221124RQzHneocfB811837&#x27;);\n_SignServicePage.signServicePage.verifyDateAndTimeLabel(&#x27;Date &amp; Time:&#x27;);\n_SignServicePage.signServicePage.verifyDeviceIDLabel(&#x27;Device ID:&#x27;);\n_SignServicePage.signServicePage.verifyDeviceIDValue(&#x27;&#x27;);\n_SignServicePage.signServicePage.verifyIPAddressLabel(&#x27;IP Address:&#x27;);\n_SignServicePage.signServicePage.verifyIPAddressValue(&#x27;122.185.107.110&#x27;);\n_SignServicePage.signServicePage.verifyConsentReadText(&#x27;I had carefully read the Standard Terms and Conditions and the Most important Terms and Conditions for availing loan from the lender&#x27;);\n_SignServicePage.signServicePage.verifyConsentUnderstoodText(&#x27; I had understood and read the Standard Terms and Conditions and the Most Important Terms and Conditions for availing loan from the Lender.&#x27;);\n_SignServicePage.signServicePage.verifyConsentLegalAndBindingText(&#x27; I had further understand that upon acceptance of the Standard Terms and Conditions and the Most Important Terms and Conditions for availing loan from the Lender, a legal and binding agreement shall be created between us under the Indian Contract Act, 1872 read with Information Technology Act, 2000.&#x27;);\n_SignServicePage.signServicePage.selectConsent();\n_SignServicePage.signServicePage.verifyContinueButtonText(&#x27;Continue &#x27;);\n_SignServicePage.signServicePage.clickContinueButton(); // //OTP service page\n\ncy.clock();\n_SignServiceOTPInputPage.signServiceOTPInputPage.verifyEnterOTPLabel(&#x27;Enter OTP sent to number xxxxxxx896&#x27;); //number changes w.r.t user logged in\n\n_SignServiceOTPInputPage.signServiceOTPInputPage.verifySignDocumentLabel(&#x27;Sign Document with Face ID verification in the next step&#x27;);\n_SignServiceOTPInputPage.signServiceOTPInputPage.enterOTP(&#x27;123456&#x27;);\ncy.tick(4000);\n_SignServiceOTPInputPage.signServiceOTPInputPage.verifyTimerValue(&#x27;(00:26)&#x27;);&quot;,&quot;err&quot;:{&quot;message&quot;:&quot;Error: An error was thrown while processing a network event: A fixture file could not be found at any of the following paths:\n\n    &gt; cypress\\fixtures\\home\\homePage-MLASILVER-ColendingPercaentage80.json\n    &gt; cypress\\fixtures\\home\\homePage-MLASILVER-ColendingPercaentage80.json.[ext]\n\nCypress looked for these file extensions at the provided path:\n\n    &gt; .json, .js, .coffee, .html, .txt, .csv, .png, .jpg, .jpeg, .gif, .tif, .tiff, .zip\n\nProvide a path to an existing fixture file.&quot;,&quot;estack&quot;:&quot;Error: An error was thrown while processing a network event: A fixture file could not be found at any of the following paths:\n\n    &gt; cypress\\fixtures\\home\\homePage-MLASILVER-ColendingPercaentage80.json\n    &gt; cypress\\fixtures\\home\\homePage-MLASILVER-ColendingPercaentage80.json.[ext]\n\nCypress looked for these file extensions at the provided path:\n\n    &gt; .json, .js, .coffee, .html, .txt, .csv, .png, .jpg, .jpeg, .gif, .tif, .tiff, .zip\n\nProvide a path to an existing fixture file.\n    at Object.&lt;anonymous&gt; (C:\\Users\\vdpt0775\\AppData\\Local\\Cypress\\Cache\\9.7.0\\Cypress\\resources\\app\\packages\\server\\lib\\fixture.js:69:30)\n    at Object.tryCatcher (C:\\Users\\vdpt0775\\AppData\\Local\\Cypress\\Cache\\9.7.0\\Cypress\\resources\\app\\packages\\server\\node_modules\\bluebird\\js\\release\\util.js:16:23)\n    at Promise._settlePromiseFromHandler (C:\\Users\\vdpt0775\\AppData\\Local\\Cypress\\Cache\\9.7.0\\Cypress\\resources\\app\\packages\\server\\node_modules\\bluebird\\js\\release\\promise.js:547:31)\n    at Promise._settlePromise (C:\\Users\\vdpt0775\\AppData\\Local\\Cypress\\Cache\\9.7.0\\Cypress\\resources\\app\\packages\\server\\node_modules\\bluebird\\js\\release\\promise.js:604:18)\n    at Promise._settlePromise0 (C:\\Users\\vdpt0775\\AppData\\Local\\Cypress\\Cache\\9.7.0\\Cypress\\resources\\app\\packages\\server\\node_modules\\bluebird\\js\\release\\promise.js:649:10)\n    at Promise._settlePromises (C:\\Users\\vdpt0775\\AppData\\Local\\Cypress\\Cache\\9.7.0\\Cypress\\resources\\app\\packages\\server\\node_modules\\bluebird\\js\\release\\promise.js:729:18)\n    at Promise._fulfill (C:\\Users\\vdpt0775\\AppData\\Local\\Cypress\\Cache\\9.7.0\\Cypress\\resources\\app\\packages\\server\\node_modules\\bluebird\\js\\release\\promise.js:673:18)\n    at C:\\Users\\vdpt0775\\AppData\\Local\\Cypress\\Cache\\9.7.0\\Cypress\\resources\\app\\packages\\server\\node_modules\\bluebird\\js\\release\\nodeback.js:42:21\n    at f (C:\\Users\\vdpt0775\\AppData\\Local\\Cypress\\Cache\\9.7.0\\Cypress\\resources\\app\\node_modules\\once\\once.js:25:25)\n    at Glob.&lt;anonymous&gt; (C:\\Users\\vdpt0775\\AppData\\Local\\Cypress\\Cache\\9.7.0\\Cypress\\resources\\app\\packages\\server\\node_modules\\glob\\glob.js:151:7)\n    at Glob.emit (node:events:390:28)\n    at Glob._finish (C:\\Users\\vdpt0775\\AppData\\Local\\Cypress\\Cache\\9.7.0\\Cypress\\resources\\app\\packages\\server\\node_modules\\glob\\glob.js:197:8)\n    at done (C:\\Users\\vdpt0775\\AppData\\Local\\Cypress\\Cache\\9.7.0\\Cypress\\resources\\app\\packages\\server\\node_modules\\glob\\glob.js:182:14)\n    at Glob._processSimple2 (C:\\Users\\vdpt0775\\AppData\\Local\\Cypress\\Cache\\9.7.0\\Cypress\\resources\\app\\packages\\server\\node_modules\\glob\\glob.js:688:12)\n    at C:\\Users\\vdpt0775\\AppData\\Local\\Cypress\\Cache\\9.7.0\\Cypress\\resources\\app\\packages\\server\\node_modules\\glob\\glob.js:676:10\n    at Glob._stat2 (C:\\Users\\vdpt0775\\AppData\\Local\\Cypress\\Cache\\9.7.0\\Cypress\\resources\\app\\packages\\server\\node_modules\\glob\\glob.js:772:12)\n    at lstatcb_ (C:\\Users\\vdpt0775\\AppData\\Local\\Cypress\\Cache\\9.7.0\\Cypress\\resources\\app\\packages\\server\\node_modules\\glob\\glob.js:764:12)\n    at RES (C:\\Users\\vdpt0775\\AppData\\Local\\Cypress\\Cache\\9.7.0\\Cypress\\resources\\app\\node_modules\\inflight\\inflight.js:31:16)\n    at f (C:\\Users\\vdpt0775\\AppData\\Local\\Cypress\\Cache\\9.7.0\\Cypress\\resources\\app\\node_modules\\once\\once.js:25:25)\n    at callback (C:\\Users\\vdpt0775\\AppData\\Local\\Cypress\\Cache\\9.7.0\\Cypress\\resources\\app\\node_modules\\graceful-fs\\polyfills.js:299:20)\n    at FSReqCallback.oncomplete (node:fs:198:21)\n&quot;},&quot;uuid&quot;:&quot;72cd184f-e5c3-4881-88a6-4f131b762363&quot;,&quot;parentUUID&quot;:&quot;fbfc8717-a5ad-4a44-ad53-acc5000d656c&quot;,&quot;isHook&quot;:false,&quot;skipped&quot;:false},{&quot;title&quot;:&quot;KB-T56044 When proc_fee_flag = 2, ensure entire Processing fee is charged by Partner for non KB fund&quot;,&quot;fullTitle&quot;:&quot;APR Calculation, MLAX Product Loan KB-T56044 When proc_fee_flag = 2, ensure entire Processing fee is charged by Partner for non KB fund&quot;,&quot;duration&quot;:708,&quot;state&quot;:&quot;failed&quot;,&quot;pass&quot;:false,&quot;fail&quot;:true,&quot;pending&quot;:false,&quot;code&quot;:&quot;cy.intercept(&#x27;**/home&#x27;, {\n  fixture: &#x27;home/homePage-MLASILVER.json&#x27;\n});\ncy.intercept(&#x27;**/category?name=fplfalse&#x27;, {\n  fixture: &#x27;loan/fpl/fplPage-5k.json&#x27;\n});\ncy.intercept(&#x27;**/preloanre?productId=**&#x27;, {\n  fixture: &#x27;loan/fpl/fplLoanAmountTenurePage-preLoanRE-srcCash.json&#x27;\n});\ncy.intercept(&#x27;**/products?productId=**&#x27;, {\n  fixture: &#x27;loan/fpl/fplLoanAmountTenurePage-productID14.json&#x27;\n});\ncy.intercept(&#x27;**/products/calcfees?productid=**&#x27;, {\n  fixture: &#x27;loan/fpl/fplLoanAmountTenurePage-feescalculations.json&#x27;\n});\ncy.intercept(&#x27;**/products/verifycoupon?productid=**&#x27;, {\n  fixture: &#x27;loan/repaymentSchedulePage/verifyCouponcode.json&#x27;\n});\ncy.intercept(&#x27;**/me/bank?couponCode=**&#x27;, {\n  fixture: &#x27;bank/bankAccountVerificationPage-CouponCode.json&#x27;\n});\ncy.intercept(&#x27;**/loan/la?updateMFILimit=**&#x27;, {\n  fixture: &#x27;loan/signLoanDocumentPage-Enable-ESignAndDigFaceID.json&#x27;\n});\ncy.intercept(&#x27;**/loan/la?type=**&#x27;, {\n  fixture: &#x27;loan/fpl/sanctionPage-fund-KreditBeePVTLTD.json&#x27;\n});\ncy.intercept(&#x27;**/me/tnc/loanSanctionLetter&#x27;, {\n  fixture: &#x27;loan/loanSanctionLetterPage.json&#x27;\n});\ncy.intercept(&#x27;**/me/otp?reason=clickwrap&amp;kbloanId=**&#x27;, {\n  fixture: &#x27;otp/otp-sanctionOTP.json&#x27;\n});\ncy.visit(&#x27;/newhome&#x27;, {\n  failOnStatusCode: false\n});\n_HomePage.homePage.clickBlock2Btn();\n_FPLPage.fplPage.clickFPL4KGetNowBtn();\n_FPLLoanAmountTenurePage.fplLoanAmountTenurePage.clickViewSummaryAndChargesBtn();\n_FPLLoanAmountDetailsPage.fplLoanAmountDetailsPage.verifyAnnualPercentageRateLabel(&#x27;Annual Percentage Rate&#x27;);\n_FPLLoanAmountDetailsPage.fplLoanAmountDetailsPage.verifyApplyCouponCodeLabel();\n_FPLLoanAmountDetailsPage.fplLoanAmountDetailsPage.clickApplyCouponCodeLabel();\n_ApplyCouponCodeOrPointsPage.applyCouponCodeOrPointsPage.enterCuponCodeInput(&#x27;MHAO14&#x27;);\n_ApplyCouponCodeOrPointsPage.applyCouponCodeOrPointsPage.clickApplyBtn();\n_FPLLoanAmountDetailsPage.fplLoanAmountDetailsPage.verifyDiscountAppliedOnTheProcessingFee(&#x27;Discount applied on the processing fees&#x27;);\n_FPLLoanAmountDetailsPage.fplLoanAmountDetailsPage.verifyProcessingFeeLabel(&#x27;Processing Fee&#x27;);\n_FPLLoanAmountDetailsPage.fplLoanAmountDetailsPage.clickViewRepaymentScheduleBtn();\n_RepaymentSchedulePage.repaymentSchedulePage.clickContinueBtn();\n_LoanPurposePage.loanPurposePage.selectLoanPurpose(&#x27;Medical expenses&#x27;);\n_LoanPurposePage.loanPurposePage.clickContinueBtn();\n_SelectBankAccountPage.selectBankAccountPage.clickContinueBtn();\n_SignLoanDocumentPage.signLoanDocumentPage.clickDigitalSignButton();\n_SignLoanDocumentPage.signLoanDocumentPage.clickContinueBtn(); //kfs sanction letter - validation\n\n_KFSSanctionLetterPage.kfsSanctionLetterPage.verifyPageTitle(&#x27;KFS &amp; Sanction letter&#x27;);\n_KFSSanctionLetterPage.kfsSanctionLetterPage.verifyLoanSanctionedByLabel(&#x27;Your loan is being sanctioned by:&#x27;);\n_KFSSanctionLetterPage.kfsSanctionLetterPage.verifyLenderNameText(&#x27;Krazybee Services Private Limited.&#x27;);\n_KFSSanctionLetterPage.kfsSanctionLetterPage.verifyContinueToSignLoanDocumentText(&#x27;Continue to Sign Loan Document&#x27;);\n_KFSSanctionLetterPage.kfsSanctionLetterPage.clickContinueToSignLoanDocumentButton(); //sanction letter -validation\n\n_SignDocumentPage.signDocumentPage.verifyPageTitle(&#x27;Sign Document&#x27;);\n_SignDocumentPage.signDocumentPage.verifyInfoSignDocumentText(&#x27;These Standard Terms &amp; Conditions along with the Most Important Terms and Conditions form a legal and binding agreement upon acceptance pursuant to the Indian Contract Act, 1872 and the Information Technology Act, 2000.&#x27;);\n_SignDocumentPage.signDocumentPage.verifyContinueText(&#x27;Continue&#x27;);\n_SignDocumentPage.signDocumentPage.clickContinueButton(); //signServicePage - validation\n\n_SignServicePage.signServicePage.verifyPageTitle(&#x27;Sign Service&#x27;);\n_SignServicePage.signServicePage.verifyTransactionIDLabel(&#x27;Transaction ID:&#x27;);\n_SignServicePage.signServicePage.verifyTransactionIDValue(&#x27;KBDID20221124RQzHneocfB811837&#x27;);\n_SignServicePage.signServicePage.verifyDateAndTimeLabel(&#x27;Date &amp; Time:&#x27;);\n_SignServicePage.signServicePage.verifyDeviceIDLabel(&#x27;Device ID:&#x27;);\n_SignServicePage.signServicePage.verifyDeviceIDValue(&#x27;&#x27;);\n_SignServicePage.signServicePage.verifyIPAddressLabel(&#x27;IP Address:&#x27;);\n_SignServicePage.signServicePage.verifyIPAddressValue(&#x27;122.185.107.110&#x27;);\n_SignServicePage.signServicePage.verifyConsentReadText(&#x27;I had carefully read the Standard Terms and Conditions and the Most important Terms and Conditions for availing loan from the lender&#x27;);\n_SignServicePage.signServicePage.verifyConsentUnderstoodText(&#x27; I had understood and read the Standard Terms and Conditions and the Most Important Terms and Conditions for availing loan from the Lender.&#x27;);\n_SignServicePage.signServicePage.verifyConsentLegalAndBindingText(&#x27; I had further understand that upon acceptance of the Standard Terms and Conditions and the Most Important Terms and Conditions for availing loan from the Lender, a legal and binding agreement shall be created between us under the Indian Contract Act, 1872 read with Information Technology Act, 2000.&#x27;);\n_SignServicePage.signServicePage.selectConsent();\n_SignServicePage.signServicePage.verifyContinueButtonText(&#x27;Continue &#x27;);\n_SignServicePage.signServicePage.clickContinueButton(); // //OTP service validation\n\ncy.clock();\n_SignServiceOTPInputPage.signServiceOTPInputPage.verifyEnterOTPLabel(&#x27;Enter OTP sent to number xxxxxxx&#x27;); //number changes w.r.t user logged in\n\n_SignServiceOTPInputPage.signServiceOTPInputPage.verifySignDocumentLabel(&#x27;Sign Document with Face ID verification in the next step&#x27;);\n_SignServiceOTPInputPage.signServiceOTPInputPage.enterOTP(&#x27;123456&#x27;);\ncy.tick(4000);\n_SignServiceOTPInputPage.signServiceOTPInputPage.verifyTimerValue(&#x27;(00:26)&#x27;);&quot;,&quot;err&quot;:{&quot;message&quot;:&quot;Error: An error was thrown while processing a network event: A fixture file could not be found at any of the following paths:\n\n    &gt; cypress\\fixtures\\home\\homePage-MLASILVER.json\n    &gt; cypress\\fixtures\\home\\homePage-MLASILVER.json.[ext]\n\nCypress looked for these file extensions at the provided path:\n\n    &gt; .json, .js, .coffee, .html, .txt, .csv, .png, .jpg, .jpeg, .gif, .tif, .tiff, .zip\n\nProvide a path to an existing fixture file.&quot;,&quot;estack&quot;:&quot;Error: An error was thrown while processing a network event: A fixture file could not be found at any of the following paths:\n\n    &gt; cypress\\fixtures\\home\\homePage-MLASILVER.json\n    &gt; cypress\\fixtures\\home\\homePage-MLASILVER.json.[ext]\n\nCypress looked for these file extensions at the provided path:\n\n    &gt; .json, .js, .coffee, .html, .txt, .csv, .png, .jpg, .jpeg, .gif, .tif, .tiff, .zip\n\nProvide a path to an existing fixture file.\n    at Object.&lt;anonymous&gt; (C:\\Users\\vdpt0775\\AppData\\Local\\Cypress\\Cache\\9.7.0\\Cypress\\resources\\app\\packages\\server\\lib\\fixture.js:69:30)\n    at Object.tryCatcher (C:\\Users\\vdpt0775\\AppData\\Local\\Cypress\\Cache\\9.7.0\\Cypress\\resources\\app\\packages\\server\\node_modules\\bluebird\\js\\release\\util.js:16:23)\n    at Promise._settlePromiseFromHandler (C:\\Users\\vdpt0775\\AppData\\Local\\Cypress\\Cache\\9.7.0\\Cypress\\resources\\app\\packages\\server\\node_modules\\bluebird\\js\\release\\promise.js:547:31)\n    at Promise._settlePromise (C:\\Users\\vdpt0775\\AppData\\Local\\Cypress\\Cache\\9.7.0\\Cypress\\resources\\app\\packages\\server\\node_modules\\bluebird\\js\\release\\promise.js:604:18)\n    at Promise._settlePromise0 (C:\\Users\\vdpt0775\\AppData\\Local\\Cypress\\Cache\\9.7.0\\Cypress\\resources\\app\\packages\\server\\node_modules\\bluebird\\js\\release\\promise.js:649:10)\n    at Promise._settlePromises (C:\\Users\\vdpt0775\\AppData\\Local\\Cypress\\Cache\\9.7.0\\Cypress\\resources\\app\\packages\\server\\node_modules\\bluebird\\js\\release\\promise.js:729:18)\n    at Promise._fulfill (C:\\Users\\vdpt0775\\AppData\\Local\\Cypress\\Cache\\9.7.0\\Cypress\\resources\\app\\packages\\server\\node_modules\\bluebird\\js\\release\\promise.js:673:18)\n    at C:\\Users\\vdpt0775\\AppData\\Local\\Cypress\\Cache\\9.7.0\\Cypress\\resources\\app\\packages\\server\\node_modules\\bluebird\\js\\release\\nodeback.js:42:21\n    at f (C:\\Users\\vdpt0775\\AppData\\Local\\Cypress\\Cache\\9.7.0\\Cypress\\resources\\app\\node_modules\\once\\once.js:25:25)\n    at Glob.&lt;anonymous&gt; (C:\\Users\\vdpt0775\\AppData\\Local\\Cypress\\Cache\\9.7.0\\Cypress\\resources\\app\\packages\\server\\node_modules\\glob\\glob.js:151:7)\n    at Glob.emit (node:events:390:28)\n    at Glob._finish (C:\\Users\\vdpt0775\\AppData\\Local\\Cypress\\Cache\\9.7.0\\Cypress\\resources\\app\\packages\\server\\node_modules\\glob\\glob.js:197:8)\n    at done (C:\\Users\\vdpt0775\\AppData\\Local\\Cypress\\Cache\\9.7.0\\Cypress\\resources\\app\\packages\\server\\node_modules\\glob\\glob.js:182:14)\n    at Glob._processSimple2 (C:\\Users\\vdpt0775\\AppData\\Local\\Cypress\\Cache\\9.7.0\\Cypress\\resources\\app\\packages\\server\\node_modules\\glob\\glob.js:688:12)\n    at C:\\Users\\vdpt0775\\AppData\\Local\\Cypress\\Cache\\9.7.0\\Cypress\\resources\\app\\packages\\server\\node_modules\\glob\\glob.js:676:10\n    at Glob._stat2 (C:\\Users\\vdpt0775\\AppData\\Local\\Cypress\\Cache\\9.7.0\\Cypress\\resources\\app\\packages\\server\\node_modules\\glob\\glob.js:772:12)\n    at lstatcb_ (C:\\Users\\vdpt0775\\AppData\\Local\\Cypress\\Cache\\9.7.0\\Cypress\\resources\\app\\packages\\server\\node_modules\\glob\\glob.js:764:12)\n    at RES (C:\\Users\\vdpt0775\\AppData\\Local\\Cypress\\Cache\\9.7.0\\Cypress\\resources\\app\\node_modules\\inflight\\inflight.js:31:16)\n    at f (C:\\Users\\vdpt0775\\AppData\\Local\\Cypress\\Cache\\9.7.0\\Cypress\\resources\\app\\node_modules\\once\\once.js:25:25)\n    at callback (C:\\Users\\vdpt0775\\AppData\\Local\\Cypress\\Cache\\9.7.0\\Cypress\\resources\\app\\node_modules\\graceful-fs\\polyfills.js:299:20)\n    at FSReqCallback.oncomplete (node:fs:198:21)\n&quot;},&quot;uuid&quot;:&quot;3d85f56e-ae03-4000-881e-4a5a53f76e95&quot;,&quot;parentUUID&quot;:&quot;fbfc8717-a5ad-4a44-ad53-acc5000d656c&quot;,&quot;isHook&quot;:false,&quot;skipped&quot;:false},{&quot;title&quot;:&quot;KB-T41411 (1.0) Verify MLAX Product loan creation with coupon code&quot;,&quot;fullTitle&quot;:&quot;APR Calculation, MLAX Product Loan KB-T41411 (1.0) Verify MLAX Product loan creation with coupon code&quot;,&quot;duration&quot;:946,&quot;state&quot;:&quot;failed&quot;,&quot;pass&quot;:false,&quot;fail&quot;:true,&quot;pending&quot;:false,&quot;code&quot;:&quot;cy.intercept(&#x27;**/home&#x27;, {\n  fixture: &#x27;home/homePage-MLASILVER.json&#x27;\n});\ncy.intercept(&#x27;**/category?name=fplfalse&#x27;, {\n  fixture: &#x27;loan/fpl/fplPage-5k.json&#x27;\n});\ncy.intercept(&#x27;**/preloanre?productId=**&#x27;, {\n  fixture: &#x27;loan/fpl/fplLoanAmountTenurePage-preLoanRE-srcCash.json&#x27;\n});\ncy.intercept(&#x27;**/products?productId=**&#x27;, {\n  fixture: &#x27;loan/fpl/fplLoanAmountTenurePage-productID14.json&#x27;\n});\ncy.intercept(&#x27;**/products/calcfees?productid=**&#x27;, {\n  fixture: &#x27;loan/fpl/fplLoanAmountTenurePage-feescalculations.json&#x27;\n});\ncy.intercept(&#x27;**/products/verifycoupon?productid=**&#x27;, {\n  fixture: &#x27;loan/repaymentSchedulePage/verifyCouponcode.json&#x27;\n});\ncy.intercept(&#x27;**/me/bank?couponCode=**&#x27;, {\n  fixture: &#x27;bank/bankAccountVerificationPage-CouponCode.json&#x27;\n});\ncy.intercept(&#x27;**/loan/la?updateMFILimit=**&#x27;, {\n  fixture: &#x27;loan/signLoanDocumentPage-Enable-ESignAndDigFaceID.json&#x27;\n});\ncy.intercept(&#x27;**/loan/la?type=**&#x27;, {\n  fixture: &#x27;loan/fpl/sanctionPage-fund-KreditBeePVTLTD.json&#x27;\n});\ncy.intercept(&#x27;**/me/tnc/loanSanctionLetter&#x27;, {\n  fixture: &#x27;loan/loanSanctionLetterPage.json&#x27;\n});\ncy.intercept(&#x27;**/me/otp?reason=clickwrap&amp;kbloanId=**&#x27;, {\n  fixture: &#x27;otp/otp-sanctionOTP.json&#x27;\n});\ncy.visit(&#x27;/newhome&#x27;, {\n  failOnStatusCode: false\n});\n_HomePage.homePage.clickBlock2Btn();\n_FPLPage.fplPage.clickFPL4KGetNowBtn();\n_FPLLoanAmountTenurePage.fplLoanAmountTenurePage.scrollSliderselectLoanAmount();\n_FPLLoanAmountTenurePage.fplLoanAmountTenurePage.clickViewSummaryAndChargesBtn();\n_FPLLoanAmountDetailsPage.fplLoanAmountDetailsPage.clickApplyCouponCodeLabel();\n_ApplyCouponCodeOrPointsPage.applyCouponCodeOrPointsPage.enterCouponCodeInput(&#x27;MHAO16&#x27;);\n_ApplyCouponCodeOrPointsPage.applyCouponCodeOrPointsPage.clickApplyBtn();\n_FPLLoanAmountDetailsPage.fplLoanAmountDetailsPage.verifyCouponAppliedLabel(&#x27;applied successfully !&#x27;);\n_FPLLoanAmountDetailsPage.fplLoanAmountDetailsPage.clickViewRepaymentScheduleBtn();\n_RepaymentSchedulePage.repaymentSchedulePage.clickContinueBtn();\n_LoanPurposePage.loanPurposePage.selectLoanPurpose(&#x27;Medical expenses&#x27;);\n_LoanPurposePage.loanPurposePage.clickContinueBtn();\n_SelectBankAccountPage.selectBankAccountPage.clickContinueBtn();\n_SignLoanDocumentPage.signLoanDocumentPage.clickDigitalSignButton();\n_SignLoanDocumentPage.signLoanDocumentPage.clickContinueBtn();\n_KFSSanctionLetterPage.kfsSanctionLetterPage.clickContinueToSignLoanDocumentButton();\n_SignDocumentPage.signDocumentPage.verifyContinueText(&#x27;Continue&#x27;);\n_SignDocumentPage.signDocumentPage.clickContinueButton();\n_SignServicePage.signServicePage.verifyIPAddressValue(&#x27;122.185.107.110&#x27;);\n_SignServicePage.signServicePage.verifyConsentReadText(&#x27;I had carefully read the Standard Terms and Conditions and the Most important Terms and Conditions for availing loan from the lender&#x27;);\n_SignServicePage.signServicePage.verifyConsentUnderstoodText(&#x27; I had understood and read the Standard Terms and Conditions and the Most Important Terms and Conditions for availing loan from the Lender.&#x27;);\n_SignServicePage.signServicePage.verifyConsentLegalAndBindingText(&#x27; I had further understand that upon acceptance of the Standard Terms and Conditions and the Most Important Terms and Conditions for availing loan from the Lender, a legal and binding agreement shall be created between us under the Indian Contract Act, 1872 read with Information Technology Act, 2000.&#x27;);\n_SignServicePage.signServicePage.selectConsent();\n_SignServicePage.signServicePage.verifyContinueButtonText(&#x27;Continue &#x27;);\n_SignServicePage.signServicePage.clickContinueButton();\ncy.clock();\n_SignServiceOTPInputPage.signServiceOTPInputPage.enterOTP(&#x27;123456&#x27;);\ncy.tick(4000);\n_SignServiceOTPInputPage.signServiceOTPInputPage.verifyTimerValue(&#x27;(00:26)&#x27;);\ncy.visit(&#x27;/newhome&#x27;, {\n  failOnStatusCode: false\n});&quot;,&quot;err&quot;:{&quot;message&quot;:&quot;Error: An error was thrown while processing a network event: A fixture file could not be found at any of the following paths:\n\n    &gt; cypress\\fixtures\\home\\homePage-MLASILVER.json\n    &gt; cypress\\fixtures\\home\\homePage-MLASILVER.json.[ext]\n\nCypress looked for these file extensions at the provided path:\n\n    &gt; .json, .js, .coffee, .html, .txt, .csv, .png, .jpg, .jpeg, .gif, .tif, .tiff, .zip\n\nProvide a path to an existing fixture file.&quot;,&quot;estack&quot;:&quot;Error: An error was thrown while processing a network event: A fixture file could not be found at any of the following paths:\n\n    &gt; cypress\\fixtures\\home\\homePage-MLASILVER.json\n    &gt; cypress\\fixtures\\home\\homePage-MLASILVER.json.[ext]\n\nCypress looked for these file extensions at the provided path:\n\n    &gt; .json, .js, .coffee, .html, .txt, .csv, .png, .jpg, .jpeg, .gif, .tif, .tiff, .zip\n\nProvide a path to an existing fixture file.\n    at Object.&lt;anonymous&gt; (C:\\Users\\vdpt0775\\AppData\\Local\\Cypress\\Cache\\9.7.0\\Cypress\\resources\\app\\packages\\server\\lib\\fixture.js:69:30)\n    at Object.tryCatcher (C:\\Users\\vdpt0775\\AppData\\Local\\Cypress\\Cache\\9.7.0\\Cypress\\resources\\app\\packages\\server\\node_modules\\bluebird\\js\\release\\util.js:16:23)\n    at Promise._settlePromiseFromHandler (C:\\Users\\vdpt0775\\AppData\\Local\\Cypress\\Cache\\9.7.0\\Cypress\\resources\\app\\packages\\server\\node_modules\\bluebird\\js\\release\\promise.js:547:31)\n    at Promise._settlePromise (C:\\Users\\vdpt0775\\AppData\\Local\\Cypress\\Cache\\9.7.0\\Cypress\\resources\\app\\packages\\server\\node_modules\\bluebird\\js\\release\\promise.js:604:18)\n    at Promise._settlePromise0 (C:\\Users\\vdpt0775\\AppData\\Local\\Cypress\\Cache\\9.7.0\\Cypress\\resources\\app\\packages\\server\\node_modules\\bluebird\\js\\release\\promise.js:649:10)\n    at Promise._settlePromises (C:\\Users\\vdpt0775\\AppData\\Local\\Cypress\\Cache\\9.7.0\\Cypress\\resources\\app\\packages\\server\\node_modules\\bluebird\\js\\release\\promise.js:729:18)\n    at Promise._fulfill (C:\\Users\\vdpt0775\\AppData\\Local\\Cypress\\Cache\\9.7.0\\Cypress\\resources\\app\\packages\\server\\node_modules\\bluebird\\js\\release\\promise.js:673:18)\n    at C:\\Users\\vdpt0775\\AppData\\Local\\Cypress\\Cache\\9.7.0\\Cypress\\resources\\app\\packages\\server\\node_modules\\bluebird\\js\\release\\nodeback.js:42:21\n    at f (C:\\Users\\vdpt0775\\AppData\\Local\\Cypress\\Cache\\9.7.0\\Cypress\\resources\\app\\node_modules\\once\\once.js:25:25)\n    at Glob.&lt;anonymous&gt; (C:\\Users\\vdpt0775\\AppData\\Local\\Cypress\\Cache\\9.7.0\\Cypress\\resources\\app\\packages\\server\\node_modules\\glob\\glob.js:151:7)\n    at Glob.emit (node:events:390:28)\n    at Glob._finish (C:\\Users\\vdpt0775\\AppData\\Local\\Cypress\\Cache\\9.7.0\\Cypress\\resources\\app\\packages\\server\\node_modules\\glob\\glob.js:197:8)\n    at done (C:\\Users\\vdpt0775\\AppData\\Local\\Cypress\\Cache\\9.7.0\\Cypress\\resources\\app\\packages\\server\\node_modules\\glob\\glob.js:182:14)\n    at Glob._processSimple2 (C:\\Users\\vdpt0775\\AppData\\Local\\Cypress\\Cache\\9.7.0\\Cypress\\resources\\app\\packages\\server\\node_modules\\glob\\glob.js:688:12)\n    at C:\\Users\\vdpt0775\\AppData\\Local\\Cypress\\Cache\\9.7.0\\Cypress\\resources\\app\\packages\\server\\node_modules\\glob\\glob.js:676:10\n    at Glob._stat2 (C:\\Users\\vdpt0775\\AppData\\Local\\Cypress\\Cache\\9.7.0\\Cypress\\resources\\app\\packages\\server\\node_modules\\glob\\glob.js:772:12)\n    at lstatcb_ (C:\\Users\\vdpt0775\\AppData\\Local\\Cypress\\Cache\\9.7.0\\Cypress\\resources\\app\\packages\\server\\node_modules\\glob\\glob.js:764:12)\n    at RES (C:\\Users\\vdpt0775\\AppData\\Local\\Cypress\\Cache\\9.7.0\\Cypress\\resources\\app\\node_modules\\inflight\\inflight.js:31:16)\n    at f (C:\\Users\\vdpt0775\\AppData\\Local\\Cypress\\Cache\\9.7.0\\Cypress\\resources\\app\\node_modules\\once\\once.js:25:25)\n    at callback (C:\\Users\\vdpt0775\\AppData\\Local\\Cypress\\Cache\\9.7.0\\Cypress\\resources\\app\\node_modules\\graceful-fs\\polyfills.js:299:20)\n    at FSReqCallback.oncomplete (node:fs:198:21)\n&quot;},&quot;uuid&quot;:&quot;9bf8f5a5-099e-486a-a3ee-92e453c8d223&quot;,&quot;parentUUID&quot;:&quot;fbfc8717-a5ad-4a44-ad53-acc5000d656c&quot;,&quot;isHook&quot;:false,&quot;skipped&quot;:false},{&quot;title&quot;:&quot;KB-T51760 Check APR calculation for SA products in loan summary page,LFA and sanction doc, when processing fee,DocCollect Fee, agreement fee and Coupon code are applied&quot;,&quot;fullTitle&quot;:&quot;APR Calculation, MLAX Product Loan KB-T51760 Check APR calculation for SA products in loan summary page,LFA and sanction doc, when processing fee,DocCollect Fee, agreement fee and Coupon code are applied&quot;,&quot;duration&quot;:828,&quot;state&quot;:&quot;failed&quot;,&quot;pass&quot;:false,&quot;fail&quot;:true,&quot;pending&quot;:false,&quot;code&quot;:&quot;cy.intercept(&#x27;**/home&#x27;, {\n  fixture: &#x27;home/homePage-SA.json&#x27;\n});\ncy.intercept(&#x27;**/preloanre?productId=**&#x27;, {\n  fixture: &#x27;loan/sa/SA-Amount15k-Tenure6.json&#x27;\n});\ncy.intercept(&#x27;**/products?productId=5&#x27;, {\n  fixture: &#x27;loan/sa/SA-Amount15k-Tenure6-MLA2-SubbandGood-APR-Enabled.json&#x27;\n});\ncy.intercept(&#x27;**/products/calcfees?productid=**&#x27;, {\n  fixture: &#x27;loan/sa/SA-LoanAmountTenurePage-feescalculations.json&#x27;\n});\ncy.intercept(&#x27;**/products/verifycoupon?productid=**&#x27;, {\n  fixture: &#x27;loan/repaymentSchedulePage/verifyCouponcode-MHAO16.json&#x27;\n});\ncy.intercept(&#x27;**/me/bank?couponCode=**&#x27;, {\n  fixture: &#x27;bank/bankAccountVerificationPage-CouponCode.json&#x27;\n});\ncy.intercept(&#x27;**/loan/la?updateMFILimit=**&#x27;, {\n  fixture: &#x27;loan/signLoanDocumentPage-Enable-ESignAndDigFaceID.json&#x27;\n});\ncy.intercept(&#x27;**/loan/la?type=**&#x27;, {\n  fixture: &#x27;loan/sanctionPage-fund-KreditBeePVTLTD.json&#x27;\n});\ncy.intercept(&#x27;**/me/tnc/loanSanctionLetter&#x27;, {\n  fixture: &#x27;loan/loanSanctionLetterPage.json&#x27;\n});\ncy.intercept(&#x27;**/me/otp?reason=clickwrap&amp;kbloanId=**&#x27;, {\n  fixture: &#x27;otp/otp-sanctionOTP.json&#x27;\n});\ncy.visit(&#x27;/newhome&#x27;, {\n  failOnStatusCode: false\n});\n_HomePage.homePage.clickBlock1Btn();\n_SALoanAmountTenurePage.saLoanAmountTenurePage.clickViewSummaryAndChargesBtn();\n_SALoanAmountDetailsPage.saLoanAmountDetailsPage.verifyAnnualPercentageRateLabel(&#x27;Annual Percentage Rate&#x27;);\n_SALoanAmountDetailsPage.saLoanAmountDetailsPage.verifyDocumentCollectFeeLabel(&#x27;Document Collect Fee&#x27;);\n_SALoanAmountDetailsPage.saLoanAmountDetailsPage.verifyApplyCouponCodeLabel(); //    fplLoanAmountDetailsPage.clickApplyCouponCodeLabel()\n\n_ApplyCouponCodeOrPointsPage.applyCouponCodeOrPointsPage.enterCuponCodeInput(&#x27;MHAO16&#x27;);\n_ApplyCouponCodeOrPointsPage.applyCouponCodeOrPointsPage.clickApplyBtn();\n_SALoanAmountDetailsPage.saLoanAmountDetailsPage.verifyAnnualPercentageRateValue();\n_SALoanAmountDetailsPage.saLoanAmountDetailsPage.verifyAnnualPercentageRateLabel(&#x27;Annual Percentage Rate&#x27;);\n_SALoanAmountDetailsPage.saLoanAmountDetailsPage.verifyDocumentCollectFeeLabel(&#x27;Document Collect Fee&#x27;);\n_SALoanAmountDetailsPage.saLoanAmountDetailsPage.clickViewRepaymentScheduleBtn();\n_RepaymentSchedulePage.repaymentSchedulePage.clickContinueBtn();\n_LoanPurposePage.loanPurposePage.selectLoanPurpose(&#x27;Medical expenses&#x27;);\n_LoanPurposePage.loanPurposePage.clickContinueBtn();\n_SelectBankAccountPage.selectBankAccountPage.clickContinueBtn();\n_SignLoanDocumentPage.signLoanDocumentPage.clickDigitalSignButton();\n_SignLoanDocumentPage.signLoanDocumentPage.clickContinueBtn(); //kfs sanction letter - validation\n\n_KFSSanctionLetterPage.kfsSanctionLetterPage.verifyPageTitle(&#x27;KFS &amp; Sanction letter&#x27;);\n_KFSSanctionLetterPage.kfsSanctionLetterPage.verifyLoanSanctionedByLabel(&#x27;Your loan is being sanctioned by:&#x27;);\n_KFSSanctionLetterPage.kfsSanctionLetterPage.verifyLenderNameText(&#x27;Krazybee Services Private Limited.&#x27;);\n_KFSSanctionLetterPage.kfsSanctionLetterPage.verifyContinueToSignLoanDocumentText(&#x27;Continue to Sign Loan Document&#x27;);\n_KFSSanctionLetterPage.kfsSanctionLetterPage.clickContinueToSignLoanDocumentButton(); //sanction letter -validation\n\n_SignDocumentPage.signDocumentPage.verifyPageTitle(&#x27;Sign Document&#x27;);\n_SignDocumentPage.signDocumentPage.verifyInfoSignDocumentText(&#x27;These Standard Terms &amp; Conditions along with the Most Important Terms and Conditions form a legal and binding agreement upon acceptance pursuant to the Indian Contract Act, 1872 and the Information Technology Act, 2000.&#x27;);\n_SignDocumentPage.signDocumentPage.verifyContinueText(&#x27;Continue&#x27;);\n_SignDocumentPage.signDocumentPage.clickContinueButton(); //signServicePage - validation\n\n_SignServicePage.signServicePage.verifyPageTitle(&#x27;Sign Service&#x27;);\n_SignServicePage.signServicePage.verifyTransactionIDLabel(&#x27;Transaction ID:&#x27;);\n_SignServicePage.signServicePage.verifyTransactionIDValue(&#x27;KBDID20221124RQzHneocfB811837&#x27;);\n_SignServicePage.signServicePage.verifyDateAndTimeLabel(&#x27;Date &amp; Time:&#x27;);\n_SignServicePage.signServicePage.verifyDeviceIDLabel(&#x27;Device ID:&#x27;);\n_SignServicePage.signServicePage.verifyDeviceIDValue(&#x27;&#x27;);\n_SignServicePage.signServicePage.verifyIPAddressLabel(&#x27;IP Address:&#x27;);\n_SignServicePage.signServicePage.verifyIPAddressValue(&#x27;122.185.107.110&#x27;);\n_SignServicePage.signServicePage.verifyConsentReadText(&#x27;I had carefully read the Standard Terms and Conditions and the Most important Terms and Conditions for availing loan from the lender&#x27;);\n_SignServicePage.signServicePage.verifyConsentUnderstoodText(&#x27; I had understood and read the Standard Terms and Conditions and the Most Important Terms and Conditions for availing loan from the Lender.&#x27;);\n_SignServicePage.signServicePage.verifyConsentLegalAndBindingText(&#x27; I had further understand that upon acceptance of the Standard Terms and Conditions and the Most Important Terms and Conditions for availing loan from the Lender, a legal and binding agreement shall be created between us under the Indian Contract Act, 1872 read with Information Technology Act, 2000.&#x27;);\n_SignServicePage.signServicePage.selectConsent();\n_SignServicePage.signServicePage.verifyContinueButtonText(&#x27;Continue &#x27;);\n_SignServicePage.signServicePage.clickContinueButton(); // //OTP service validation\n\ncy.clock();\n_SignServiceOTPInputPage.signServiceOTPInputPage.verifyEnterOTPLabel(&#x27;Enter OTP sent to number xxxxxxx281&#x27;); //number changes w.r.t user logged in\n\n_SignServiceOTPInputPage.signServiceOTPInputPage.verifySignDocumentLabel(&#x27;Sign Document with Face ID verification in the next step&#x27;);\n_SignServiceOTPInputPage.signServiceOTPInputPage.enterOTP(&#x27;123456&#x27;);\ncy.tick(4000);\n_SignServiceOTPInputPage.signServiceOTPInputPage.verifyTimerValue(&#x27;(00:26)&#x27;);&quot;,&quot;err&quot;:{&quot;message&quot;:&quot;Error: An error was thrown while processing a network event: A fixture file could not be found at any of the following paths:\n\n    &gt; cypress\\fixtures\\home\\homePage-SA.json\n    &gt; cypress\\fixtures\\home\\homePage-SA.json.[ext]\n\nCypress looked for these file extensions at the provided path:\n\n    &gt; .json, .js, .coffee, .html, .txt, .csv, .png, .jpg, .jpeg, .gif, .tif, .tiff, .zip\n\nProvide a path to an existing fixture file.&quot;,&quot;estack&quot;:&quot;Error: An error was thrown while processing a network event: A fixture file could not be found at any of the following paths:\n\n    &gt; cypress\\fixtures\\home\\homePage-SA.json\n    &gt; cypress\\fixtures\\home\\homePage-SA.json.[ext]\n\nCypress looked for these file extensions at the provided path:\n\n    &gt; .json, .js, .coffee, .html, .txt, .csv, .png, .jpg, .jpeg, .gif, .tif, .tiff, .zip\n\nProvide a path to an existing fixture file.\n    at Object.&lt;anonymous&gt; (C:\\Users\\vdpt0775\\AppData\\Local\\Cypress\\Cache\\9.7.0\\Cypress\\resources\\app\\packages\\server\\lib\\fixture.js:69:30)\n    at Object.tryCatcher (C:\\Users\\vdpt0775\\AppData\\Local\\Cypress\\Cache\\9.7.0\\Cypress\\resources\\app\\packages\\server\\node_modules\\bluebird\\js\\release\\util.js:16:23)\n    at Promise._settlePromiseFromHandler (C:\\Users\\vdpt0775\\AppData\\Local\\Cypress\\Cache\\9.7.0\\Cypress\\resources\\app\\packages\\server\\node_modules\\bluebird\\js\\release\\promise.js:547:31)\n    at Promise._settlePromise (C:\\Users\\vdpt0775\\AppData\\Local\\Cypress\\Cache\\9.7.0\\Cypress\\resources\\app\\packages\\server\\node_modules\\bluebird\\js\\release\\promise.js:604:18)\n    at Promise._settlePromise0 (C:\\Users\\vdpt0775\\AppData\\Local\\Cypress\\Cache\\9.7.0\\Cypress\\resources\\app\\packages\\server\\node_modules\\bluebird\\js\\release\\promise.js:649:10)\n    at Promise._settlePromises (C:\\Users\\vdpt0775\\AppData\\Local\\Cypress\\Cache\\9.7.0\\Cypress\\resources\\app\\packages\\server\\node_modules\\bluebird\\js\\release\\promise.js:729:18)\n    at Promise._fulfill (C:\\Users\\vdpt0775\\AppData\\Local\\Cypress\\Cache\\9.7.0\\Cypress\\resources\\app\\packages\\server\\node_modules\\bluebird\\js\\release\\promise.js:673:18)\n    at C:\\Users\\vdpt0775\\AppData\\Local\\Cypress\\Cache\\9.7.0\\Cypress\\resources\\app\\packages\\server\\node_modules\\bluebird\\js\\release\\nodeback.js:42:21\n    at f (C:\\Users\\vdpt0775\\AppData\\Local\\Cypress\\Cache\\9.7.0\\Cypress\\resources\\app\\node_modules\\once\\once.js:25:25)\n    at Glob.&lt;anonymous&gt; (C:\\Users\\vdpt0775\\AppData\\Local\\Cypress\\Cache\\9.7.0\\Cypress\\resources\\app\\packages\\server\\node_modules\\glob\\glob.js:151:7)\n    at Glob.emit (node:events:390:28)\n    at Glob._finish (C:\\Users\\vdpt0775\\AppData\\Local\\Cypress\\Cache\\9.7.0\\Cypress\\resources\\app\\packages\\server\\node_modules\\glob\\glob.js:197:8)\n    at done (C:\\Users\\vdpt0775\\AppData\\Local\\Cypress\\Cache\\9.7.0\\Cypress\\resources\\app\\packages\\server\\node_modules\\glob\\glob.js:182:14)\n    at Glob._processSimple2 (C:\\Users\\vdpt0775\\AppData\\Local\\Cypress\\Cache\\9.7.0\\Cypress\\resources\\app\\packages\\server\\node_modules\\glob\\glob.js:688:12)\n    at C:\\Users\\vdpt0775\\AppData\\Local\\Cypress\\Cache\\9.7.0\\Cypress\\resources\\app\\packages\\server\\node_modules\\glob\\glob.js:676:10\n    at Glob._stat2 (C:\\Users\\vdpt0775\\AppData\\Local\\Cypress\\Cache\\9.7.0\\Cypress\\resources\\app\\packages\\server\\node_modules\\glob\\glob.js:772:12)\n    at lstatcb_ (C:\\Users\\vdpt0775\\AppData\\Local\\Cypress\\Cache\\9.7.0\\Cypress\\resources\\app\\packages\\server\\node_modules\\glob\\glob.js:764:12)\n    at RES (C:\\Users\\vdpt0775\\AppData\\Local\\Cypress\\Cache\\9.7.0\\Cypress\\resources\\app\\node_modules\\inflight\\inflight.js:31:16)\n    at f (C:\\Users\\vdpt0775\\AppData\\Local\\Cypress\\Cache\\9.7.0\\Cypress\\resources\\app\\node_modules\\once\\once.js:25:25)\n    at callback (C:\\Users\\vdpt0775\\AppData\\Local\\Cypress\\Cache\\9.7.0\\Cypress\\resources\\app\\node_modules\\graceful-fs\\polyfills.js:299:20)\n    at FSReqCallback.oncomplete (node:fs:198:21)\n&quot;},&quot;uuid&quot;:&quot;f1eaaada-553b-4079-85cd-3c8fb77f24de&quot;,&quot;parentUUID&quot;:&quot;fbfc8717-a5ad-4a44-ad53-acc5000d656c&quot;,&quot;isHook&quot;:false,&quot;skipped&quot;:false},{&quot;title&quot;:&quot;KB-T51748 Check APR calculation for SA products in loan summary page,LFA and sanction doc, when processing fee,Agreement fee and KB Points is applied&quot;,&quot;fullTitle&quot;:&quot;APR Calculation, MLAX Product Loan KB-T51748 Check APR calculation for SA products in loan summary page,LFA and sanction doc, when processing fee,Agreement fee and KB Points is applied&quot;,&quot;duration&quot;:1347,&quot;state&quot;:&quot;failed&quot;,&quot;pass&quot;:false,&quot;fail&quot;:true,&quot;pending&quot;:false,&quot;code&quot;:&quot;cy.intercept(&#x27;**/home&#x27;, {\n  fixture: &#x27;home/homePage-SA.json&#x27;\n});\ncy.intercept(&#x27;**/preloanre?productId=**&#x27;, {\n  fixture: &#x27;loan/sa/SA-Amount15k-Tenure6.json&#x27;\n});\ncy.intercept(&#x27;**/products?productId=5&#x27;, {\n  fixture: &#x27;loan/sa/SA-Amount15k-Tenure6-MLA2-SubbandGood-APR-Enabled.json&#x27;\n});\ncy.intercept(&#x27;**/products/calcfees?productid=**&#x27;, {\n  fixture: &#x27;loan/sa/SA-LoanAmountTenurePage-feescalculations.json&#x27;\n});\ncy.intercept(&#x27;**/products/verifycoupon?productid=**&#x27;, {\n  fixture: &#x27;loan/repaymentSchedulePage/verifyCouponcode-MHAO16.json&#x27;\n});\ncy.intercept(&#x27;**/me/bank?productid=**&#x27;, {\n  fixture: &#x27;bank/bankAccountVerifiedPage.json&#x27;\n});\ncy.intercept(&#x27;**/loan/la?updateMFILimit=**&#x27;, {\n  fixture: &#x27;loan/signLoanDocumentPage-Enable-ESignAndDigFaceID.json&#x27;\n});\ncy.intercept(&#x27;**/loan/la?type=**&#x27;, {\n  fixture: &#x27;loan/sanctionPage-fund-KreditBeePVTLTD.json&#x27;\n});\ncy.intercept(&#x27;**/me/tnc/loanSanctionLetter&#x27;, {\n  fixture: &#x27;loan/loanSanctionLetterPage.json&#x27;\n});\ncy.intercept(&#x27;**/me/otp?reason=clickwrap&amp;kbloanId=**&#x27;, {\n  fixture: &#x27;otp/otp-sanctionOTP.json&#x27;\n});\ncy.visit(&#x27;/newhome&#x27;, {\n  failOnStatusCode: false\n});\n_HomePage.homePage.clickBlock1Btn();\n_SALoanAmountTenurePage.saLoanAmountTenurePage.clickViewSummaryAndChargesBtn();\n_SALoanAmountDetailsPage.saLoanAmountDetailsPage.verifyAnnualPercentageRateLabel(&#x27;Annual Percentage Rate&#x27;);\n_SALoanAmountDetailsPage.saLoanAmountDetailsPage.verifyDocumentCollectFeeLabel(&#x27;Document Collect Fee&#x27;);\n_SALoanAmountDetailsPage.saLoanAmountDetailsPage.verifyApplyCouponCodeLabel();\n_ApplyCouponCodeOrPointsPage.applyCouponCodeOrPointsPage.clickApplyPointsBtn();\n_SALoanAmountDetailsPage.saLoanAmountDetailsPage.verifyAnnualPercentageRateValue();\n_SALoanAmountDetailsPage.saLoanAmountDetailsPage.verifyAnnualPercentageRateLabel(&#x27;Annual Percentage Rate&#x27;);\n_SALoanAmountDetailsPage.saLoanAmountDetailsPage.verifyDocumentCollectFeeLabel(&#x27;Document Collect Fee&#x27;);\n_SALoanAmountDetailsPage.saLoanAmountDetailsPage.clickViewRepaymentScheduleBtn();\n_RepaymentSchedulePage.repaymentSchedulePage.clickContinueBtn();\n_LoanPurposePage.loanPurposePage.selectLoanPurpose(&#x27;Medical expenses&#x27;);\n_LoanPurposePage.loanPurposePage.clickContinueBtn();\n_SelectBankAccountPage.selectBankAccountPage.clickContinueBtn();\n_SignLoanDocumentPage.signLoanDocumentPage.clickDigitalSignButton();\n_SignLoanDocumentPage.signLoanDocumentPage.clickContinueBtn(); //kfs sanction letter - validation\n\n_KFSSanctionLetterPage.kfsSanctionLetterPage.verifyPageTitle(&#x27;KFS &amp; Sanction letter&#x27;);\n_KFSSanctionLetterPage.kfsSanctionLetterPage.verifyLoanSanctionedByLabel(&#x27;Your loan is being sanctioned by:&#x27;);\n_KFSSanctionLetterPage.kfsSanctionLetterPage.verifyLenderNameText(&#x27;Krazybee Services Private Limited.&#x27;);\n_KFSSanctionLetterPage.kfsSanctionLetterPage.verifyContinueToSignLoanDocumentText(&#x27;Continue to Sign Loan Document&#x27;);\n_KFSSanctionLetterPage.kfsSanctionLetterPage.clickContinueToSignLoanDocumentButton(); //sanction letter -validation\n\n_SignDocumentPage.signDocumentPage.verifyPageTitle(&#x27;Sign Document&#x27;);\n_SignDocumentPage.signDocumentPage.verifyInfoSignDocumentText(&#x27;These Standard Terms &amp; Conditions along with the Most Important Terms and Conditions form a legal and binding agreement upon acceptance pursuant to the Indian Contract Act, 1872 and the Information Technology Act, 2000.&#x27;);\n_SignDocumentPage.signDocumentPage.verifyContinueText(&#x27;Continue&#x27;);\n_SignDocumentPage.signDocumentPage.clickContinueButton(); //signServicePage - validation\n\n_SignServicePage.signServicePage.verifyPageTitle(&#x27;Sign Service&#x27;);\n_SignServicePage.signServicePage.verifyTransactionIDLabel(&#x27;Transaction ID:&#x27;);\n_SignServicePage.signServicePage.verifyTransactionIDValue(&#x27;KBDID20221124RQzHneocfB811837&#x27;);\n_SignServicePage.signServicePage.verifyDateAndTimeLabel(&#x27;Date &amp; Time:&#x27;);\n_SignServicePage.signServicePage.verifyDeviceIDLabel(&#x27;Device ID:&#x27;);\n_SignServicePage.signServicePage.verifyDeviceIDValue(&#x27;&#x27;);\n_SignServicePage.signServicePage.verifyIPAddressLabel(&#x27;IP Address:&#x27;);\n_SignServicePage.signServicePage.verifyIPAddressValue(&#x27;122.185.107.110&#x27;);\n_SignServicePage.signServicePage.verifyConsentReadText(&#x27;I had carefully read the Standard Terms and Conditions and the Most important Terms and Conditions for availing loan from the lender&#x27;);\n_SignServicePage.signServicePage.verifyConsentUnderstoodText(&#x27; I had understood and read the Standard Terms and Conditions and the Most Important Terms and Conditions for availing loan from the Lender.&#x27;);\n_SignServicePage.signServicePage.verifyConsentLegalAndBindingText(&#x27; I had further understand that upon acceptance of the Standard Terms and Conditions and the Most Important Terms and Conditions for availing loan from the Lender, a legal and binding agreement shall be created between us under the Indian Contract Act, 1872 read with Information Technology Act, 2000.&#x27;);\n_SignServicePage.signServicePage.selectConsent();\n_SignServicePage.signServicePage.verifyContinueButtonText(&#x27;Continue &#x27;);\n_SignServicePage.signServicePage.clickContinueButton(); // //OTP service validation\n\ncy.clock();\n_SignServiceOTPInputPage.signServiceOTPInputPage.verifyEnterOTPLabel(&#x27;Enter OTP sent to number xxxxxxx281&#x27;); //number changes w.r.t user logged in\n\n_SignServiceOTPInputPage.signServiceOTPInputPage.verifySignDocumentLabel(&#x27;Sign Document with Face ID verification in the next step&#x27;);\n_SignServiceOTPInputPage.signServiceOTPInputPage.enterOTP(&#x27;123456&#x27;);\ncy.tick(4000);\n_SignServiceOTPInputPage.signServiceOTPInputPage.verifyTimerValue(&#x27;(00:26)&#x27;);&quot;,&quot;err&quot;:{&quot;message&quot;:&quot;Error: An error was thrown while processing a network event: A fixture file could not be found at any of the following paths:\n\n    &gt; cypress\\fixtures\\home\\homePage-SA.json\n    &gt; cypress\\fixtures\\home\\homePage-SA.json.[ext]\n\nCypress looked for these file extensions at the provided path:\n\n    &gt; .json, .js, .coffee, .html, .txt, .csv, .png, .jpg, .jpeg, .gif, .tif, .tiff, .zip\n\nProvide a path to an existing fixture file.&quot;,&quot;estack&quot;:&quot;Error: An error was thrown while processing a network event: A fixture file could not be found at any of the following paths:\n\n    &gt; cypress\\fixtures\\home\\homePage-SA.json\n    &gt; cypress\\fixtures\\home\\homePage-SA.json.[ext]\n\nCypress looked for these file extensions at the provided path:\n\n    &gt; .json, .js, .coffee, .html, .txt, .csv, .png, .jpg, .jpeg, .gif, .tif, .tiff, .zip\n\nProvide a path to an existing fixture file.\n    at Object.&lt;anonymous&gt; (C:\\Users\\vdpt0775\\AppData\\Local\\Cypress\\Cache\\9.7.0\\Cypress\\resources\\app\\packages\\server\\lib\\fixture.js:69:30)\n    at Object.tryCatcher (C:\\Users\\vdpt0775\\AppData\\Local\\Cypress\\Cache\\9.7.0\\Cypress\\resources\\app\\packages\\server\\node_modules\\bluebird\\js\\release\\util.js:16:23)\n    at Promise._settlePromiseFromHandler (C:\\Users\\vdpt0775\\AppData\\Local\\Cypress\\Cache\\9.7.0\\Cypress\\resources\\app\\packages\\server\\node_modules\\bluebird\\js\\release\\promise.js:547:31)\n    at Promise._settlePromise (C:\\Users\\vdpt0775\\AppData\\Local\\Cypress\\Cache\\9.7.0\\Cypress\\resources\\app\\packages\\server\\node_modules\\bluebird\\js\\release\\promise.js:604:18)\n    at Promise._settlePromise0 (C:\\Users\\vdpt0775\\AppData\\Local\\Cypress\\Cache\\9.7.0\\Cypress\\resources\\app\\packages\\server\\node_modules\\bluebird\\js\\release\\promise.js:649:10)\n    at Promise._settlePromises (C:\\Users\\vdpt0775\\AppData\\Local\\Cypress\\Cache\\9.7.0\\Cypress\\resources\\app\\packages\\server\\node_modules\\bluebird\\js\\release\\promise.js:729:18)\n    at Promise._fulfill (C:\\Users\\vdpt0775\\AppData\\Local\\Cypress\\Cache\\9.7.0\\Cypress\\resources\\app\\packages\\server\\node_modules\\bluebird\\js\\release\\promise.js:673:18)\n    at C:\\Users\\vdpt0775\\AppData\\Local\\Cypress\\Cache\\9.7.0\\Cypress\\resources\\app\\packages\\server\\node_modules\\bluebird\\js\\release\\nodeback.js:42:21\n    at f (C:\\Users\\vdpt0775\\AppData\\Local\\Cypress\\Cache\\9.7.0\\Cypress\\resources\\app\\node_modules\\once\\once.js:25:25)\n    at Glob.&lt;anonymous&gt; (C:\\Users\\vdpt0775\\AppData\\Local\\Cypress\\Cache\\9.7.0\\Cypress\\resources\\app\\packages\\server\\node_modules\\glob\\glob.js:151:7)\n    at Glob.emit (node:events:390:28)\n    at Glob._finish (C:\\Users\\vdpt0775\\AppData\\Local\\Cypress\\Cache\\9.7.0\\Cypress\\resources\\app\\packages\\server\\node_modules\\glob\\glob.js:197:8)\n    at done (C:\\Users\\vdpt0775\\AppData\\Local\\Cypress\\Cache\\9.7.0\\Cypress\\resources\\app\\packages\\server\\node_modules\\glob\\glob.js:182:14)\n    at Glob._processSimple2 (C:\\Users\\vdpt0775\\AppData\\Local\\Cypress\\Cache\\9.7.0\\Cypress\\resources\\app\\packages\\server\\node_modules\\glob\\glob.js:688:12)\n    at C:\\Users\\vdpt0775\\AppData\\Local\\Cypress\\Cache\\9.7.0\\Cypress\\resources\\app\\packages\\server\\node_modules\\glob\\glob.js:676:10\n    at Glob._stat2 (C:\\Users\\vdpt0775\\AppData\\Local\\Cypress\\Cache\\9.7.0\\Cypress\\resources\\app\\packages\\server\\node_modules\\glob\\glob.js:772:12)\n    at lstatcb_ (C:\\Users\\vdpt0775\\AppData\\Local\\Cypress\\Cache\\9.7.0\\Cypress\\resources\\app\\packages\\server\\node_modules\\glob\\glob.js:764:12)\n    at RES (C:\\Users\\vdpt0775\\AppData\\Local\\Cypress\\Cache\\9.7.0\\Cypress\\resources\\app\\node_modules\\inflight\\inflight.js:31:16)\n    at f (C:\\Users\\vdpt0775\\AppData\\Local\\Cypress\\Cache\\9.7.0\\Cypress\\resources\\app\\node_modules\\once\\once.js:25:25)\n    at callback (C:\\Users\\vdpt0775\\AppData\\Local\\Cypress\\Cache\\9.7.0\\Cypress\\resources\\app\\node_modules\\graceful-fs\\polyfills.js:299:20)\n    at FSReqCallback.oncomplete (node:fs:198:21)\n&quot;},&quot;uuid&quot;:&quot;c866ab2c-7c7e-4dac-a9d7-72d53d8ed65e&quot;,&quot;parentUUID&quot;:&quot;fbfc8717-a5ad-4a44-ad53-acc5000d656c&quot;,&quot;isHook&quot;:false,&quot;skipped&quot;:false}],&quot;suites&quot;:[],&quot;passes&quot;:[],&quot;failures&quot;:[&quot;10a61c05-3062-4a60-a63d-93f7a6ea21b0&quot;,&quot;72cd184f-e5c3-4881-88a6-4f131b762363&quot;,&quot;3d85f56e-ae03-4000-881e-4a5a53f76e95&quot;,&quot;9bf8f5a5-099e-486a-a3ee-92e453c8d223&quot;,&quot;f1eaaada-553b-4079-85cd-3c8fb77f24de&quot;,&quot;c866ab2c-7c7e-4dac-a9d7-72d53d8ed65e&quot;],&quot;pending&quot;:[],&quot;skipped&quot;:[],&quot;duration&quot;:5408,&quot;root&quot;:false,&quot;rootEmpty&quot;:false,&quot;_timeout&quot;:2000}],&quot;passes&quot;:[],&quot;failures&quot;:[],&quot;pending&quot;:[],&quot;skipped&quot;:[],&quot;duration&quot;:0,&quot;root&quot;:true,&quot;rootEmpty&quot;:true,&quot;_timeout&quot;:2000}],&quot;meta&quot;:{&quot;mocha&quot;:{&quot;version&quot;:&quot;7.0.1&quot;},&quot;mochawesome&quot;:{&quot;options&quot;:{&quot;quiet&quot;:false,&quot;reportFilename&quot;:&quot;mochawesome&quot;,&quot;saveHtml&quot;:true,&quot;saveJson&quot;:false,&quot;consoleReporter&quot;:&quot;spec&quot;,&quot;useInlineDiffs&quot;:false,&quot;code&quot;:true},&quot;version&quot;:&quot;7.1.3&quot;},&quot;marge&quot;:{&quot;options&quot;:{&quot;id&quot;:&quot;default&quot;,&quot;reportDir&quot;:&quot;cypress/results/json&quot;,&quot;overwrite&quot;:false,&quot;html&quot;:true,&quot;json&quot;:false},&quot;version&quot;:&quot;6.2.0&quot;}}}" data-config="{&quot;reportFilename&quot;:&quot;mochawesome&quot;,&quot;reportDir&quot;:&quot;cypress/results/json&quot;,&quot;reportTitle&quot;:&quot;sid-repo&quot;,&quot;reportPageTitle&quot;:&quot;Mochawesome Report&quot;,&quot;inline&quot;:false,&quot;inlineAssets&quot;:false,&quot;cdn&quot;:false,&quot;charts&quot;:false,&quot;enableCharts&quot;:false,&quot;code&quot;:true,&quot;enableCode&quot;:true,&quot;autoOpen&quot;:false,&quot;overwrite&quot;:false,&quot;timestamp&quot;:false,&quot;ts&quot;:false,&quot;showPassed&quot;:true,&quot;showFailed&quot;:true,&quot;showPending&quot;:true,&quot;showSkipped&quot;:false,&quot;showHooks&quot;:&quot;failed&quot;,&quot;saveJson&quot;:false,&quot;saveHtml&quot;:true,&quot;dev&quot;:false,&quot;assetsDir&quot;:&quot;cypress\\results\\json\\assets&quot;,&quot;htmlFile&quot;:&quot;C:\\LatestParalle\\sid-repo\\cypress\\results\\json\\mochawesome.html&quot;}"><div id="report"></div><script src="assets\app.js"></script></body></html>